2017-02-28 13:39:33,819:819.928884506 - ubuntu_sso.utils.translation - WARNING - Translations not found, using null translator.
2017-02-28 13:39:33,964:964.673995972 - ubuntu_sso.main - INFO - Setting up Ubuntu SSO service.
2017-02-28 13:39:34,041:41.0380363464 - ubuntu_sso.main - INFO - Ubuntu SSO service started.
2017-02-28 13:39:34,041:41.2220954895 - ubuntu_sso.account - INFO - Creating a new SSO access layer for service url u'https://login.ubuntu.com/api/1.0/'
2017-02-28 13:39:34,071:71.5529918671 - ubuntu_sso.credentials - INFO - find_credentials: self.app_name dbus.String(u'Ubuntu One'), result is {}? True
2017-02-28 13:39:34,071:71.7689990997 - ubuntu_sso.main - INFO - 'CredentialsManagement': emitting 'CredentialsNotFound' with args (dbus.String(u'Ubuntu One'),) and kwargs {}
2017-02-28 13:39:44,091:91.1660194397 - ubuntu_sso.main - INFO - Shutting down, calling <function shutdown_func at 0x7fe96bf92410>.
2017-02-28 13:44:34,663:663.983106613 - ubuntu_sso.utils.translation - WARNING - Translations not found, using null translator.
2017-02-28 13:44:34,674:674.81303215 - ubuntu_sso.main - INFO - Setting up Ubuntu SSO service.
2017-02-28 13:44:34,677:677.956104279 - ubuntu_sso.main - INFO - Ubuntu SSO service started.
2017-02-28 13:44:34,678:678.092956543 - ubuntu_sso.account - INFO - Creating a new SSO access layer for service url u'https://login.ubuntu.com/api/1.0/'
2017-02-28 13:44:34,683:683.34197998 - ubuntu_sso.credentials - INFO - find_credentials: self.app_name dbus.String(u'Ubuntu One'), result is {}? True
2017-02-28 13:44:34,683:683.509111404 - ubuntu_sso.main - INFO - 'CredentialsManagement': emitting 'CredentialsNotFound' with args (dbus.String(u'Ubuntu One'),) and kwargs {}
2017-02-28 13:44:44,692:692.91305542 - ubuntu_sso.main - INFO - Shutting down, calling <function shutdown_func at 0x7f4292c57410>.
2017-02-28 18:00:51,503:503.0169487 - ubuntu_sso.utils.translation - WARNING - Translations not found, using null translator.
2017-02-28 18:00:51,655:655.919075012 - ubuntu_sso.main - INFO - Setting up Ubuntu SSO service.
2017-02-28 18:00:51,764:764.925956726 - ubuntu_sso.main - INFO - Ubuntu SSO service started.
2017-02-28 18:00:51,765:765.058994293 - ubuntu_sso.account - INFO - Creating a new SSO access layer for service url u'https://login.ubuntu.com/api/1.0/'
2017-02-28 18:00:51,792:792.978048325 - ubuntu_sso.credentials - INFO - find_credentials: self.app_name dbus.String(u'Ubuntu One'), result is {}? True
2017-02-28 18:00:51,793:793.121099472 - ubuntu_sso.main - INFO - 'CredentialsManagement': emitting 'CredentialsNotFound' with args (dbus.String(u'Ubuntu One'),) and kwargs {}
2017-02-28 18:01:01,814:814.378976822 - ubuntu_sso.main - INFO - Shutting down, calling <function shutdown_func at 0x7f45b7159410>.
2017-02-28 18:01:02,112:112.787008286 - ubuntu_sso.utils.translation - WARNING - Translations not found, using null translator.
2017-02-28 18:01:02,125:125.128030777 - ubuntu_sso.main - INFO - Setting up Ubuntu SSO service.
2017-02-28 18:01:02,129:129.460096359 - ubuntu_sso.main - INFO - Ubuntu SSO service started.
2017-02-28 18:01:02,129:129.597902298 - ubuntu_sso.account - INFO - Creating a new SSO access layer for service url u'https://login.ubuntu.com/api/1.0/'
2017-02-28 18:01:02,135:135.946035385 - ubuntu_sso.credentials - INFO - find_credentials: self.app_name dbus.String(u'Ubuntu One'), result is {}? True
2017-02-28 18:01:02,136:136.1079216 - ubuntu_sso.main - INFO - 'CredentialsManagement': emitting 'CredentialsNotFound' with args (dbus.String(u'Ubuntu One'),) and kwargs {}
2017-02-28 18:01:12,145:145.577907562 - ubuntu_sso.main - INFO - Shutting down, calling <function shutdown_func at 0x7f44f9096410>.
2017-02-28 18:02:47,781:781.502962112 - ubuntu_sso.utils.translation - WARNING - Translations not found, using null translator.
2017-02-28 18:02:47,792:792.615890503 - ubuntu_sso.main - INFO - Setting up Ubuntu SSO service.
2017-02-28 18:02:47,796:796.883106232 - ubuntu_sso.main - INFO - Ubuntu SSO service started.
2017-02-28 18:02:47,797:797.178030014 - ubuntu_sso.account - INFO - Creating a new SSO access layer for service url u'https://login.ubuntu.com/api/1.0/'
2017-02-28 18:02:47,802:802.687883377 - ubuntu_sso.credentials - INFO - find_credentials: self.app_name dbus.String(u'Ubuntu One'), result is {}? True
2017-02-28 18:02:47,802:802.830934525 - ubuntu_sso.main - INFO - 'CredentialsManagement': emitting 'CredentialsNotFound' with args (dbus.String(u'Ubuntu One'),) and kwargs {}
2017-02-28 18:02:57,812:812.391996384 - ubuntu_sso.main - INFO - Shutting down, calling <function shutdown_func at 0x7f4fae734410>.
2017-02-28 18:07:47,891:891.153097153 - ubuntu_sso.utils.translation - WARNING - Translations not found, using null translator.
2017-02-28 18:07:47,902:902.033090591 - ubuntu_sso.main - INFO - Setting up Ubuntu SSO service.
2017-02-28 18:07:47,906:906.420946121 - ubuntu_sso.main - INFO - Ubuntu SSO service started.
2017-02-28 18:07:47,906:906.742095947 - ubuntu_sso.account - INFO - Creating a new SSO access layer for service url u'https://login.ubuntu.com/api/1.0/'
2017-02-28 18:07:47,912:912.039041519 - ubuntu_sso.credentials - INFO - find_credentials: self.app_name dbus.String(u'Ubuntu One'), result is {}? True
2017-02-28 18:07:47,912:912.168979645 - ubuntu_sso.main - INFO - 'CredentialsManagement': emitting 'CredentialsNotFound' with args (dbus.String(u'Ubuntu One'),) and kwargs {}
2017-02-28 18:07:57,921:921.681880951 - ubuntu_sso.main - INFO - Shutting down, calling <function shutdown_func at 0x7f003c0b7410>.
2017-02-28 18:47:46,898:898.291110992 - ubuntu_sso.utils.translation - WARNING - Translations not found, using null translator.
2017-02-28 18:47:46,909:909.132957458 - ubuntu_sso.main - INFO - Setting up Ubuntu SSO service.
2017-02-28 18:47:46,912:912.275075912 - ubuntu_sso.main - INFO - Ubuntu SSO service started.
2017-02-28 18:47:46,912:912.419080734 - ubuntu_sso.account - INFO - Creating a new SSO access layer for service url u'https://login.ubuntu.com/api/1.0/'
2017-02-28 18:47:46,917:917.675971985 - ubuntu_sso.credentials - INFO - find_credentials: self.app_name dbus.String(u'Ubuntu One'), result is {}? True
2017-02-28 18:47:46,917:917.814970016 - ubuntu_sso.main - INFO - 'CredentialsManagement': emitting 'CredentialsNotFound' with args (dbus.String(u'Ubuntu One'),) and kwargs {}
2017-02-28 18:47:56,927:927.349090576 - ubuntu_sso.main - INFO - Shutting down, calling <function shutdown_func at 0x7fb4fce0f410>.
2017-02-28 18:52:46,912:912.267923355 - ubuntu_sso.utils.translation - WARNING - Translations not found, using null translator.
2017-02-28 18:52:46,925:925.15206337 - ubuntu_sso.main - INFO - Setting up Ubuntu SSO service.
2017-02-28 18:52:46,929:929.914951324 - ubuntu_sso.main - INFO - Ubuntu SSO service started.
2017-02-28 18:52:46,930:930.064916611 - ubuntu_sso.account - INFO - Creating a new SSO access layer for service url u'https://login.ubuntu.com/api/1.0/'
2017-02-28 18:52:46,937:937.671899796 - ubuntu_sso.credentials - INFO - find_credentials: self.app_name dbus.String(u'Ubuntu One'), result is {}? True
2017-02-28 18:52:46,937:937.833070755 - ubuntu_sso.main - INFO - 'CredentialsManagement': emitting 'CredentialsNotFound' with args (dbus.String(u'Ubuntu One'),) and kwargs {}
2017-02-28 18:52:56,938:938.811063766 - ubuntu_sso.main - INFO - Shutting down, calling <function shutdown_func at 0x7f18bc522410>.
2017-02-28 18:57:46,892:892.663002014 - ubuntu_sso.utils.translation - WARNING - Translations not found, using null translator.
2017-02-28 18:57:46,903:903.548955917 - ubuntu_sso.main - INFO - Setting up Ubuntu SSO service.
2017-02-28 18:57:46,907:907.543897629 - ubuntu_sso.main - INFO - Ubuntu SSO service started.
2017-02-28 18:57:46,907:907.962083817 - ubuntu_sso.account - INFO - Creating a new SSO access layer for service url u'https://login.ubuntu.com/api/1.0/'
2017-02-28 18:57:46,912:912.92309761 - ubuntu_sso.credentials - INFO - find_credentials: self.app_name dbus.String(u'Ubuntu One'), result is {}? True
2017-02-28 18:57:46,913:913.058042526 - ubuntu_sso.main - INFO - 'CredentialsManagement': emitting 'CredentialsNotFound' with args (dbus.String(u'Ubuntu One'),) and kwargs {}
2017-02-28 18:57:56,922:922.605991364 - ubuntu_sso.main - INFO - Shutting down, calling <function shutdown_func at 0x7f56a7090410>.
2017-03-01 12:20:28,416:416.32604599 - ubuntu_sso.utils.translation - WARNING - Translations not found, using null translator.
2017-03-01 12:20:28,602:602.547883987 - ubuntu_sso.main - INFO - Setting up Ubuntu SSO service.
2017-03-01 12:20:28,694:694.919109344 - ubuntu_sso.main - INFO - Ubuntu SSO service started.
2017-03-01 12:20:28,695:695.14298439 - ubuntu_sso.account - INFO - Creating a new SSO access layer for service url u'https://login.ubuntu.com/api/1.0/'
2017-03-01 12:20:28,700:700.661897659 - ubuntu_sso.credentials - INFO - find_credentials: self.app_name dbus.String(u'Ubuntu One'), result is {}? True
2017-03-01 12:20:28,700:700.803995132 - ubuntu_sso.main - INFO - 'CredentialsManagement': emitting 'CredentialsNotFound' with args (dbus.String(u'Ubuntu One'),) and kwargs {}
2017-03-01 12:20:38,750:750.153064728 - ubuntu_sso.main - INFO - Shutting down, calling <function shutdown_func at 0x7f723d5e3410>.
2017-03-01 12:25:29,159:159.09910202 - ubuntu_sso.utils.translation - WARNING - Translations not found, using null translator.
2017-03-01 12:25:29,169:169.945955276 - ubuntu_sso.main - INFO - Setting up Ubuntu SSO service.
2017-03-01 12:25:29,173:173.918962479 - ubuntu_sso.main - INFO - Ubuntu SSO service started.
2017-03-01 12:25:29,174:174.065113068 - ubuntu_sso.account - INFO - Creating a new SSO access layer for service url u'https://login.ubuntu.com/api/1.0/'
2017-03-01 12:25:29,179:179.107904434 - ubuntu_sso.credentials - INFO - find_credentials: self.app_name dbus.String(u'Ubuntu One'), result is {}? True
2017-03-01 12:25:29,179:179.246902466 - ubuntu_sso.main - INFO - 'CredentialsManagement': emitting 'CredentialsNotFound' with args (dbus.String(u'Ubuntu One'),) and kwargs {}
2017-03-01 12:25:39,188:188.7819767 - ubuntu_sso.main - INFO - Shutting down, calling <function shutdown_func at 0x7f800004c410>.
2017-03-01 12:30:29,158:158.901929855 - ubuntu_sso.utils.translation - WARNING - Translations not found, using null translator.
2017-03-01 12:30:29,169:169.667005539 - ubuntu_sso.main - INFO - Setting up Ubuntu SSO service.
2017-03-01 12:30:29,213:213.092088699 - ubuntu_sso.main - INFO - Ubuntu SSO service started.
2017-03-01 12:30:29,213:213.414907455 - ubuntu_sso.account - INFO - Creating a new SSO access layer for service url u'https://login.ubuntu.com/api/1.0/'
2017-03-01 12:30:29,218:218.787908554 - ubuntu_sso.credentials - INFO - find_credentials: self.app_name dbus.String(u'Ubuntu One'), result is {}? True
2017-03-01 12:30:29,218:218.924045563 - ubuntu_sso.main - INFO - 'CredentialsManagement': emitting 'CredentialsNotFound' with args (dbus.String(u'Ubuntu One'),) and kwargs {}
2017-03-01 12:30:39,220:220.453023911 - ubuntu_sso.main - INFO - Shutting down, calling <function shutdown_func at 0x7f3c321fe410>.
2017-03-02 10:12:19,364:364.152908325 - ubuntu_sso.utils.translation - WARNING - Translations not found, using null translator.
2017-03-02 10:12:19,379:379.842996597 - ubuntu_sso.main - INFO - Setting up Ubuntu SSO service.
2017-03-02 10:12:19,418:418.41506958 - ubuntu_sso.main - INFO - Ubuntu SSO service started.
2017-03-02 10:12:19,418:418.55597496 - ubuntu_sso.account - INFO - Creating a new SSO access layer for service url u'https://login.ubuntu.com/api/1.0/'
2017-03-02 10:12:19,423:423.92206192 - ubuntu_sso.credentials - INFO - find_credentials: self.app_name dbus.String(u'Ubuntu One'), result is {}? True
2017-03-02 10:12:19,424:424.063920975 - ubuntu_sso.main - INFO - 'CredentialsManagement': emitting 'CredentialsNotFound' with args (dbus.String(u'Ubuntu One'),) and kwargs {}
2017-03-02 10:12:29,433:433.453083038 - ubuntu_sso.main - INFO - Shutting down, calling <function shutdown_func at 0x7f4f6e8f0410>.
2017-03-02 10:17:19,349:349.889993668 - ubuntu_sso.utils.translation - WARNING - Translations not found, using null translator.
2017-03-02 10:17:19,361:361.741065979 - ubuntu_sso.main - INFO - Setting up Ubuntu SSO service.
2017-03-02 10:17:19,365:365.59009552 - ubuntu_sso.main - INFO - Ubuntu SSO service started.
2017-03-02 10:17:19,365:365.761995316 - ubuntu_sso.account - INFO - Creating a new SSO access layer for service url u'https://login.ubuntu.com/api/1.0/'
2017-03-02 10:17:19,371:371.994972229 - ubuntu_sso.credentials - INFO - find_credentials: self.app_name dbus.String(u'Ubuntu One'), result is {}? True
2017-03-02 10:17:19,372:372.194051743 - ubuntu_sso.main - INFO - 'CredentialsManagement': emitting 'CredentialsNotFound' with args (dbus.String(u'Ubuntu One'),) and kwargs {}
2017-03-02 10:17:29,381:381.551980972 - ubuntu_sso.main - INFO - Shutting down, calling <function shutdown_func at 0x7fe67a92a410>.
2017-03-03 09:47:17,940:940.921068192 - ubuntu_sso.utils.translation - WARNING - Translations not found, using null translator.
2017-03-03 09:47:18,102:102.23197937 - ubuntu_sso.main - INFO - Setting up Ubuntu SSO service.
2017-03-03 09:47:18,122:122.400045395 - ubuntu_sso.main - INFO - Ubuntu SSO service started.
2017-03-03 09:47:18,122:122.540950775 - ubuntu_sso.account - INFO - Creating a new SSO access layer for service url u'https://login.ubuntu.com/api/1.0/'
2017-03-03 09:47:18,127:127.948999405 - ubuntu_sso.credentials - INFO - find_credentials: self.app_name dbus.String(u'Ubuntu One'), result is {}? True
2017-03-03 09:47:18,128:128.088951111 - ubuntu_sso.main - INFO - 'CredentialsManagement': emitting 'CredentialsNotFound' with args (dbus.String(u'Ubuntu One'),) and kwargs {}
2017-03-03 09:47:28,142:142.163991928 - ubuntu_sso.main - INFO - Shutting down, calling <function shutdown_func at 0x7f224e3e4410>.
2017-03-03 09:52:18,768:768.465995789 - ubuntu_sso.utils.translation - WARNING - Translations not found, using null translator.
2017-03-03 09:52:18,781:781.922101974 - ubuntu_sso.main - INFO - Setting up Ubuntu SSO service.
2017-03-03 09:52:18,785:785.439014435 - ubuntu_sso.main - INFO - Ubuntu SSO service started.
2017-03-03 09:52:18,785:785.603046417 - ubuntu_sso.account - INFO - Creating a new SSO access layer for service url u'https://login.ubuntu.com/api/1.0/'
2017-03-03 09:52:18,791:791.996002197 - ubuntu_sso.credentials - INFO - find_credentials: self.app_name dbus.String(u'Ubuntu One'), result is {}? True
2017-03-03 09:52:18,792:792.160987854 - ubuntu_sso.main - INFO - 'CredentialsManagement': emitting 'CredentialsNotFound' with args (dbus.String(u'Ubuntu One'),) and kwargs {}
2017-03-03 09:52:28,801:801.567077637 - ubuntu_sso.main - INFO - Shutting down, calling <function shutdown_func at 0x7f4fa4af9410>.
2017-03-06 09:34:09,345:345.308065414 - ubuntu_sso.utils.translation - WARNING - Translations not found, using null translator.
2017-03-06 09:34:09,515:515.291929245 - ubuntu_sso.main - INFO - Setting up Ubuntu SSO service.
2017-03-06 09:34:09,537:537.205934525 - ubuntu_sso.main - INFO - Ubuntu SSO service started.
2017-03-06 09:34:09,537:537.528991699 - ubuntu_sso.account - INFO - Creating a new SSO access layer for service url u'https://login.ubuntu.com/api/1.0/'
2017-03-06 09:34:09,544:544.925928116 - ubuntu_sso.credentials - INFO - find_credentials: self.app_name dbus.String(u'Ubuntu One'), result is {}? True
2017-03-06 09:34:09,545:545.104980469 - ubuntu_sso.main - INFO - 'CredentialsManagement': emitting 'CredentialsNotFound' with args (dbus.String(u'Ubuntu One'),) and kwargs {}
2017-03-06 09:34:19,565:565.907001495 - ubuntu_sso.main - INFO - Shutting down, calling <function shutdown_func at 0x7fae8057d410>.
2017-03-06 09:39:10,117:117.677927017 - ubuntu_sso.utils.translation - WARNING - Translations not found, using null translator.
2017-03-06 09:39:10,129:129.861116409 - ubuntu_sso.main - INFO - Setting up Ubuntu SSO service.
2017-03-06 09:39:10,132:132.705926895 - ubuntu_sso.main - INFO - Ubuntu SSO service started.
2017-03-06 09:39:10,132:132.889986038 - ubuntu_sso.account - INFO - Creating a new SSO access layer for service url u'https://login.ubuntu.com/api/1.0/'
2017-03-06 09:39:10,142:142.373085022 - ubuntu_sso.credentials - INFO - find_credentials: self.app_name dbus.String(u'Ubuntu One'), result is {}? True
2017-03-06 09:39:10,142:142.613887787 - ubuntu_sso.main - INFO - 'CredentialsManagement': emitting 'CredentialsNotFound' with args (dbus.String(u'Ubuntu One'),) and kwargs {}
2017-03-06 09:39:20,152:152.388095856 - ubuntu_sso.main - INFO - Shutting down, calling <function shutdown_func at 0x7f6c4703f410>.
2017-03-07 09:37:35,036:36.88788414 - ubuntu_sso.utils.translation - WARNING - Translations not found, using null translator.
2017-03-07 09:37:35,189:189.413070679 - ubuntu_sso.main - INFO - Setting up Ubuntu SSO service.
2017-03-07 09:37:35,210:210.159063339 - ubuntu_sso.main - INFO - Ubuntu SSO service started.
2017-03-07 09:37:35,210:210.388898849 - ubuntu_sso.account - INFO - Creating a new SSO access layer for service url u'https://login.ubuntu.com/api/1.0/'
2017-03-07 09:37:35,216:216.344118118 - ubuntu_sso.credentials - INFO - find_credentials: self.app_name dbus.String(u'Ubuntu One'), result is {}? True
2017-03-07 09:37:35,216:216.490030289 - ubuntu_sso.main - INFO - 'CredentialsManagement': emitting 'CredentialsNotFound' with args (dbus.String(u'Ubuntu One'),) and kwargs {}
2017-03-07 09:37:45,231:231.628894806 - ubuntu_sso.main - INFO - Shutting down, calling <function shutdown_func at 0x7fdead86d410>.
2017-03-07 09:42:35,942:942.823886871 - ubuntu_sso.utils.translation - WARNING - Translations not found, using null translator.
2017-03-07 09:42:36,025:25.5761146545 - ubuntu_sso.main - INFO - Setting up Ubuntu SSO service.
2017-03-07 09:42:36,066:66.7729377747 - ubuntu_sso.main - INFO - Ubuntu SSO service started.
2017-03-07 09:42:36,066:66.9209957123 - ubuntu_sso.account - INFO - Creating a new SSO access layer for service url u'https://login.ubuntu.com/api/1.0/'
2017-03-07 09:42:36,094:94.2709445953 - ubuntu_sso.credentials - INFO - find_credentials: self.app_name dbus.String(u'Ubuntu One'), result is {}? True
2017-03-07 09:42:36,094:94.4170951843 - ubuntu_sso.main - INFO - 'CredentialsManagement': emitting 'CredentialsNotFound' with args (dbus.String(u'Ubuntu One'),) and kwargs {}
2017-03-07 09:42:46,098:98.0019569397 - ubuntu_sso.main - INFO - Shutting down, calling <function shutdown_func at 0x7f589cd71410>.
2017-03-09 09:27:47,813:813.110113144 - ubuntu_sso.utils.translation - WARNING - Translations not found, using null translator.
2017-03-09 09:27:47,971:971.740007401 - ubuntu_sso.main - INFO - Setting up Ubuntu SSO service.
2017-03-09 09:27:48,024:24.1239070892 - ubuntu_sso.main - INFO - Ubuntu SSO service started.
2017-03-09 09:27:48,024:24.3060588837 - ubuntu_sso.account - INFO - Creating a new SSO access layer for service url u'https://login.ubuntu.com/api/1.0/'
2017-03-09 09:27:48,040:40.2541160583 - ubuntu_sso.credentials - INFO - find_credentials: self.app_name dbus.String(u'Ubuntu One'), result is {}? True
2017-03-09 09:27:48,040:40.4660701752 - ubuntu_sso.main - INFO - 'CredentialsManagement': emitting 'CredentialsNotFound' with args (dbus.String(u'Ubuntu One'),) and kwargs {}
2017-03-09 09:27:58,046:46.8111038208 - ubuntu_sso.main - INFO - Shutting down, calling <function shutdown_func at 0x7faaab492410>.
2017-03-09 09:32:48,488:488.486051559 - ubuntu_sso.utils.translation - WARNING - Translations not found, using null translator.
2017-03-09 09:32:48,499:499.353885651 - ubuntu_sso.main - INFO - Setting up Ubuntu SSO service.
2017-03-09 09:32:48,502:502.547025681 - ubuntu_sso.main - INFO - Ubuntu SSO service started.
2017-03-09 09:32:48,502:502.688884735 - ubuntu_sso.account - INFO - Creating a new SSO access layer for service url u'https://login.ubuntu.com/api/1.0/'
2017-03-09 09:32:48,508:508.121967316 - ubuntu_sso.credentials - INFO - find_credentials: self.app_name dbus.String(u'Ubuntu One'), result is {}? True
2017-03-09 09:32:48,508:508.263111115 - ubuntu_sso.main - INFO - 'CredentialsManagement': emitting 'CredentialsNotFound' with args (dbus.String(u'Ubuntu One'),) and kwargs {}
2017-03-09 09:32:58,511:511.593103409 - ubuntu_sso.main - INFO - Shutting down, calling <function shutdown_func at 0x7f81974ab410>.
2017-03-10 09:21:58,930:930.200099945 - ubuntu_sso.utils.translation - WARNING - Translations not found, using null translator.
2017-03-10 09:21:59,099:99.2870330811 - ubuntu_sso.main - INFO - Setting up Ubuntu SSO service.
2017-03-10 09:21:59,158:158.606052399 - ubuntu_sso.main - INFO - Ubuntu SSO service started.
2017-03-10 09:21:59,158:158.916950226 - ubuntu_sso.account - INFO - Creating a new SSO access layer for service url u'https://login.ubuntu.com/api/1.0/'
2017-03-10 09:21:59,163:163.863897324 - ubuntu_sso.credentials - INFO - find_credentials: self.app_name dbus.String(u'Ubuntu One'), result is {}? True
2017-03-10 09:21:59,164:164.004087448 - ubuntu_sso.main - INFO - 'CredentialsManagement': emitting 'CredentialsNotFound' with args (dbus.String(u'Ubuntu One'),) and kwargs {}
2017-03-10 09:22:09,196:196.459054947 - ubuntu_sso.main - INFO - Shutting down, calling <function shutdown_func at 0x7f32f0c50410>.
2017-03-10 09:26:59,743:743.804931641 - ubuntu_sso.utils.translation - WARNING - Translations not found, using null translator.
2017-03-10 09:26:59,757:757.714033127 - ubuntu_sso.main - INFO - Setting up Ubuntu SSO service.
2017-03-10 09:26:59,761:761.213064194 - ubuntu_sso.main - INFO - Ubuntu SSO service started.
2017-03-10 09:26:59,761:761.511087418 - ubuntu_sso.account - INFO - Creating a new SSO access layer for service url u'https://login.ubuntu.com/api/1.0/'
2017-03-10 09:26:59,767:767.049074173 - ubuntu_sso.credentials - INFO - find_credentials: self.app_name dbus.String(u'Ubuntu One'), result is {}? True
2017-03-10 09:26:59,767:767.218112946 - ubuntu_sso.main - INFO - 'CredentialsManagement': emitting 'CredentialsNotFound' with args (dbus.String(u'Ubuntu One'),) and kwargs {}
2017-03-10 09:27:09,767:767.446041107 - ubuntu_sso.main - INFO - Shutting down, calling <function shutdown_func at 0x7f66e3b58410>.
2017-03-14 09:29:41,864:864.602088928 - ubuntu_sso.utils.translation - WARNING - Translations not found, using null translator.
2017-03-14 09:29:42,017:17.6539421082 - ubuntu_sso.main - INFO - Setting up Ubuntu SSO service.
2017-03-14 09:29:42,077:77.8589248657 - ubuntu_sso.main - INFO - Ubuntu SSO service started.
2017-03-14 09:29:42,078:78.4449577332 - ubuntu_sso.account - INFO - Creating a new SSO access layer for service url u'https://login.ubuntu.com/api/1.0/'
2017-03-14 09:29:42,086:86.7080688477 - ubuntu_sso.credentials - INFO - find_credentials: self.app_name dbus.String(u'Ubuntu One'), result is {}? True
2017-03-14 09:29:42,086:86.8999958038 - ubuntu_sso.main - INFO - 'CredentialsManagement': emitting 'CredentialsNotFound' with args (dbus.String(u'Ubuntu One'),) and kwargs {}
2017-03-14 09:29:52,115:115.618944168 - ubuntu_sso.main - INFO - Shutting down, calling <function shutdown_func at 0x7f0283521410>.
2017-03-14 09:34:42,683:683.829069138 - ubuntu_sso.utils.translation - WARNING - Translations not found, using null translator.
2017-03-14 09:34:42,697:697.474956512 - ubuntu_sso.main - INFO - Setting up Ubuntu SSO service.
2017-03-14 09:34:42,709:709.201097488 - ubuntu_sso.main - INFO - Ubuntu SSO service started.
2017-03-14 09:34:42,709:709.378004074 - ubuntu_sso.account - INFO - Creating a new SSO access layer for service url u'https://login.ubuntu.com/api/1.0/'
2017-03-14 09:34:42,720:720.145940781 - ubuntu_sso.credentials - INFO - find_credentials: self.app_name dbus.String(u'Ubuntu One'), result is {}? True
2017-03-14 09:34:42,720:720.318078995 - ubuntu_sso.main - INFO - 'CredentialsManagement': emitting 'CredentialsNotFound' with args (dbus.String(u'Ubuntu One'),) and kwargs {}
2017-03-14 09:34:52,729:729.918003082 - ubuntu_sso.main - INFO - Shutting down, calling <function shutdown_func at 0x7f8ebcfad410>.
2017-03-15 09:41:30,613:613.360881805 - ubuntu_sso.utils.translation - WARNING - Translations not found, using null translator.
2017-03-15 09:41:30,783:783.257961273 - ubuntu_sso.main - INFO - Setting up Ubuntu SSO service.
2017-03-15 09:41:30,893:893.65196228 - ubuntu_sso.main - INFO - Ubuntu SSO service started.
2017-03-15 09:41:30,894:894.54293251 - ubuntu_sso.account - INFO - Creating a new SSO access layer for service url u'https://login.ubuntu.com/api/1.0/'
2017-03-15 09:41:30,922:922.71900177 - ubuntu_sso.credentials - INFO - find_credentials: self.app_name dbus.String(u'Ubuntu One'), result is {}? True
2017-03-15 09:41:30,922:922.892093658 - ubuntu_sso.main - INFO - 'CredentialsManagement': emitting 'CredentialsNotFound' with args (dbus.String(u'Ubuntu One'),) and kwargs {}
2017-03-15 09:41:40,941:941.85590744 - ubuntu_sso.main - INFO - Shutting down, calling <function shutdown_func at 0x7fe2e6eb1410>.
2017-03-15 09:46:31,387:387.860059738 - ubuntu_sso.utils.translation - WARNING - Translations not found, using null translator.
2017-03-15 09:46:31,398:398.79488945 - ubuntu_sso.main - INFO - Setting up Ubuntu SSO service.
2017-03-15 09:46:31,401:401.823997498 - ubuntu_sso.main - INFO - Ubuntu SSO service started.
2017-03-15 09:46:31,401:401.961088181 - ubuntu_sso.account - INFO - Creating a new SSO access layer for service url u'https://login.ubuntu.com/api/1.0/'
2017-03-15 09:46:31,407:407.380104065 - ubuntu_sso.credentials - INFO - find_credentials: self.app_name dbus.String(u'Ubuntu One'), result is {}? True
2017-03-15 09:46:31,407:407.52196312 - ubuntu_sso.main - INFO - 'CredentialsManagement': emitting 'CredentialsNotFound' with args (dbus.String(u'Ubuntu One'),) and kwargs {}
2017-03-15 09:46:41,417:417.088031769 - ubuntu_sso.main - INFO - Shutting down, calling <function shutdown_func at 0x7f21182ae410>.
2017-03-16 09:41:55,954:954.113960266 - ubuntu_sso.utils.translation - WARNING - Translations not found, using null translator.
2017-03-16 09:41:56,107:107.244968414 - ubuntu_sso.main - INFO - Setting up Ubuntu SSO service.
2017-03-16 09:41:56,261:261.156082153 - ubuntu_sso.main - INFO - Ubuntu SSO service started.
2017-03-16 09:41:56,261:261.957883835 - ubuntu_sso.account - INFO - Creating a new SSO access layer for service url u'https://login.ubuntu.com/api/1.0/'
2017-03-16 09:41:56,270:270.129919052 - ubuntu_sso.credentials - INFO - find_credentials: self.app_name dbus.String(u'Ubuntu One'), result is {}? True
2017-03-16 09:41:56,270:270.311117172 - ubuntu_sso.main - INFO - 'CredentialsManagement': emitting 'CredentialsNotFound' with args (dbus.String(u'Ubuntu One'),) and kwargs {}
2017-03-16 09:42:06,300:300.636053085 - ubuntu_sso.main - INFO - Shutting down, calling <function shutdown_func at 0x7fed3ede1410>.
2017-03-16 09:46:56,731:731.678962708 - ubuntu_sso.utils.translation - WARNING - Translations not found, using null translator.
2017-03-16 09:46:56,742:742.543935776 - ubuntu_sso.main - INFO - Setting up Ubuntu SSO service.
2017-03-16 09:46:56,745:745.637893677 - ubuntu_sso.main - INFO - Ubuntu SSO service started.
2017-03-16 09:46:56,745:745.77999115 - ubuntu_sso.account - INFO - Creating a new SSO access layer for service url u'https://login.ubuntu.com/api/1.0/'
2017-03-16 09:46:56,751:751.254081726 - ubuntu_sso.credentials - INFO - find_credentials: self.app_name dbus.String(u'Ubuntu One'), result is {}? True
2017-03-16 09:46:56,751:751.398086548 - ubuntu_sso.main - INFO - 'CredentialsManagement': emitting 'CredentialsNotFound' with args (dbus.String(u'Ubuntu One'),) and kwargs {}
2017-03-16 09:47:06,751:751.580953598 - ubuntu_sso.main - INFO - Shutting down, calling <function shutdown_func at 0x7fbaaaa28410>.
2017-03-16 14:20:56,743:743.140935898 - ubuntu_sso.utils.translation - WARNING - Translations not found, using null translator.
2017-03-16 14:20:56,754:754.998922348 - ubuntu_sso.main - INFO - Setting up Ubuntu SSO service.
2017-03-16 14:20:56,772:772.401094437 - ubuntu_sso.main - INFO - Ubuntu SSO service started.
2017-03-16 14:20:56,772:772.552013397 - ubuntu_sso.account - INFO - Creating a new SSO access layer for service url u'https://login.ubuntu.com/api/1.0/'
2017-03-16 14:20:56,779:779.326915741 - ubuntu_sso.credentials - INFO - find_credentials: self.app_name dbus.String(u'Ubuntu One'), result is {}? True
2017-03-16 14:20:56,779:779.505968094 - ubuntu_sso.main - INFO - 'CredentialsManagement': emitting 'CredentialsNotFound' with args (dbus.String(u'Ubuntu One'),) and kwargs {}
2017-03-16 14:21:06,787:787.915945053 - ubuntu_sso.main - INFO - Shutting down, calling <function shutdown_func at 0x7f5ffc3e5410>.
2017-03-16 14:25:56,725:725.496053696 - ubuntu_sso.utils.translation - WARNING - Translations not found, using null translator.
2017-03-16 14:25:56,736:736.764907837 - ubuntu_sso.main - INFO - Setting up Ubuntu SSO service.
2017-03-16 14:25:56,740:740.345001221 - ubuntu_sso.main - INFO - Ubuntu SSO service started.
2017-03-16 14:25:56,742:742.388010025 - ubuntu_sso.account - INFO - Creating a new SSO access layer for service url u'https://login.ubuntu.com/api/1.0/'
2017-03-16 14:25:56,750:750.806093216 - ubuntu_sso.credentials - INFO - find_credentials: self.app_name dbus.String(u'Ubuntu One'), result is {}? True
2017-03-16 14:25:56,751:751.005887985 - ubuntu_sso.main - INFO - 'CredentialsManagement': emitting 'CredentialsNotFound' with args (dbus.String(u'Ubuntu One'),) and kwargs {}
2017-03-16 14:26:06,759:759.089946747 - ubuntu_sso.main - INFO - Shutting down, calling <function shutdown_func at 0x7fd223f3c410>.
2017-03-17 09:20:07,663:663.925886154 - ubuntu_sso.utils.translation - WARNING - Translations not found, using null translator.
2017-03-17 09:20:07,824:824.537992477 - ubuntu_sso.main - INFO - Setting up Ubuntu SSO service.
2017-03-17 09:20:07,883:883.522987366 - ubuntu_sso.main - INFO - Ubuntu SSO service started.
2017-03-17 09:20:07,883:883.87799263 - ubuntu_sso.account - INFO - Creating a new SSO access layer for service url u'https://login.ubuntu.com/api/1.0/'
2017-03-17 09:20:07,893:893.958091736 - ubuntu_sso.credentials - INFO - find_credentials: self.app_name dbus.String(u'Ubuntu One'), result is {}? True
2017-03-17 09:20:07,894:894.182920456 - ubuntu_sso.main - INFO - 'CredentialsManagement': emitting 'CredentialsNotFound' with args (dbus.String(u'Ubuntu One'),) and kwargs {}
2017-03-17 09:20:17,930:930.047035217 - ubuntu_sso.main - INFO - Shutting down, calling <function shutdown_func at 0x7fc611ea2410>.
2017-03-17 09:25:08,432:432.152032852 - ubuntu_sso.utils.translation - WARNING - Translations not found, using null translator.
2017-03-17 09:25:08,448:448.446035385 - ubuntu_sso.main - INFO - Setting up Ubuntu SSO service.
2017-03-17 09:25:08,452:452.328920364 - ubuntu_sso.main - INFO - Ubuntu SSO service started.
2017-03-17 09:25:08,452:452.634096146 - ubuntu_sso.account - INFO - Creating a new SSO access layer for service url u'https://login.ubuntu.com/api/1.0/'
2017-03-17 09:25:08,457:457.894086838 - ubuntu_sso.credentials - INFO - find_credentials: self.app_name dbus.String(u'Ubuntu One'), result is {}? True
2017-03-17 09:25:08,458:458.030939102 - ubuntu_sso.main - INFO - 'CredentialsManagement': emitting 'CredentialsNotFound' with args (dbus.String(u'Ubuntu One'),) and kwargs {}
2017-03-17 09:25:18,458:458.390951157 - ubuntu_sso.main - INFO - Shutting down, calling <function shutdown_func at 0x7f9f737ad410>.
2017-03-20 09:45:31,891:891.792058945 - ubuntu_sso.utils.translation - WARNING - Translations not found, using null translator.
2017-03-20 09:45:32,044:44.7549819946 - ubuntu_sso.main - INFO - Setting up Ubuntu SSO service.
2017-03-20 09:45:32,104:104.481935501 - ubuntu_sso.main - INFO - Ubuntu SSO service started.
2017-03-20 09:45:32,104:104.690074921 - ubuntu_sso.account - INFO - Creating a new SSO access layer for service url u'https://login.ubuntu.com/api/1.0/'
2017-03-20 09:45:32,114:114.365100861 - ubuntu_sso.credentials - INFO - find_credentials: self.app_name dbus.String(u'Ubuntu One'), result is {}? True
2017-03-20 09:45:32,114:114.602088928 - ubuntu_sso.main - INFO - 'CredentialsManagement': emitting 'CredentialsNotFound' with args (dbus.String(u'Ubuntu One'),) and kwargs {}
2017-03-20 09:45:42,150:150.65407753 - ubuntu_sso.main - INFO - Shutting down, calling <function shutdown_func at 0x7f5aaf4d9410>.
2017-03-20 09:50:32,642:642.512083054 - ubuntu_sso.utils.translation - WARNING - Translations not found, using null translator.
2017-03-20 09:50:32,653:653.439998627 - ubuntu_sso.main - INFO - Setting up Ubuntu SSO service.
2017-03-20 09:50:32,657:657.581090927 - ubuntu_sso.main - INFO - Ubuntu SSO service started.
2017-03-20 09:50:32,657:657.720088959 - ubuntu_sso.account - INFO - Creating a new SSO access layer for service url u'https://login.ubuntu.com/api/1.0/'
2017-03-20 09:50:32,662:662.765026093 - ubuntu_sso.credentials - INFO - find_credentials: self.app_name dbus.String(u'Ubuntu One'), result is {}? True
2017-03-20 09:50:32,662:662.900924683 - ubuntu_sso.main - INFO - 'CredentialsManagement': emitting 'CredentialsNotFound' with args (dbus.String(u'Ubuntu One'),) and kwargs {}
2017-03-20 09:50:42,671:671.783924103 - ubuntu_sso.main - INFO - Shutting down, calling <function shutdown_func at 0x7fd5163af410>.
2017-03-21 09:29:45,278:278.815031052 - ubuntu_sso.utils.translation - WARNING - Translations not found, using null translator.
2017-03-21 09:29:45,431:431.135892868 - ubuntu_sso.main - INFO - Setting up Ubuntu SSO service.
2017-03-21 09:29:45,492:492.10691452 - ubuntu_sso.main - INFO - Ubuntu SSO service started.
2017-03-21 09:29:45,492:492.311954498 - ubuntu_sso.account - INFO - Creating a new SSO access layer for service url u'https://login.ubuntu.com/api/1.0/'
2017-03-21 09:29:45,499:499.109983444 - ubuntu_sso.credentials - INFO - find_credentials: self.app_name dbus.String(u'Ubuntu One'), result is {}? True
2017-03-21 09:29:45,499:499.262094498 - ubuntu_sso.main - INFO - 'CredentialsManagement': emitting 'CredentialsNotFound' with args (dbus.String(u'Ubuntu One'),) and kwargs {}
2017-03-21 09:29:55,531:531.056880951 - ubuntu_sso.main - INFO - Shutting down, calling <function shutdown_func at 0x7f0294824410>.
2017-03-21 09:34:46,130:130.95498085 - ubuntu_sso.utils.translation - WARNING - Translations not found, using null translator.
2017-03-21 09:34:46,145:145.24102211 - ubuntu_sso.main - INFO - Setting up Ubuntu SSO service.
2017-03-21 09:34:46,149:149.943113327 - ubuntu_sso.main - INFO - Ubuntu SSO service started.
2017-03-21 09:34:46,150:150.116920471 - ubuntu_sso.account - INFO - Creating a new SSO access layer for service url u'https://login.ubuntu.com/api/1.0/'
2017-03-21 09:34:46,157:157.072067261 - ubuntu_sso.credentials - INFO - find_credentials: self.app_name dbus.String(u'Ubuntu One'), result is {}? True
2017-03-21 09:34:46,157:157.248973846 - ubuntu_sso.main - INFO - 'CredentialsManagement': emitting 'CredentialsNotFound' with args (dbus.String(u'Ubuntu One'),) and kwargs {}
2017-03-21 09:34:56,160:160.234928131 - ubuntu_sso.main - INFO - Shutting down, calling <function shutdown_func at 0x7fd7700c1410>.
2017-03-22 09:10:16,491:491.83011055 - ubuntu_sso.utils.translation - WARNING - Translations not found, using null translator.
2017-03-22 09:10:16,648:648.562908173 - ubuntu_sso.main - INFO - Setting up Ubuntu SSO service.
2017-03-22 09:10:16,707:707.972049713 - ubuntu_sso.main - INFO - Ubuntu SSO service started.
2017-03-22 09:10:16,708:708.18901062 - ubuntu_sso.account - INFO - Creating a new SSO access layer for service url u'https://login.ubuntu.com/api/1.0/'
2017-03-22 09:10:16,738:738.291025162 - ubuntu_sso.credentials - INFO - find_credentials: self.app_name dbus.String(u'Ubuntu One'), result is {}? True
2017-03-22 09:10:16,738:738.5160923 - ubuntu_sso.main - INFO - 'CredentialsManagement': emitting 'CredentialsNotFound' with args (dbus.String(u'Ubuntu One'),) and kwargs {}
2017-03-22 09:10:26,755:755.734920502 - ubuntu_sso.main - INFO - Shutting down, calling <function shutdown_func at 0x7f330e8d8410>.
2017-03-22 09:15:17,300:300.224065781 - ubuntu_sso.utils.translation - WARNING - Translations not found, using null translator.
2017-03-22 09:15:17,313:313.970088959 - ubuntu_sso.main - INFO - Setting up Ubuntu SSO service.
2017-03-22 09:15:17,317:317.997932434 - ubuntu_sso.main - INFO - Ubuntu SSO service started.
2017-03-22 09:15:17,318:318.150997162 - ubuntu_sso.account - INFO - Creating a new SSO access layer for service url u'https://login.ubuntu.com/api/1.0/'
2017-03-22 09:15:17,324:324.465990067 - ubuntu_sso.credentials - INFO - find_credentials: self.app_name dbus.String(u'Ubuntu One'), result is {}? True
2017-03-22 09:15:17,324:324.6281147 - ubuntu_sso.main - INFO - 'CredentialsManagement': emitting 'CredentialsNotFound' with args (dbus.String(u'Ubuntu One'),) and kwargs {}
2017-03-22 09:15:27,334:334.059000015 - ubuntu_sso.main - INFO - Shutting down, calling <function shutdown_func at 0x7f32101e7410>.
2017-03-23 09:25:18,447:447.1180439 - ubuntu_sso.utils.translation - WARNING - Translations not found, using null translator.
2017-03-23 09:25:18,600:600.049972534 - ubuntu_sso.main - INFO - Setting up Ubuntu SSO service.
2017-03-23 09:25:18,659:659.859895706 - ubuntu_sso.main - INFO - Ubuntu SSO service started.
2017-03-23 09:25:18,660:660.111904144 - ubuntu_sso.account - INFO - Creating a new SSO access layer for service url u'https://login.ubuntu.com/api/1.0/'
2017-03-23 09:25:18,665:665.160894394 - ubuntu_sso.credentials - INFO - find_credentials: self.app_name dbus.String(u'Ubuntu One'), result is {}? True
2017-03-23 09:25:18,665:665.309906006 - ubuntu_sso.main - INFO - 'CredentialsManagement': emitting 'CredentialsNotFound' with args (dbus.String(u'Ubuntu One'),) and kwargs {}
2017-03-23 09:25:28,697:697.676897049 - ubuntu_sso.main - INFO - Shutting down, calling <function shutdown_func at 0x7ff87c341410>.
2017-03-23 09:30:19,273:273.703098297 - ubuntu_sso.utils.translation - WARNING - Translations not found, using null translator.
2017-03-23 09:30:19,284:284.611940384 - ubuntu_sso.main - INFO - Setting up Ubuntu SSO service.
2017-03-23 09:30:19,287:287.966966629 - ubuntu_sso.main - INFO - Ubuntu SSO service started.
2017-03-23 09:30:19,288:288.110971451 - ubuntu_sso.account - INFO - Creating a new SSO access layer for service url u'https://login.ubuntu.com/api/1.0/'
2017-03-23 09:30:19,293:293.422937393 - ubuntu_sso.credentials - INFO - find_credentials: self.app_name dbus.String(u'Ubuntu One'), result is {}? True
2017-03-23 09:30:19,293:293.56098175 - ubuntu_sso.main - INFO - 'CredentialsManagement': emitting 'CredentialsNotFound' with args (dbus.String(u'Ubuntu One'),) and kwargs {}
2017-03-23 09:30:29,303:303.088903427 - ubuntu_sso.main - INFO - Shutting down, calling <function shutdown_func at 0x7f9f5de8c410>.
2017-03-24 09:34:49,886:886.02399826 - ubuntu_sso.utils.translation - WARNING - Translations not found, using null translator.
2017-03-24 09:34:50,055:55.5639266968 - ubuntu_sso.main - INFO - Setting up Ubuntu SSO service.
2017-03-24 09:34:50,126:126.310110092 - ubuntu_sso.main - INFO - Ubuntu SSO service started.
2017-03-24 09:34:50,127:127.068042755 - ubuntu_sso.account - INFO - Creating a new SSO access layer for service url u'https://login.ubuntu.com/api/1.0/'
2017-03-24 09:34:50,141:141.144037247 - ubuntu_sso.credentials - INFO - find_credentials: self.app_name dbus.String(u'Ubuntu One'), result is {}? True
2017-03-24 09:34:50,141:141.419887543 - ubuntu_sso.main - INFO - 'CredentialsManagement': emitting 'CredentialsNotFound' with args (dbus.String(u'Ubuntu One'),) and kwargs {}
2017-03-24 09:35:00,178:178.253889084 - ubuntu_sso.main - INFO - Shutting down, calling <function shutdown_func at 0x7f4ead6c7410>.
2017-03-24 09:39:50,709:709.642887115 - ubuntu_sso.utils.translation - WARNING - Translations not found, using null translator.
2017-03-24 09:39:50,723:723.167896271 - ubuntu_sso.main - INFO - Setting up Ubuntu SSO service.
2017-03-24 09:39:50,727:727.31590271 - ubuntu_sso.main - INFO - Ubuntu SSO service started.
2017-03-24 09:39:50,727:727.802991867 - ubuntu_sso.account - INFO - Creating a new SSO access layer for service url u'https://login.ubuntu.com/api/1.0/'
2017-03-24 09:39:50,733:733.94203186 - ubuntu_sso.credentials - INFO - find_credentials: self.app_name dbus.String(u'Ubuntu One'), result is {}? True
2017-03-24 09:39:50,734:734.098911285 - ubuntu_sso.main - INFO - 'CredentialsManagement': emitting 'CredentialsNotFound' with args (dbus.String(u'Ubuntu One'),) and kwargs {}
2017-03-24 09:40:00,743:743.683099747 - ubuntu_sso.main - INFO - Shutting down, calling <function shutdown_func at 0x7f1dec84d410>.
2017-03-27 09:21:00,544:544.032096863 - ubuntu_sso.utils.translation - WARNING - Translations not found, using null translator.
2017-03-27 09:21:00,688:688.616037369 - ubuntu_sso.main - INFO - Setting up Ubuntu SSO service.
2017-03-27 09:21:00,747:747.555971146 - ubuntu_sso.main - INFO - Ubuntu SSO service started.
2017-03-27 09:21:00,747:747.776985168 - ubuntu_sso.account - INFO - Creating a new SSO access layer for service url u'https://login.ubuntu.com/api/1.0/'
2017-03-27 09:21:00,753:753.113985062 - ubuntu_sso.credentials - INFO - find_credentials: self.app_name dbus.String(u'Ubuntu One'), result is {}? True
2017-03-27 09:21:00,753:753.251075745 - ubuntu_sso.main - INFO - 'CredentialsManagement': emitting 'CredentialsNotFound' with args (dbus.String(u'Ubuntu One'),) and kwargs {}
2017-03-27 09:21:10,779:779.442071915 - ubuntu_sso.main - INFO - Shutting down, calling <function shutdown_func at 0x7f6747deb410>.
2017-03-27 09:26:01,359:359.757900238 - ubuntu_sso.utils.translation - WARNING - Translations not found, using null translator.
2017-03-27 09:26:01,370:370.666027069 - ubuntu_sso.main - INFO - Setting up Ubuntu SSO service.
2017-03-27 09:26:01,374:374.172925949 - ubuntu_sso.main - INFO - Ubuntu SSO service started.
2017-03-27 09:26:01,374:374.316930771 - ubuntu_sso.account - INFO - Creating a new SSO access layer for service url u'https://login.ubuntu.com/api/1.0/'
2017-03-27 09:26:01,379:379.575967789 - ubuntu_sso.credentials - INFO - find_credentials: self.app_name dbus.String(u'Ubuntu One'), result is {}? True
2017-03-27 09:26:01,379:379.70995903 - ubuntu_sso.main - INFO - 'CredentialsManagement': emitting 'CredentialsNotFound' with args (dbus.String(u'Ubuntu One'),) and kwargs {}
2017-03-27 09:26:11,383:383.908033371 - ubuntu_sso.main - INFO - Shutting down, calling <function shutdown_func at 0x7fb5cd328410>.
2017-03-28 09:20:54,734:734.492063522 - ubuntu_sso.utils.translation - WARNING - Translations not found, using null translator.
2017-03-28 09:20:54,886:886.084079742 - ubuntu_sso.main - INFO - Setting up Ubuntu SSO service.
2017-03-28 09:20:55,032:32.0539474487 - ubuntu_sso.main - INFO - Ubuntu SSO service started.
2017-03-28 09:20:55,032:32.2630405426 - ubuntu_sso.account - INFO - Creating a new SSO access layer for service url u'https://login.ubuntu.com/api/1.0/'
2017-03-28 09:20:55,040:40.5049324036 - ubuntu_sso.credentials - INFO - find_credentials: self.app_name dbus.String(u'Ubuntu One'), result is {}? True
2017-03-28 09:20:55,040:40.7140254974 - ubuntu_sso.main - INFO - 'CredentialsManagement': emitting 'CredentialsNotFound' with args (dbus.String(u'Ubuntu One'),) and kwargs {}
2017-03-28 09:21:05,066:66.4219856262 - ubuntu_sso.main - INFO - Shutting down, calling <function shutdown_func at 0x7f221c76a410>.
2017-03-28 09:25:55,545:545.376062393 - ubuntu_sso.utils.translation - WARNING - Translations not found, using null translator.
2017-03-28 09:25:55,556:556.402921677 - ubuntu_sso.main - INFO - Setting up Ubuntu SSO service.
2017-03-28 09:25:55,560:560.254096985 - ubuntu_sso.main - INFO - Ubuntu SSO service started.
2017-03-28 09:25:55,560:560.395002365 - ubuntu_sso.account - INFO - Creating a new SSO access layer for service url u'https://login.ubuntu.com/api/1.0/'
2017-03-28 09:25:55,565:565.736055374 - ubuntu_sso.credentials - INFO - find_credentials: self.app_name dbus.String(u'Ubuntu One'), result is {}? True
2017-03-28 09:25:55,565:565.877914429 - ubuntu_sso.main - INFO - 'CredentialsManagement': emitting 'CredentialsNotFound' with args (dbus.String(u'Ubuntu One'),) and kwargs {}
2017-03-28 09:26:05,575:575.412034988 - ubuntu_sso.main - INFO - Shutting down, calling <function shutdown_func at 0x7f5c83b05410>.
2017-03-29 09:08:52,937:937.019109726 - ubuntu_sso.utils.translation - WARNING - Translations not found, using null translator.
2017-03-29 09:08:53,105:105.036020279 - ubuntu_sso.main - INFO - Setting up Ubuntu SSO service.
2017-03-29 09:08:53,707:707.998991013 - ubuntu_sso.main - INFO - Ubuntu SSO service started.
2017-03-29 09:08:53,708:708.144903183 - ubuntu_sso.account - INFO - Creating a new SSO access layer for service url u'https://login.ubuntu.com/api/1.0/'
2017-03-29 09:08:53,714:714.667081833 - ubuntu_sso.credentials - INFO - find_credentials: self.app_name dbus.String(u'Ubuntu One'), result is {}? True
2017-03-29 09:08:53,714:714.853048325 - ubuntu_sso.main - INFO - 'CredentialsManagement': emitting 'CredentialsNotFound' with args (dbus.String(u'Ubuntu One'),) and kwargs {}
2017-03-29 09:09:03,747:747.494935989 - ubuntu_sso.main - INFO - Shutting down, calling <function shutdown_func at 0x7f15a60dd410>.
2017-03-29 09:13:53,779:779.88910675 - ubuntu_sso.utils.translation - WARNING - Translations not found, using null translator.
2017-03-29 09:13:53,790:790.775060654 - ubuntu_sso.main - INFO - Setting up Ubuntu SSO service.
2017-03-29 09:13:53,794:794.758081436 - ubuntu_sso.main - INFO - Ubuntu SSO service started.
2017-03-29 09:13:53,795:795.070886612 - ubuntu_sso.account - INFO - Creating a new SSO access layer for service url u'https://login.ubuntu.com/api/1.0/'
2017-03-29 09:13:53,800:800.081968307 - ubuntu_sso.credentials - INFO - find_credentials: self.app_name dbus.String(u'Ubuntu One'), result is {}? True
2017-03-29 09:13:53,800:800.21905899 - ubuntu_sso.main - INFO - 'CredentialsManagement': emitting 'CredentialsNotFound' with args (dbus.String(u'Ubuntu One'),) and kwargs {}
2017-03-29 09:14:03,805:805.955886841 - ubuntu_sso.main - INFO - Shutting down, calling <function shutdown_func at 0x7f6acc8a2410>.
2017-03-29 16:14:35,497:497.510910034 - ubuntu_sso.utils.translation - WARNING - Translations not found, using null translator.
2017-03-29 16:14:35,550:550.518989563 - ubuntu_sso.main - INFO - Setting up Ubuntu SSO service.
2017-03-29 16:14:35,589:589.469909668 - ubuntu_sso.main - INFO - Ubuntu SSO service started.
2017-03-29 16:14:35,589:589.605093002 - ubuntu_sso.account - INFO - Creating a new SSO access layer for service url u'https://login.ubuntu.com/api/1.0/'
2017-03-29 16:14:35,596:596.837043762 - ubuntu_sso.credentials - INFO - find_credentials: self.app_name dbus.String(u'Ubuntu One'), result is {}? True
2017-03-29 16:14:35,596:596.99010849 - ubuntu_sso.main - INFO - 'CredentialsManagement': emitting 'CredentialsNotFound' with args (dbus.String(u'Ubuntu One'),) and kwargs {}
2017-03-29 16:14:43,561:561.275005341 - ubuntu_sso.credentials - INFO - find_credentials: self.app_name dbus.String(u'Ubuntu One'), result is {}? True
2017-03-29 16:14:43,561:561.484098434 - ubuntu_sso.main - INFO - 'CredentialsManagement': emitting 'CredentialsNotFound' with args (dbus.String(u'Ubuntu One'),) and kwargs {}
2017-03-29 16:14:45,597:597.258090973 - ubuntu_sso.main - INFO - Shutting down, calling <function shutdown_func at 0x7fd503701410>.
2017-03-30 09:10:46,949:949.095010757 - ubuntu_sso.utils.translation - WARNING - Translations not found, using null translator.
2017-03-30 09:10:47,102:102.113008499 - ubuntu_sso.main - INFO - Setting up Ubuntu SSO service.
2017-03-30 09:10:47,161:161.396980286 - ubuntu_sso.main - INFO - Ubuntu SSO service started.
2017-03-30 09:10:47,161:161.539077759 - ubuntu_sso.account - INFO - Creating a new SSO access layer for service url u'https://login.ubuntu.com/api/1.0/'
2017-03-30 09:10:47,167:167.109966278 - ubuntu_sso.credentials - INFO - find_credentials: self.app_name dbus.String(u'Ubuntu One'), result is {}? True
2017-03-30 09:10:47,167:167.249917984 - ubuntu_sso.main - INFO - 'CredentialsManagement': emitting 'CredentialsNotFound' with args (dbus.String(u'Ubuntu One'),) and kwargs {}
2017-03-30 09:10:57,197:197.164058685 - ubuntu_sso.main - INFO - Shutting down, calling <function shutdown_func at 0x7f692f7e8410>.
2017-03-30 09:15:47,722:722.695112228 - ubuntu_sso.utils.translation - WARNING - Translations not found, using null translator.
2017-03-30 09:15:47,734:734.071969986 - ubuntu_sso.main - INFO - Setting up Ubuntu SSO service.
2017-03-30 09:15:47,737:737.951040268 - ubuntu_sso.main - INFO - Ubuntu SSO service started.
2017-03-30 09:15:47,738:738.231897354 - ubuntu_sso.account - INFO - Creating a new SSO access layer for service url u'https://login.ubuntu.com/api/1.0/'
2017-03-30 09:15:47,743:743.34192276 - ubuntu_sso.credentials - INFO - find_credentials: self.app_name dbus.String(u'Ubuntu One'), result is {}? True
2017-03-30 09:15:47,743:743.498086929 - ubuntu_sso.main - INFO - 'CredentialsManagement': emitting 'CredentialsNotFound' with args (dbus.String(u'Ubuntu One'),) and kwargs {}
2017-03-30 09:15:57,751:751.981019974 - ubuntu_sso.main - INFO - Shutting down, calling <function shutdown_func at 0x7fc5ed650410>.
2017-03-31 09:16:07,856:856.499910355 - ubuntu_sso.utils.translation - WARNING - Translations not found, using null translator.
2017-03-31 09:16:08,009:9.31310653687 - ubuntu_sso.main - INFO - Setting up Ubuntu SSO service.
2017-03-31 09:16:08,074:74.4950771332 - ubuntu_sso.main - INFO - Ubuntu SSO service started.
2017-03-31 09:16:08,075:75.2449035645 - ubuntu_sso.account - INFO - Creating a new SSO access layer for service url u'https://login.ubuntu.com/api/1.0/'
2017-03-31 09:16:08,091:91.9699668884 - ubuntu_sso.credentials - INFO - find_credentials: self.app_name dbus.String(u'Ubuntu One'), result is {}? True
2017-03-31 09:16:08,092:92.3099517822 - ubuntu_sso.main - INFO - 'CredentialsManagement': emitting 'CredentialsNotFound' with args (dbus.String(u'Ubuntu One'),) and kwargs {}
2017-03-31 09:16:18,132:132.339000702 - ubuntu_sso.main - INFO - Shutting down, calling <function shutdown_func at 0x7f24a67ce410>.
2017-03-31 09:21:08,709:709.693908691 - ubuntu_sso.utils.translation - WARNING - Translations not found, using null translator.
2017-03-31 09:21:08,723:723.10090065 - ubuntu_sso.main - INFO - Setting up Ubuntu SSO service.
2017-03-31 09:21:08,727:727.500915527 - ubuntu_sso.main - INFO - Ubuntu SSO service started.
2017-03-31 09:21:08,727:727.655887604 - ubuntu_sso.account - INFO - Creating a new SSO access layer for service url u'https://login.ubuntu.com/api/1.0/'
2017-03-31 09:21:08,733:733.581066132 - ubuntu_sso.credentials - INFO - find_credentials: self.app_name dbus.String(u'Ubuntu One'), result is {}? True
2017-03-31 09:21:08,733:733.736991882 - ubuntu_sso.main - INFO - 'CredentialsManagement': emitting 'CredentialsNotFound' with args (dbus.String(u'Ubuntu One'),) and kwargs {}
2017-03-31 09:21:18,734:734.081983566 - ubuntu_sso.main - INFO - Shutting down, calling <function shutdown_func at 0x7f8d31c04410>.
2017-04-03 09:38:03,819:819.6849823 - ubuntu_sso.utils.translation - WARNING - Translations not found, using null translator.
2017-04-03 09:38:03,972:972.590923309 - ubuntu_sso.main - INFO - Setting up Ubuntu SSO service.
2017-04-03 09:38:04,031:31.809091568 - ubuntu_sso.main - INFO - Ubuntu SSO service started.
2017-04-03 09:38:04,032:32.0520401001 - ubuntu_sso.account - INFO - Creating a new SSO access layer for service url u'https://login.ubuntu.com/api/1.0/'
2017-04-03 09:38:04,052:52.7460575104 - ubuntu_sso.credentials - INFO - find_credentials: self.app_name dbus.String(u'Ubuntu One'), result is {}? True
2017-04-03 09:38:04,052:52.8869628906 - ubuntu_sso.main - INFO - 'CredentialsManagement': emitting 'CredentialsNotFound' with args (dbus.String(u'Ubuntu One'),) and kwargs {}
2017-04-03 09:38:14,064:64.0549659729 - ubuntu_sso.main - INFO - Shutting down, calling <function shutdown_func at 0x7f96c045d410>.
2017-04-03 09:43:04,577:577.528953552 - ubuntu_sso.utils.translation - WARNING - Translations not found, using null translator.
2017-04-03 09:43:04,588:588.663101196 - ubuntu_sso.main - INFO - Setting up Ubuntu SSO service.
2017-04-03 09:43:04,592:592.046022415 - ubuntu_sso.main - INFO - Ubuntu SSO service started.
2017-04-03 09:43:04,592:592.190980911 - ubuntu_sso.account - INFO - Creating a new SSO access layer for service url u'https://login.ubuntu.com/api/1.0/'
2017-04-03 09:43:04,597:597.27191925 - ubuntu_sso.credentials - INFO - find_credentials: self.app_name dbus.String(u'Ubuntu One'), result is {}? True
2017-04-03 09:43:04,597:597.410917282 - ubuntu_sso.main - INFO - 'CredentialsManagement': emitting 'CredentialsNotFound' with args (dbus.String(u'Ubuntu One'),) and kwargs {}
2017-04-03 09:43:14,606:606.844902039 - ubuntu_sso.main - INFO - Shutting down, calling <function shutdown_func at 0x7fc03327f410>.
2017-04-03 11:44:02,587:587.805986404 - ubuntu_sso.utils.translation - WARNING - Translations not found, using null translator.
2017-04-03 11:44:02,600:600.92997551 - ubuntu_sso.main - INFO - Setting up Ubuntu SSO service.
2017-04-03 11:44:02,607:607.60307312 - ubuntu_sso.main - INFO - Ubuntu SSO service started.
2017-04-03 11:44:02,607:607.805013657 - ubuntu_sso.account - INFO - Creating a new SSO access layer for service url u'https://login.ubuntu.com/api/1.0/'
2017-04-03 11:44:02,614:614.445924759 - ubuntu_sso.credentials - INFO - find_credentials: self.app_name dbus.String(u'Ubuntu One'), result is {}? True
2017-04-03 11:44:02,614:614.651918411 - ubuntu_sso.main - INFO - 'CredentialsManagement': emitting 'CredentialsNotFound' with args (dbus.String(u'Ubuntu One'),) and kwargs {}
2017-04-03 11:44:12,621:621.299982071 - ubuntu_sso.main - INFO - Shutting down, calling <function shutdown_func at 0x7ff96a9e2410>.
2017-04-03 19:51:27,254:254.692077637 - ubuntu_sso.utils.translation - WARNING - Translations not found, using null translator.
2017-04-03 19:51:27,268:268.183946609 - ubuntu_sso.main - INFO - Setting up Ubuntu SSO service.
2017-04-03 19:51:27,272:272.233963013 - ubuntu_sso.main - INFO - Ubuntu SSO service started.
2017-04-03 19:51:27,272:272.697925568 - ubuntu_sso.account - INFO - Creating a new SSO access layer for service url u'https://login.ubuntu.com/api/1.0/'
2017-04-03 19:51:27,279:279.057979584 - ubuntu_sso.credentials - INFO - find_credentials: self.app_name dbus.String(u'Ubuntu One'), result is {}? True
2017-04-03 19:51:27,279:279.223918915 - ubuntu_sso.main - INFO - 'CredentialsManagement': emitting 'CredentialsNotFound' with args (dbus.String(u'Ubuntu One'),) and kwargs {}
2017-04-03 19:51:37,279:279.756069183 - ubuntu_sso.main - INFO - Shutting down, calling <function shutdown_func at 0x7f3051023410>.
2017-04-04 17:45:58,732:732.230901718 - ubuntu_sso.utils.translation - WARNING - Translations not found, using null translator.
2017-04-04 17:45:58,884:884.819984436 - ubuntu_sso.main - INFO - Setting up Ubuntu SSO service.
2017-04-04 17:45:58,944:944.233894348 - ubuntu_sso.main - INFO - Ubuntu SSO service started.
2017-04-04 17:45:58,944:944.37289238 - ubuntu_sso.account - INFO - Creating a new SSO access layer for service url u'https://login.ubuntu.com/api/1.0/'
2017-04-04 17:45:58,949:949.538946152 - ubuntu_sso.credentials - INFO - find_credentials: self.app_name dbus.String(u'Ubuntu One'), result is {}? True
2017-04-04 17:45:58,949:949.680089951 - ubuntu_sso.main - INFO - 'CredentialsManagement': emitting 'CredentialsNotFound' with args (dbus.String(u'Ubuntu One'),) and kwargs {}
2017-04-04 17:46:08,976:976.660966873 - ubuntu_sso.main - INFO - Shutting down, calling <function shutdown_func at 0x7f5241fa6410>.
2017-04-04 17:50:59,515:515.403985977 - ubuntu_sso.utils.translation - WARNING - Translations not found, using null translator.
2017-04-04 17:50:59,526:526.252031326 - ubuntu_sso.main - INFO - Setting up Ubuntu SSO service.
2017-04-04 17:50:59,529:529.371023178 - ubuntu_sso.main - INFO - Ubuntu SSO service started.
2017-04-04 17:50:59,529:529.515028 - ubuntu_sso.account - INFO - Creating a new SSO access layer for service url u'https://login.ubuntu.com/api/1.0/'
2017-04-04 17:50:59,534:534.88111496 - ubuntu_sso.credentials - INFO - find_credentials: self.app_name dbus.String(u'Ubuntu One'), result is {}? True
2017-04-04 17:50:59,535:535.021066666 - ubuntu_sso.main - INFO - 'CredentialsManagement': emitting 'CredentialsNotFound' with args (dbus.String(u'Ubuntu One'),) and kwargs {}
2017-04-04 17:51:09,542:542.398929596 - ubuntu_sso.main - INFO - Shutting down, calling <function shutdown_func at 0x7f0341a6e410>.
2017-04-05 19:20:41,367:367.430925369 - ubuntu_sso.utils.translation - WARNING - Translations not found, using null translator.
2017-04-05 19:20:41,529:529.03008461 - ubuntu_sso.main - INFO - Setting up Ubuntu SSO service.
2017-04-05 19:20:41,592:592.336893082 - ubuntu_sso.main - INFO - Ubuntu SSO service started.
2017-04-05 19:20:41,593:593.689918518 - ubuntu_sso.account - INFO - Creating a new SSO access layer for service url u'https://login.ubuntu.com/api/1.0/'
2017-04-05 19:20:41,607:607.289075851 - ubuntu_sso.credentials - INFO - find_credentials: self.app_name dbus.String(u'Ubuntu One'), result is {}? True
2017-04-05 19:20:41,607:607.575893402 - ubuntu_sso.main - INFO - 'CredentialsManagement': emitting 'CredentialsNotFound' with args (dbus.String(u'Ubuntu One'),) and kwargs {}
2017-04-05 19:20:51,643:643.279075623 - ubuntu_sso.main - INFO - Shutting down, calling <function shutdown_func at 0x7fe64d44b410>.
2017-04-05 19:25:42,655:655.683994293 - ubuntu_sso.utils.translation - WARNING - Translations not found, using null translator.
2017-04-05 19:25:42,669:669.680118561 - ubuntu_sso.main - INFO - Setting up Ubuntu SSO service.
2017-04-05 19:25:42,698:698.975086212 - ubuntu_sso.main - INFO - Ubuntu SSO service started.
2017-04-05 19:25:42,699:699.121952057 - ubuntu_sso.account - INFO - Creating a new SSO access layer for service url u'https://login.ubuntu.com/api/1.0/'
2017-04-05 19:25:42,727:727.371931076 - ubuntu_sso.credentials - INFO - find_credentials: self.app_name dbus.String(u'Ubuntu One'), result is {}? True
2017-04-05 19:25:42,727:727.652072906 - ubuntu_sso.main - INFO - 'CredentialsManagement': emitting 'CredentialsNotFound' with args (dbus.String(u'Ubuntu One'),) and kwargs {}
2017-04-05 19:25:52,737:737.500905991 - ubuntu_sso.main - INFO - Shutting down, calling <function shutdown_func at 0x7fc4d17b0410>.
2017-04-06 19:42:15,012:12.510061264 - ubuntu_sso.utils.translation - WARNING - Translations not found, using null translator.
2017-04-06 19:42:15,164:164.971113205 - ubuntu_sso.main - INFO - Setting up Ubuntu SSO service.
2017-04-06 19:42:15,307:307.70611763 - ubuntu_sso.main - INFO - Ubuntu SSO service started.
2017-04-06 19:42:15,307:307.87396431 - ubuntu_sso.account - INFO - Creating a new SSO access layer for service url u'https://login.ubuntu.com/api/1.0/'
2017-04-06 19:42:15,335:335.933923721 - ubuntu_sso.credentials - INFO - find_credentials: self.app_name dbus.String(u'Ubuntu One'), result is {}? True
2017-04-06 19:42:15,336:336.090087891 - ubuntu_sso.main - INFO - 'CredentialsManagement': emitting 'CredentialsNotFound' with args (dbus.String(u'Ubuntu One'),) and kwargs {}
2017-04-06 19:42:25,357:357.095003128 - ubuntu_sso.main - INFO - Shutting down, calling <function shutdown_func at 0x7fec87574410>.
2017-04-06 19:47:15,812:812.674045563 - ubuntu_sso.utils.translation - WARNING - Translations not found, using null translator.
2017-04-06 19:47:15,825:825.701951981 - ubuntu_sso.main - INFO - Setting up Ubuntu SSO service.
2017-04-06 19:47:15,829:829.221010208 - ubuntu_sso.main - INFO - Ubuntu SSO service started.
2017-04-06 19:47:15,829:829.375982285 - ubuntu_sso.account - INFO - Creating a new SSO access layer for service url u'https://login.ubuntu.com/api/1.0/'
2017-04-06 19:47:15,835:835.479974747 - ubuntu_sso.credentials - INFO - find_credentials: self.app_name dbus.String(u'Ubuntu One'), result is {}? True
2017-04-06 19:47:15,835:835.63709259 - ubuntu_sso.main - INFO - 'CredentialsManagement': emitting 'CredentialsNotFound' with args (dbus.String(u'Ubuntu One'),) and kwargs {}
2017-04-06 19:47:25,836:836.10200882 - ubuntu_sso.main - INFO - Shutting down, calling <function shutdown_func at 0x7f22ab7f9410>.
2017-04-07 01:28:13,800:800.340890884 - ubuntu_sso.utils.translation - WARNING - Translations not found, using null translator.
2017-04-07 01:28:13,816:816.577911377 - ubuntu_sso.main - INFO - Setting up Ubuntu SSO service.
2017-04-07 01:28:13,819:819.658041 - ubuntu_sso.main - INFO - Ubuntu SSO service started.
2017-04-07 01:28:13,819:819.818973541 - ubuntu_sso.account - INFO - Creating a new SSO access layer for service url u'https://login.ubuntu.com/api/1.0/'
2017-04-07 01:28:13,830:830.478906631 - ubuntu_sso.credentials - INFO - find_credentials: self.app_name dbus.String(u'Ubuntu One'), result is {}? True
2017-04-07 01:28:13,831:831.255912781 - ubuntu_sso.main - INFO - 'CredentialsManagement': emitting 'CredentialsNotFound' with args (dbus.String(u'Ubuntu One'),) and kwargs {}
2017-04-07 01:28:21,595:595.197916031 - ubuntu_sso.credentials - INFO - find_credentials: self.app_name dbus.String(u'Ubuntu One'), result is {}? True
2017-04-07 01:28:21,595:595.356941223 - ubuntu_sso.main - INFO - 'CredentialsManagement': emitting 'CredentialsNotFound' with args (dbus.String(u'Ubuntu One'),) and kwargs {}
2017-04-07 01:28:23,832:832.69405365 - ubuntu_sso.main - INFO - Shutting down, calling <function shutdown_func at 0x7f3765260410>.
2017-04-07 19:32:33,000:0.350952148438 - ubuntu_sso.utils.translation - WARNING - Translations not found, using null translator.
2017-04-07 19:32:33,159:159.262895584 - ubuntu_sso.main - INFO - Setting up Ubuntu SSO service.
2017-04-07 19:32:33,211:211.2429142 - ubuntu_sso.main - INFO - Ubuntu SSO service started.
2017-04-07 19:32:33,211:211.388111115 - ubuntu_sso.account - INFO - Creating a new SSO access layer for service url u'https://login.ubuntu.com/api/1.0/'
2017-04-07 19:32:33,246:246.36888504 - ubuntu_sso.credentials - INFO - find_credentials: self.app_name dbus.String(u'Ubuntu One'), result is {}? True
2017-04-07 19:32:33,246:246.519088745 - ubuntu_sso.main - INFO - 'CredentialsManagement': emitting 'CredentialsNotFound' with args (dbus.String(u'Ubuntu One'),) and kwargs {}
2017-04-07 19:32:43,247:247.405052185 - ubuntu_sso.main - INFO - Shutting down, calling <function shutdown_func at 0x7f53698e7410>.
2017-04-07 19:37:33,783:783.374071121 - ubuntu_sso.utils.translation - WARNING - Translations not found, using null translator.
2017-04-07 19:37:33,794:794.404029846 - ubuntu_sso.main - INFO - Setting up Ubuntu SSO service.
2017-04-07 19:37:33,799:799.125909805 - ubuntu_sso.main - INFO - Ubuntu SSO service started.
2017-04-07 19:37:33,799:799.268960953 - ubuntu_sso.account - INFO - Creating a new SSO access layer for service url u'https://login.ubuntu.com/api/1.0/'
2017-04-07 19:37:33,804:804.300069809 - ubuntu_sso.credentials - INFO - find_credentials: self.app_name dbus.String(u'Ubuntu One'), result is {}? True
2017-04-07 19:37:33,804:804.441928864 - ubuntu_sso.main - INFO - 'CredentialsManagement': emitting 'CredentialsNotFound' with args (dbus.String(u'Ubuntu One'),) and kwargs {}
2017-04-07 19:37:43,805:805.613994598 - ubuntu_sso.main - INFO - Shutting down, calling <function shutdown_func at 0x7f2a06f10410>.
2017-04-10 19:11:42,106:106.839895248 - ubuntu_sso.utils.translation - WARNING - Translations not found, using null translator.
2017-04-10 19:11:42,266:266.153097153 - ubuntu_sso.main - INFO - Setting up Ubuntu SSO service.
2017-04-10 19:11:42,325:325.980901718 - ubuntu_sso.main - INFO - Ubuntu SSO service started.
2017-04-10 19:11:42,326:326.12490654 - ubuntu_sso.account - INFO - Creating a new SSO access layer for service url u'https://login.ubuntu.com/api/1.0/'
2017-04-10 19:11:42,331:331.351995468 - ubuntu_sso.credentials - INFO - find_credentials: self.app_name dbus.String(u'Ubuntu One'), result is {}? True
2017-04-10 19:11:42,331:331.489086151 - ubuntu_sso.main - INFO - 'CredentialsManagement': emitting 'CredentialsNotFound' with args (dbus.String(u'Ubuntu One'),) and kwargs {}
2017-04-10 19:11:52,363:363.204956055 - ubuntu_sso.main - INFO - Shutting down, calling <function shutdown_func at 0x7f75ca167410>.
2017-04-10 19:16:42,946:946.45690918 - ubuntu_sso.utils.translation - WARNING - Translations not found, using null translator.
2017-04-10 19:16:42,957:957.391023636 - ubuntu_sso.main - INFO - Setting up Ubuntu SSO service.
2017-04-10 19:16:42,961:961.417913437 - ubuntu_sso.main - INFO - Ubuntu SSO service started.
2017-04-10 19:16:42,961:961.555957794 - ubuntu_sso.account - INFO - Creating a new SSO access layer for service url u'https://login.ubuntu.com/api/1.0/'
2017-04-10 19:16:42,966:966.590881348 - ubuntu_sso.credentials - INFO - find_credentials: self.app_name dbus.String(u'Ubuntu One'), result is {}? True
2017-04-10 19:16:42,966:966.730117798 - ubuntu_sso.main - INFO - 'CredentialsManagement': emitting 'CredentialsNotFound' with args (dbus.String(u'Ubuntu One'),) and kwargs {}
2017-04-10 19:16:52,967:967.753887177 - ubuntu_sso.main - INFO - Shutting down, calling <function shutdown_func at 0x7f85bd2c4410>.
2017-04-10 23:18:17,088:88.8779163361 - ubuntu_sso.utils.translation - WARNING - Translations not found, using null translator.
2017-04-10 23:18:17,165:165.546894073 - ubuntu_sso.main - INFO - Setting up Ubuntu SSO service.
2017-04-10 23:18:17,247:247.215032578 - ubuntu_sso.main - INFO - Ubuntu SSO service started.
2017-04-10 23:18:17,247:247.361898422 - ubuntu_sso.account - INFO - Creating a new SSO access layer for service url u'https://login.ubuntu.com/api/1.0/'
2017-04-10 23:18:18,107:107.711076736 - ubuntu_sso.credentials - INFO - find_credentials: self.app_name dbus.String(u'Ubuntu One'), result is {}? True
2017-04-10 23:18:18,108:108.022928238 - ubuntu_sso.main - INFO - 'CredentialsManagement': emitting 'CredentialsNotFound' with args (dbus.String(u'Ubuntu One'),) and kwargs {}
2017-04-10 23:18:29,685:685.017108917 - ubuntu_sso.main - INFO - Shutting down, calling <function shutdown_func at 0x7feaaefab410>.
2017-04-10 23:18:32,774:774.092912674 - ubuntu_sso.utils.translation - WARNING - Translations not found, using null translator.
2017-04-10 23:18:32,800:800.184965134 - ubuntu_sso.main - INFO - Setting up Ubuntu SSO service.
2017-04-10 23:18:32,803:803.397893906 - ubuntu_sso.main - INFO - Ubuntu SSO service started.
2017-04-10 23:18:32,803:803.527116776 - ubuntu_sso.account - INFO - Creating a new SSO access layer for service url u'https://login.ubuntu.com/api/1.0/'
2017-04-10 23:18:32,808:808.959007263 - ubuntu_sso.credentials - INFO - find_credentials: self.app_name dbus.String(u'Ubuntu One'), result is {}? True
2017-04-10 23:18:32,809:809.093952179 - ubuntu_sso.main - INFO - 'CredentialsManagement': emitting 'CredentialsNotFound' with args (dbus.String(u'Ubuntu One'),) and kwargs {}
2017-04-10 23:18:42,817:817.04211235 - ubuntu_sso.main - INFO - Shutting down, calling <function shutdown_func at 0x7fe5ef534410>.
2017-04-11 19:41:30,243:243.094921112 - ubuntu_sso.utils.translation - WARNING - Translations not found, using null translator.
2017-04-11 19:41:30,409:409.802913666 - ubuntu_sso.main - INFO - Setting up Ubuntu SSO service.
2017-04-11 19:41:30,461:461.479902267 - ubuntu_sso.main - INFO - Ubuntu SSO service started.
2017-04-11 19:41:30,461:461.623907089 - ubuntu_sso.account - INFO - Creating a new SSO access layer for service url u'https://login.ubuntu.com/api/1.0/'
2017-04-11 19:41:30,496:496.31690979 - ubuntu_sso.credentials - INFO - find_credentials: self.app_name dbus.String(u'Ubuntu One'), result is {}? True
2017-04-11 19:41:30,496:496.469020844 - ubuntu_sso.main - INFO - 'CredentialsManagement': emitting 'CredentialsNotFound' with args (dbus.String(u'Ubuntu One'),) and kwargs {}
2017-04-11 19:41:40,513:513.025045395 - ubuntu_sso.main - INFO - Shutting down, calling <function shutdown_func at 0x7facbe949410>.
2017-04-11 19:46:31,010:10.0920200348 - ubuntu_sso.utils.translation - WARNING - Translations not found, using null translator.
2017-04-11 19:46:31,021:21.8679904938 - ubuntu_sso.main - INFO - Setting up Ubuntu SSO service.
2017-04-11 19:46:31,025:25.3169536591 - ubuntu_sso.main - INFO - Ubuntu SSO service started.
2017-04-11 19:46:31,025:25.4650115967 - ubuntu_sso.account - INFO - Creating a new SSO access layer for service url u'https://login.ubuntu.com/api/1.0/'
2017-04-11 19:46:31,031:31.042098999 - ubuntu_sso.credentials - INFO - find_credentials: self.app_name dbus.String(u'Ubuntu One'), result is {}? True
2017-04-11 19:46:31,031:31.2020778656 - ubuntu_sso.main - INFO - 'CredentialsManagement': emitting 'CredentialsNotFound' with args (dbus.String(u'Ubuntu One'),) and kwargs {}
2017-04-11 19:46:41,033:33.9870452881 - ubuntu_sso.main - INFO - Shutting down, calling <function shutdown_func at 0x7f2545c9d410>.
2017-04-12 18:53:29,864:864.742994308 - ubuntu_sso.utils.translation - WARNING - Translations not found, using null translator.
2017-04-12 18:53:30,017:17.6839828491 - ubuntu_sso.main - INFO - Setting up Ubuntu SSO service.
2017-04-12 18:53:30,076:76.7459869385 - ubuntu_sso.main - INFO - Ubuntu SSO service started.
2017-04-12 18:53:30,077:77.1610736847 - ubuntu_sso.account - INFO - Creating a new SSO access layer for service url u'https://login.ubuntu.com/api/1.0/'
2017-04-12 18:53:30,086:86.9140625 - ubuntu_sso.credentials - INFO - find_credentials: self.app_name dbus.String(u'Ubuntu One'), result is {}? True
2017-04-12 18:53:30,087:87.1360301971 - ubuntu_sso.main - INFO - 'CredentialsManagement': emitting 'CredentialsNotFound' with args (dbus.String(u'Ubuntu One'),) and kwargs {}
2017-04-12 18:53:40,114:114.361047745 - ubuntu_sso.main - INFO - Shutting down, calling <function shutdown_func at 0x7fb71debd410>.
2017-04-12 18:58:30,639:639.601945877 - ubuntu_sso.utils.translation - WARNING - Translations not found, using null translator.
2017-04-12 18:58:30,650:650.635004044 - ubuntu_sso.main - INFO - Setting up Ubuntu SSO service.
2017-04-12 18:58:30,654:654.349088669 - ubuntu_sso.main - INFO - Ubuntu SSO service started.
2017-04-12 18:58:30,654:654.586076736 - ubuntu_sso.account - INFO - Creating a new SSO access layer for service url u'https://login.ubuntu.com/api/1.0/'
2017-04-12 18:58:30,659:659.544944763 - ubuntu_sso.credentials - INFO - find_credentials: self.app_name dbus.String(u'Ubuntu One'), result is {}? True
2017-04-12 18:58:30,659:659.698963165 - ubuntu_sso.main - INFO - 'CredentialsManagement': emitting 'CredentialsNotFound' with args (dbus.String(u'Ubuntu One'),) and kwargs {}
2017-04-12 18:58:40,662:662.727117538 - ubuntu_sso.main - INFO - Shutting down, calling <function shutdown_func at 0x7f29b0717410>.
2017-04-14 19:32:08,373:373.333930969 - ubuntu_sso.utils.translation - WARNING - Translations not found, using null translator.
2017-04-14 19:32:08,536:536.894083023 - ubuntu_sso.main - INFO - Setting up Ubuntu SSO service.
2017-04-14 19:32:08,596:596.436977386 - ubuntu_sso.main - INFO - Ubuntu SSO service started.
2017-04-14 19:32:08,596:596.730947495 - ubuntu_sso.account - INFO - Creating a new SSO access layer for service url u'https://login.ubuntu.com/api/1.0/'
2017-04-14 19:32:08,606:606.950044632 - ubuntu_sso.credentials - INFO - find_credentials: self.app_name dbus.String(u'Ubuntu One'), result is {}? True
2017-04-14 19:32:08,607:607.14006424 - ubuntu_sso.main - INFO - 'CredentialsManagement': emitting 'CredentialsNotFound' with args (dbus.String(u'Ubuntu One'),) and kwargs {}
2017-04-14 19:32:18,642:642.931938171 - ubuntu_sso.main - INFO - Shutting down, calling <function shutdown_func at 0x7fa16a170488>.
2017-04-14 19:37:09,108:108.7911129 - ubuntu_sso.utils.translation - WARNING - Translations not found, using null translator.
2017-04-14 19:37:09,119:119.98295784 - ubuntu_sso.main - INFO - Setting up Ubuntu SSO service.
2017-04-14 19:37:09,123:123.281955719 - ubuntu_sso.main - INFO - Ubuntu SSO service started.
2017-04-14 19:37:09,123:123.420953751 - ubuntu_sso.account - INFO - Creating a new SSO access layer for service url u'https://login.ubuntu.com/api/1.0/'
2017-04-14 19:37:09,128:128.640890121 - ubuntu_sso.credentials - INFO - find_credentials: self.app_name dbus.String(u'Ubuntu One'), result is {}? True
2017-04-14 19:37:09,128:128.782987595 - ubuntu_sso.main - INFO - 'CredentialsManagement': emitting 'CredentialsNotFound' with args (dbus.String(u'Ubuntu One'),) and kwargs {}
2017-04-14 19:37:19,128:128.987073898 - ubuntu_sso.main - INFO - Shutting down, calling <function shutdown_func at 0x7f714d8c0488>.
2017-04-18 04:30:26,154:154.262065887 - ubuntu_sso.utils.translation - WARNING - Translations not found, using null translator.
2017-04-18 04:30:27,057:57.6319694519 - ubuntu_sso.main - INFO - Setting up Ubuntu SSO service.
2017-04-18 04:30:27,579:579.144001007 - ubuntu_sso.main - INFO - Ubuntu SSO service started.
2017-04-18 04:30:27,579:579.540014267 - ubuntu_sso.account - INFO - Creating a new SSO access layer for service url u'https://login.ubuntu.com/api/1.0/'
2017-04-18 04:30:27,609:609.564065933 - ubuntu_sso.credentials - INFO - find_credentials: self.app_name dbus.String(u'Ubuntu One'), result is {}? True
2017-04-18 04:30:27,609:609.913110733 - ubuntu_sso.main - INFO - 'CredentialsManagement': emitting 'CredentialsNotFound' with args (dbus.String(u'Ubuntu One'),) and kwargs {}
2017-04-18 04:30:37,641:641.123056412 - ubuntu_sso.main - INFO - Shutting down, calling <function shutdown_func at 0x7ff8d5780488>.
2017-04-18 04:35:28,034:34.7321033478 - ubuntu_sso.utils.translation - WARNING - Translations not found, using null translator.
2017-04-18 04:35:28,047:47.1360683441 - ubuntu_sso.main - INFO - Setting up Ubuntu SSO service.
2017-04-18 04:35:28,050:50.6091117859 - ubuntu_sso.main - INFO - Ubuntu SSO service started.
2017-04-18 04:35:28,050:50.8770942688 - ubuntu_sso.account - INFO - Creating a new SSO access layer for service url u'https://login.ubuntu.com/api/1.0/'
2017-04-18 04:35:28,056:56.4639568329 - ubuntu_sso.credentials - INFO - find_credentials: self.app_name dbus.String(u'Ubuntu One'), result is {}? True
2017-04-18 04:35:28,056:56.6101074219 - ubuntu_sso.main - INFO - 'CredentialsManagement': emitting 'CredentialsNotFound' with args (dbus.String(u'Ubuntu One'),) and kwargs {}
2017-04-18 04:35:38,058:58.8269233704 - ubuntu_sso.main - INFO - Shutting down, calling <function shutdown_func at 0x7fb8af8bf488>.
2017-04-19 20:25:01,625:625.382900238 - ubuntu_sso.utils.translation - WARNING - Translations not found, using null translator.
2017-04-19 20:25:01,788:788.909912109 - ubuntu_sso.main - INFO - Setting up Ubuntu SSO service.
2017-04-19 20:25:01,848:848.232984543 - ubuntu_sso.main - INFO - Ubuntu SSO service started.
2017-04-19 20:25:01,848:848.392963409 - ubuntu_sso.account - INFO - Creating a new SSO access layer for service url u'https://login.ubuntu.com/api/1.0/'
2017-04-19 20:25:01,854:854.820966721 - ubuntu_sso.credentials - INFO - find_credentials: self.app_name dbus.String(u'Ubuntu One'), result is {}? True
2017-04-19 20:25:01,854:854.984045029 - ubuntu_sso.main - INFO - 'CredentialsManagement': emitting 'CredentialsNotFound' with args (dbus.String(u'Ubuntu One'),) and kwargs {}
2017-04-19 20:25:09,233:233.465909958 - ubuntu_sso.credentials - INFO - find_credentials: self.app_name dbus.String(u'Ubuntu One'), result is {}? True
2017-04-19 20:25:09,233:233.611106873 - ubuntu_sso.main - INFO - 'CredentialsManagement': emitting 'CredentialsNotFound' with args (dbus.String(u'Ubuntu One'),) and kwargs {}
2017-04-19 20:25:11,882:882.611036301 - ubuntu_sso.main - INFO - Shutting down, calling <function shutdown_func at 0x7f6ecda9e488>.
2017-04-19 20:28:18,207:207.448005676 - ubuntu_sso.utils.translation - WARNING - Translations not found, using null translator.
2017-04-19 20:28:18,219:219.775915146 - ubuntu_sso.main - INFO - Setting up Ubuntu SSO service.
2017-04-19 20:28:18,223:223.994016647 - ubuntu_sso.main - INFO - Ubuntu SSO service started.
2017-04-19 20:28:18,224:224.148035049 - ubuntu_sso.account - INFO - Creating a new SSO access layer for service url u'https://login.ubuntu.com/api/1.0/'
2017-04-19 20:28:18,230:230.261087418 - ubuntu_sso.credentials - INFO - find_credentials: self.app_name dbus.String(u'Ubuntu One'), result is {}? True
2017-04-19 20:28:18,230:230.424880981 - ubuntu_sso.main - INFO - 'CredentialsManagement': emitting 'CredentialsNotFound' with args (dbus.String(u'Ubuntu One'),) and kwargs {}
2017-04-19 20:28:23,125:125.395059586 - ubuntu_sso.credentials - INFO - find_credentials: self.app_name dbus.String(u'Ubuntu One'), result is {}? True
2017-04-19 20:28:23,125:125.545978546 - ubuntu_sso.main - INFO - 'CredentialsManagement': emitting 'CredentialsNotFound' with args (dbus.String(u'Ubuntu One'),) and kwargs {}
2017-04-19 20:28:28,230:230.657100677 - ubuntu_sso.main - INFO - Shutting down, calling <function shutdown_func at 0x7fe035ac8488>.
2017-04-19 20:31:30,804:804.924964905 - ubuntu_sso.utils.translation - WARNING - Translations not found, using null translator.
2017-04-19 20:31:30,816:816.26200676 - ubuntu_sso.main - INFO - Setting up Ubuntu SSO service.
2017-04-19 20:31:30,819:819.952011108 - ubuntu_sso.main - INFO - Ubuntu SSO service started.
2017-04-19 20:31:30,820:820.091962814 - ubuntu_sso.account - INFO - Creating a new SSO access layer for service url u'https://login.ubuntu.com/api/1.0/'
2017-04-19 20:31:30,825:825.6919384 - ubuntu_sso.credentials - INFO - find_credentials: self.app_name dbus.String(u'Ubuntu One'), result is {}? True
2017-04-19 20:31:30,825:825.841903687 - ubuntu_sso.main - INFO - 'CredentialsManagement': emitting 'CredentialsNotFound' with args (dbus.String(u'Ubuntu One'),) and kwargs {}
2017-04-19 20:31:40,835:835.192918777 - ubuntu_sso.main - INFO - Shutting down, calling <function shutdown_func at 0x7fd02c1a4488>.
2017-04-19 20:36:31,688:688.816070557 - ubuntu_sso.utils.translation - WARNING - Translations not found, using null translator.
2017-04-19 20:36:31,700:700.95705986 - ubuntu_sso.main - INFO - Setting up Ubuntu SSO service.
2017-04-19 20:36:31,705:705.687046051 - ubuntu_sso.main - INFO - Ubuntu SSO service started.
2017-04-19 20:36:31,705:705.840110779 - ubuntu_sso.account - INFO - Creating a new SSO access layer for service url u'https://login.ubuntu.com/api/1.0/'
2017-04-19 20:36:31,711:711.026906967 - ubuntu_sso.credentials - INFO - find_credentials: self.app_name dbus.String(u'Ubuntu One'), result is {}? True
2017-04-19 20:36:31,711:711.168050766 - ubuntu_sso.main - INFO - 'CredentialsManagement': emitting 'CredentialsNotFound' with args (dbus.String(u'Ubuntu One'),) and kwargs {}
2017-04-19 20:36:41,711:711.409091949 - ubuntu_sso.main - INFO - Shutting down, calling <function shutdown_func at 0x7fa569722488>.
2017-04-20 19:15:49,540:540.508985519 - ubuntu_sso.utils.translation - WARNING - Translations not found, using null translator.
2017-04-20 19:15:49,704:704.305887222 - ubuntu_sso.main - INFO - Setting up Ubuntu SSO service.
2017-04-20 19:15:49,765:765.935897827 - ubuntu_sso.main - INFO - Ubuntu SSO service started.
2017-04-20 19:15:49,766:766.357898712 - ubuntu_sso.account - INFO - Creating a new SSO access layer for service url u'https://login.ubuntu.com/api/1.0/'
2017-04-20 19:15:49,778:778.047084808 - ubuntu_sso.credentials - INFO - find_credentials: self.app_name dbus.String(u'Ubuntu One'), result is {}? True
2017-04-20 19:15:49,778:778.276920319 - ubuntu_sso.main - INFO - 'CredentialsManagement': emitting 'CredentialsNotFound' with args (dbus.String(u'Ubuntu One'),) and kwargs {}
2017-04-20 19:15:59,817:817.162036896 - ubuntu_sso.main - INFO - Shutting down, calling <function shutdown_func at 0x7f7468f7b488>.
2017-04-20 19:20:50,349:349.049091339 - ubuntu_sso.utils.translation - WARNING - Translations not found, using null translator.
2017-04-20 19:20:50,362:362.649917603 - ubuntu_sso.main - INFO - Setting up Ubuntu SSO service.
2017-04-20 19:20:50,366:366.600990295 - ubuntu_sso.main - INFO - Ubuntu SSO service started.
2017-04-20 19:20:50,366:366.754055023 - ubuntu_sso.account - INFO - Creating a new SSO access layer for service url u'https://login.ubuntu.com/api/1.0/'
2017-04-20 19:20:50,373:373.539924622 - ubuntu_sso.credentials - INFO - find_credentials: self.app_name dbus.String(u'Ubuntu One'), result is {}? True
2017-04-20 19:20:50,373:373.712062836 - ubuntu_sso.main - INFO - 'CredentialsManagement': emitting 'CredentialsNotFound' with args (dbus.String(u'Ubuntu One'),) and kwargs {}
2017-04-20 19:21:00,383:383.296966553 - ubuntu_sso.main - INFO - Shutting down, calling <function shutdown_func at 0x7fb3bc28e488>.
2017-04-21 19:29:52,248:248.718976974 - ubuntu_sso.utils.translation - WARNING - Translations not found, using null translator.
2017-04-21 19:29:52,412:412.146091461 - ubuntu_sso.main - INFO - Setting up Ubuntu SSO service.
2017-04-21 19:29:52,471:471.637010574 - ubuntu_sso.main - INFO - Ubuntu SSO service started.
2017-04-21 19:29:52,471:471.787929535 - ubuntu_sso.account - INFO - Creating a new SSO access layer for service url u'https://login.ubuntu.com/api/1.0/'
2017-04-21 19:29:52,476:476.927042007 - ubuntu_sso.credentials - INFO - find_credentials: self.app_name dbus.String(u'Ubuntu One'), result is {}? True
2017-04-21 19:29:52,477:477.066993713 - ubuntu_sso.main - INFO - 'CredentialsManagement': emitting 'CredentialsNotFound' with args (dbus.String(u'Ubuntu One'),) and kwargs {}
2017-04-21 19:30:02,509:509.536027908 - ubuntu_sso.main - INFO - Shutting down, calling <function shutdown_func at 0x7f56f64d6488>.
2017-04-21 19:34:52,835:835.550069809 - ubuntu_sso.utils.translation - WARNING - Translations not found, using null translator.
2017-04-21 19:34:52,846:846.934080124 - ubuntu_sso.main - INFO - Setting up Ubuntu SSO service.
2017-04-21 19:34:52,850:850.327968597 - ubuntu_sso.main - INFO - Ubuntu SSO service started.
2017-04-21 19:34:52,850:850.466966629 - ubuntu_sso.account - INFO - Creating a new SSO access layer for service url u'https://login.ubuntu.com/api/1.0/'
2017-04-21 19:34:52,856:856.787919998 - ubuntu_sso.credentials - INFO - find_credentials: self.app_name dbus.String(u'Ubuntu One'), result is {}? True
2017-04-21 19:34:52,856:856.954097748 - ubuntu_sso.main - INFO - 'CredentialsManagement': emitting 'CredentialsNotFound' with args (dbus.String(u'Ubuntu One'),) and kwargs {}
2017-04-21 19:35:02,861:861.236095428 - ubuntu_sso.main - INFO - Shutting down, calling <function shutdown_func at 0x7ffb8f3dc488>.
2017-04-24 19:32:53,488:488.349914551 - ubuntu_sso.utils.translation - WARNING - Translations not found, using null translator.
2017-04-24 19:32:53,660:660.315990448 - ubuntu_sso.main - INFO - Setting up Ubuntu SSO service.
2017-04-24 19:32:53,719:719.523906708 - ubuntu_sso.main - INFO - Ubuntu SSO service started.
2017-04-24 19:32:53,719:719.661951065 - ubuntu_sso.account - INFO - Creating a new SSO access layer for service url u'https://login.ubuntu.com/api/1.0/'
2017-04-24 19:32:53,725:725.079059601 - ubuntu_sso.credentials - INFO - find_credentials: self.app_name dbus.String(u'Ubuntu One'), result is {}? True
2017-04-24 19:32:53,725:725.219011307 - ubuntu_sso.main - INFO - 'CredentialsManagement': emitting 'CredentialsNotFound' with args (dbus.String(u'Ubuntu One'),) and kwargs {}
2017-04-24 19:33:03,748:748.503923416 - ubuntu_sso.main - INFO - Shutting down, calling <function shutdown_func at 0x7f50e54cf488>.
2017-04-24 19:37:54,274:274.91402626 - ubuntu_sso.utils.translation - WARNING - Translations not found, using null translator.
2017-04-24 19:37:54,286:286.067962646 - ubuntu_sso.main - INFO - Setting up Ubuntu SSO service.
2017-04-24 19:37:54,289:289.812088013 - ubuntu_sso.main - INFO - Ubuntu SSO service started.
2017-04-24 19:37:54,289:289.954900742 - ubuntu_sso.account - INFO - Creating a new SSO access layer for service url u'https://login.ubuntu.com/api/1.0/'
2017-04-24 19:37:54,295:295.069932938 - ubuntu_sso.credentials - INFO - find_credentials: self.app_name dbus.String(u'Ubuntu One'), result is {}? True
2017-04-24 19:37:54,295:295.206069946 - ubuntu_sso.main - INFO - 'CredentialsManagement': emitting 'CredentialsNotFound' with args (dbus.String(u'Ubuntu One'),) and kwargs {}
2017-04-24 19:38:04,299:299.352884293 - ubuntu_sso.main - INFO - Shutting down, calling <function shutdown_func at 0x7f7edbdae488>.
2017-04-25 19:39:15,527:527.899980545 - ubuntu_sso.utils.translation - WARNING - Translations not found, using null translator.
2017-04-25 19:39:16,347:347.978115082 - ubuntu_sso.main - INFO - Setting up Ubuntu SSO service.
2017-04-25 19:39:16,968:968.116044998 - ubuntu_sso.main - INFO - Ubuntu SSO service started.
2017-04-25 19:39:16,968:968.779087067 - ubuntu_sso.account - INFO - Creating a new SSO access layer for service url u'https://login.ubuntu.com/api/1.0/'
2017-04-25 19:39:17,046:46.7619895935 - ubuntu_sso.credentials - INFO - find_credentials: self.app_name dbus.String(u'Ubuntu One'), result is {}? True
2017-04-25 19:39:17,047:47.0409393311 - ubuntu_sso.main - INFO - 'CredentialsManagement': emitting 'CredentialsNotFound' with args (dbus.String(u'Ubuntu One'),) and kwargs {}
2017-04-25 19:39:27,092:92.0240879059 - ubuntu_sso.main - INFO - Shutting down, calling <function shutdown_func at 0x7fdf03aa1488>.
2017-04-25 19:44:17,872:872.652053833 - ubuntu_sso.utils.translation - WARNING - Translations not found, using null translator.
2017-04-25 19:44:17,886:886.318922043 - ubuntu_sso.main - INFO - Setting up Ubuntu SSO service.
2017-04-25 19:44:17,889:889.827013016 - ubuntu_sso.main - INFO - Ubuntu SSO service started.
2017-04-25 19:44:17,889:889.977931976 - ubuntu_sso.account - INFO - Creating a new SSO access layer for service url u'https://login.ubuntu.com/api/1.0/'
2017-04-25 19:44:17,899:899.187088013 - ubuntu_sso.credentials - INFO - find_credentials: self.app_name dbus.String(u'Ubuntu One'), result is {}? True
2017-04-25 19:44:17,899:899.80506897 - ubuntu_sso.main - INFO - 'CredentialsManagement': emitting 'CredentialsNotFound' with args (dbus.String(u'Ubuntu One'),) and kwargs {}
2017-04-25 19:44:27,909:909.979104996 - ubuntu_sso.main - INFO - Shutting down, calling <function shutdown_func at 0x7f84ae35c488>.
2017-04-26 19:33:20,050:50.6420135498 - ubuntu_sso.utils.translation - WARNING - Translations not found, using null translator.
2017-04-26 19:33:20,214:214.240074158 - ubuntu_sso.main - INFO - Setting up Ubuntu SSO service.
2017-04-26 19:33:20,281:281.409025192 - ubuntu_sso.main - INFO - Ubuntu SSO service started.
2017-04-26 19:33:20,281:281.687021255 - ubuntu_sso.account - INFO - Creating a new SSO access layer for service url u'https://login.ubuntu.com/api/1.0/'
2017-04-26 19:33:20,287:287.364006042 - ubuntu_sso.credentials - INFO - find_credentials: self.app_name dbus.String(u'Ubuntu One'), result is {}? True
2017-04-26 19:33:20,287:287.511110306 - ubuntu_sso.main - INFO - 'CredentialsManagement': emitting 'CredentialsNotFound' with args (dbus.String(u'Ubuntu One'),) and kwargs {}
2017-04-26 19:33:30,315:315.704107285 - ubuntu_sso.main - INFO - Shutting down, calling <function shutdown_func at 0x7fa5956fa488>.
2017-04-26 19:38:20,816:816.926956177 - ubuntu_sso.utils.translation - WARNING - Translations not found, using null translator.
2017-04-26 19:38:20,829:829.258918762 - ubuntu_sso.main - INFO - Setting up Ubuntu SSO service.
2017-04-26 19:38:20,832:832.624912262 - ubuntu_sso.main - INFO - Ubuntu SSO service started.
2017-04-26 19:38:20,832:832.813024521 - ubuntu_sso.account - INFO - Creating a new SSO access layer for service url u'https://login.ubuntu.com/api/1.0/'
2017-04-26 19:38:20,838:838.871955872 - ubuntu_sso.credentials - INFO - find_credentials: self.app_name dbus.String(u'Ubuntu One'), result is {}? True
2017-04-26 19:38:20,839:839.030981064 - ubuntu_sso.main - INFO - 'CredentialsManagement': emitting 'CredentialsNotFound' with args (dbus.String(u'Ubuntu One'),) and kwargs {}
2017-04-26 19:38:30,841:841.414928436 - ubuntu_sso.main - INFO - Shutting down, calling <function shutdown_func at 0x7fda1e43b488>.
2017-04-27 19:28:10,316:316.895961761 - ubuntu_sso.utils.translation - WARNING - Translations not found, using null translator.
2017-04-27 19:28:10,521:521.035909653 - ubuntu_sso.main - INFO - Setting up Ubuntu SSO service.
2017-04-27 19:28:10,589:589.791059494 - ubuntu_sso.main - INFO - Ubuntu SSO service started.
2017-04-27 19:28:10,589:589.9310112 - ubuntu_sso.account - INFO - Creating a new SSO access layer for service url u'https://login.ubuntu.com/api/1.0/'
2017-04-27 19:28:10,617:617.130041122 - ubuntu_sso.credentials - INFO - find_credentials: self.app_name dbus.String(u'Ubuntu One'), result is {}? True
2017-04-27 19:28:10,617:617.311000824 - ubuntu_sso.main - INFO - 'CredentialsManagement': emitting 'CredentialsNotFound' with args (dbus.String(u'Ubuntu One'),) and kwargs {}
2017-04-27 19:28:20,631:631.211042404 - ubuntu_sso.main - INFO - Shutting down, calling <function shutdown_func at 0x7f02a89df488>.
2017-04-27 19:33:11,206:206.094026566 - ubuntu_sso.utils.translation - WARNING - Translations not found, using null translator.
2017-04-27 19:33:11,219:219.599962234 - ubuntu_sso.main - INFO - Setting up Ubuntu SSO service.
2017-04-27 19:33:11,223:223.500967026 - ubuntu_sso.main - INFO - Ubuntu SSO service started.
2017-04-27 19:33:11,223:223.655939102 - ubuntu_sso.account - INFO - Creating a new SSO access layer for service url u'https://login.ubuntu.com/api/1.0/'
2017-04-27 19:33:11,229:229.887008667 - ubuntu_sso.credentials - INFO - find_credentials: self.app_name dbus.String(u'Ubuntu One'), result is {}? True
2017-04-27 19:33:11,230:230.050086975 - ubuntu_sso.main - INFO - 'CredentialsManagement': emitting 'CredentialsNotFound' with args (dbus.String(u'Ubuntu One'),) and kwargs {}
2017-04-27 19:33:21,237:237.281084061 - ubuntu_sso.main - INFO - Shutting down, calling <function shutdown_func at 0x7ff49d91b488>.
2017-04-29 07:39:43,186:186.789035797 - ubuntu_sso.utils.translation - WARNING - Translations not found, using null translator.
2017-04-29 07:39:43,358:358.911037445 - ubuntu_sso.main - INFO - Setting up Ubuntu SSO service.
2017-04-29 07:39:43,430:430.20606041 - ubuntu_sso.main - INFO - Ubuntu SSO service started.
2017-04-29 07:39:43,430:430.577993393 - ubuntu_sso.account - INFO - Creating a new SSO access layer for service url u'https://login.ubuntu.com/api/1.0/'
2017-04-29 07:39:43,473:473.829984665 - ubuntu_sso.credentials - INFO - find_credentials: self.app_name dbus.String(u'Ubuntu One'), result is {}? True
2017-04-29 07:39:43,474:474.086999893 - ubuntu_sso.main - INFO - 'CredentialsManagement': emitting 'CredentialsNotFound' with args (dbus.String(u'Ubuntu One'),) and kwargs {}
2017-04-29 07:39:53,492:492.615938187 - ubuntu_sso.main - INFO - Shutting down, calling <function shutdown_func at 0x7ffb99af1488>.
2017-04-29 07:44:43,927:927.43897438 - ubuntu_sso.utils.translation - WARNING - Translations not found, using null translator.
2017-04-29 07:44:43,938:938.757896423 - ubuntu_sso.main - INFO - Setting up Ubuntu SSO service.
2017-04-29 07:44:43,942:942.572116852 - ubuntu_sso.main - INFO - Ubuntu SSO service started.
2017-04-29 07:44:43,942:942.723035812 - ubuntu_sso.account - INFO - Creating a new SSO access layer for service url u'https://login.ubuntu.com/api/1.0/'
2017-04-29 07:44:43,948:948.067903519 - ubuntu_sso.credentials - INFO - find_credentials: self.app_name dbus.String(u'Ubuntu One'), result is {}? True
2017-04-29 07:44:43,948:948.210000992 - ubuntu_sso.main - INFO - 'CredentialsManagement': emitting 'CredentialsNotFound' with args (dbus.String(u'Ubuntu One'),) and kwargs {}
2017-04-29 07:44:53,957:957.737922668 - ubuntu_sso.main - INFO - Shutting down, calling <function shutdown_func at 0x7f30eee2e488>.
2017-05-02 19:11:48,664:664.045095444 - ubuntu_sso.utils.translation - WARNING - Translations not found, using null translator.
2017-05-02 19:11:48,828:828.619003296 - ubuntu_sso.main - INFO - Setting up Ubuntu SSO service.
2017-05-02 19:11:48,914:914.352893829 - ubuntu_sso.main - INFO - Ubuntu SSO service started.
2017-05-02 19:11:48,914:914.505004883 - ubuntu_sso.account - INFO - Creating a new SSO access layer for service url u'https://login.ubuntu.com/api/1.0/'
2017-05-02 19:11:48,919:919.553995132 - ubuntu_sso.credentials - INFO - find_credentials: self.app_name dbus.String(u'Ubuntu One'), result is {}? True
2017-05-02 19:11:48,919:919.72899437 - ubuntu_sso.main - INFO - 'CredentialsManagement': emitting 'CredentialsNotFound' with args (dbus.String(u'Ubuntu One'),) and kwargs {}
2017-05-02 19:11:58,958:958.415031433 - ubuntu_sso.main - INFO - Shutting down, calling <function shutdown_func at 0x7f9c814b4488>.
2017-05-02 19:16:49,438:438.625097275 - ubuntu_sso.utils.translation - WARNING - Translations not found, using null translator.
2017-05-02 19:16:49,452:452.676057816 - ubuntu_sso.main - INFO - Setting up Ubuntu SSO service.
2017-05-02 19:16:49,456:456.893920898 - ubuntu_sso.main - INFO - Ubuntu SSO service started.
2017-05-02 19:16:49,457:457.048892975 - ubuntu_sso.account - INFO - Creating a new SSO access layer for service url u'https://login.ubuntu.com/api/1.0/'
2017-05-02 19:16:49,482:482.722043991 - ubuntu_sso.credentials - INFO - find_credentials: self.app_name dbus.String(u'Ubuntu One'), result is {}? True
2017-05-02 19:16:49,482:482.873916626 - ubuntu_sso.main - INFO - 'CredentialsManagement': emitting 'CredentialsNotFound' with args (dbus.String(u'Ubuntu One'),) and kwargs {}
2017-05-02 19:16:59,489:489.420890808 - ubuntu_sso.main - INFO - Shutting down, calling <function shutdown_func at 0x7fd7526d0488>.
