Tue May  2 22:13:34 IST 2017 crash report /var/crash/_usr_lib_x86_64-linux-gnu_indicator-sound_indicator-sound-service.112.crash detected
indicator-keyboard-service
indicator-sound-service

** (system-crash-notification:1726): WARNING **: Couldn't connect to accessibility bus: Failed to connect to socket /tmp/dbus-3NMbFwiQt6: Connection refused

(system-crash-notification:1726): GdkPixbuf-WARNING **: Cannot open pixbuf loader module file '/usr/lib/x86_64-linux-gnu/gdk-pixbuf-2.0/2.10.0/loaders.cache': No such file or directory

This likely means that your installation is broken.
Try running the command
  gdk-pixbuf-query-loaders > /usr/lib/x86_64-linux-gnu/gdk-pixbuf-2.0/2.10.0/loaders.cache
to make things work again for the time being.

(system-crash-notification:1726): Gtk-WARNING **: Error loading image 'file:///usr/share/themes/Ambiance/gtk-3.0/assets/entry.png': Unrecognised image file format

(system-crash-notification:1726): Gtk-WARNING **: Error loading image 'file:///usr/share/themes/Ambiance/gtk-3.0/assets/entry-disabled.png': Unrecognised image file format

(system-crash-notification:1726): Gtk-WARNING **: Error loading image 'file:///usr/share/themes/Ambiance/gtk-3.0/assets/button.png': Unrecognised image file format

(system-crash-notification:1726): Gtk-WARNING **: Error loading image 'file:///usr/share/themes/Ambiance/gtk-3.0/assets/button-default.png': Unrecognised image file format

(system-crash-notification:1726): Gtk-WARNING **: Error loading image 'file:///usr/share/themes/Ambiance/gtk-3.0/assets/entry.png': Unrecognised image file format

(system-crash-notification:1726): Gtk-WARNING **: Error loading image 'file:///usr/share/themes/Ambiance/gtk-3.0/assets/entry-disabled.png': Unrecognised image file format

(system-crash-notification:1726): Gtk-WARNING **: Error loading image 'file:///usr/share/themes/Ambiance/gtk-3.0/assets/button.png': Unrecognised image file format

(system-crash-notification:1726): Gtk-WARNING **: Error loading image 'file:///usr/share/themes/Ambiance/gtk-3.0/assets/button-default.png': Unrecognised image file format

(system-crash-notification:1726): Gtk-WARNING **: Error loading image 'file:///usr/share/themes/Ambiance/gtk-3.0/assets/button-default-focused.png': Unrecognised image file format

(system-crash-notification:1726): Gtk-WARNING **: Error loading image 'file:///usr/share/themes/Ambiance/gtk-3.0/assets/entry.png': Unrecognised image file format

(system-crash-notification:1726): Gtk-WARNING **: Error loading image 'file:///usr/share/themes/Ambiance/gtk-3.0/assets/entry-disabled.png': Unrecognised image file format

(system-crash-notification:1726): Gtk-WARNING **: Error loading image 'file:///usr/share/themes/Ambiance/gtk-3.0/assets/button.png': Unrecognised image file format

(system-crash-notification:1726): Gtk-WARNING **: Error loading image 'file:///usr/share/themes/Ambiance/gtk-3.0/assets/button-default-focused.png': Unrecognised image file format

(system-crash-notification:1726): Gtk-WARNING **: Error loading image 'file:///usr/share/themes/Ambiance/gtk-3.0/assets/entry.png': Unrecognised image file format

(system-crash-notification:1726): Gtk-WARNING **: Error loading image 'file:///usr/share/themes/Ambiance/gtk-3.0/assets/entry-disabled.png': Unrecognised image file format

(system-crash-notification:1726): Gtk-WARNING **: Error loading image 'file:///usr/share/themes/Ambiance/gtk-3.0/assets/button.png': Unrecognised image file format

(system-crash-notification:1726): Gtk-WARNING **: Error loading image 'file:///usr/share/themes/Ambiance/gtk-3.0/assets/button-default-focused-hover.png': Unrecognised image file format

(system-crash-notification:1726): Gtk-WARNING **: Error loading image 'file:///usr/share/themes/Ambiance/gtk-3.0/assets/entry.png': Unrecognised image file format

(system-crash-notification:1726): Gtk-WARNING **: Error loading image 'file:///usr/share/themes/Ambiance/gtk-3.0/assets/entry-disabled.png': Unrecognised image file format

(system-crash-notification:1726): Gtk-WARNING **: Error loading image 'file:///usr/share/themes/Ambiance/gtk-3.0/assets/button.png': Unrecognised image file format

(system-crash-notification:1726): Gtk-WARNING **: Error loading image 'file:///usr/share/themes/Ambiance/gtk-3.0/assets/button-default-focused-hover.png': Unrecognised image file format

(system-crash-notification:1726): Gtk-WARNING **: Error loading image 'file:///usr/share/themes/Ambiance/gtk-3.0/assets/button-default-focused.png': Unrecognised image file format

(system-crash-notification:1726): Gtk-WARNING **: Error loading image 'file:///usr/share/themes/Ambiance/gtk-3.0/assets/entry.png': Unrecognised image file format

(system-crash-notification:1726): Gtk-WARNING **: Error loading image 'file:///usr/share/themes/Ambiance/gtk-3.0/assets/entry-disabled.png': Unrecognised image file format

(system-crash-notification:1726): Gtk-WARNING **: Error loading image 'file:///usr/share/themes/Ambiance/gtk-3.0/assets/button.png': Unrecognised image file format

(system-crash-notification:1726): Gtk-WARNING **: Error loading image 'file:///usr/share/themes/Ambiance/gtk-3.0/assets/button-default-focused.png': Unrecognised image file format

(system-crash-notification:1726): Gtk-WARNING **: Error loading image 'file:///usr/share/themes/Ambiance/gtk-3.0/assets/button-default-focused-hover.png': Unrecognised image file format

(system-crash-notification:1726): Gtk-WARNING **: Error loading image 'file:///usr/share/themes/Ambiance/gtk-3.0/assets/entry.png': Unrecognised image file format

(system-crash-notification:1726): Gtk-WARNING **: Error loading image 'file:///usr/share/themes/Ambiance/gtk-3.0/assets/entry-disabled.png': Unrecognised image file format

(system-crash-notification:1726): Gtk-WARNING **: Error loading image 'file:///usr/share/themes/Ambiance/gtk-3.0/assets/button.png': Unrecognised image file format

(system-crash-notification:1726): Gtk-WARNING **: Error loading image 'file:///usr/share/themes/Ambiance/gtk-3.0/assets/button-default-focused-hover.png': Unrecognised image file format

(system-crash-notification:1726): Gtk-WARNING **: Error loading image 'file:///usr/share/themes/Ambiance/gtk-3.0/assets/entry.png': Unrecognised image file format

(system-crash-notification:1726): Gtk-WARNING **: Error loading image 'file:///usr/share/themes/Ambiance/gtk-3.0/assets/entry-disabled.png': Unrecognised image file format

(system-crash-notification:1726): Gtk-WARNING **: Error loading image 'file:///usr/share/themes/Ambiance/gtk-3.0/assets/entry.png': Unrecognised image file format

(system-crash-notification:1726): Gtk-WARNING **: Error loading image 'file:///usr/share/themes/Ambiance/gtk-3.0/assets/entry-disabled.png': Unrecognised image file format
Tue May  2 22:14:23 IST 2017 crash report /var/crash/_usr_lib_x86_64-linux-gnu_indicator-sound_indicator-sound-service.112.crash detected
nm-applet
indicator-keyboard-service
indicator-sound-service

(system-crash-notification:4651): GdkPixbuf-WARNING **: Cannot open pixbuf loader module file '/usr/lib/x86_64-linux-gnu/gdk-pixbuf-2.0/2.10.0/loaders.cache': No such file or directory

This likely means that your installation is broken.
Try running the command
  gdk-pixbuf-query-loaders > /usr/lib/x86_64-linux-gnu/gdk-pixbuf-2.0/2.10.0/loaders.cache
to make things work again for the time being.

(system-crash-notification:4651): Gtk-WARNING **: Error loading image 'file:///usr/share/themes/Ambiance/gtk-3.0/assets/entry.png': Unrecognised image file format

(system-crash-notification:4651): Gtk-WARNING **: Error loading image 'file:///usr/share/themes/Ambiance/gtk-3.0/assets/entry-disabled.png': Unrecognised image file format

(system-crash-notification:4651): Gtk-WARNING **: Error loading image 'file:///usr/share/themes/Ambiance/gtk-3.0/assets/button.png': Unrecognised image file format

(system-crash-notification:4651): Gtk-WARNING **: Error loading image 'file:///usr/share/themes/Ambiance/gtk-3.0/assets/button-default.png': Unrecognised image file format

(system-crash-notification:4651): Gtk-WARNING **: Error loading image 'file:///usr/share/themes/Ambiance/gtk-3.0/assets/entry.png': Unrecognised image file format

(system-crash-notification:4651): Gtk-WARNING **: Error loading image 'file:///usr/share/themes/Ambiance/gtk-3.0/assets/entry-disabled.png': Unrecognised image file format

(system-crash-notification:4651): Gtk-WARNING **: Error loading image 'file:///usr/share/themes/Ambiance/gtk-3.0/assets/button.png': Unrecognised image file format

(system-crash-notification:4651): Gtk-WARNING **: Error loading image 'file:///usr/share/themes/Ambiance/gtk-3.0/assets/button-default.png': Unrecognised image file format

(system-crash-notification:4651): Gtk-WARNING **: Error loading image 'file:///usr/share/themes/Ambiance/gtk-3.0/assets/entry.png': Unrecognised image file format

(system-crash-notification:4651): Gtk-WARNING **: Error loading image 'file:///usr/share/themes/Ambiance/gtk-3.0/assets/entry-disabled.png': Unrecognised image file format

(system-crash-notification:4651): Gtk-WARNING **: Error loading image 'file:///usr/share/themes/Ambiance/gtk-3.0/assets/button.png': Unrecognised image file format

(system-crash-notification:4651): Gtk-WARNING **: Error loading image 'file:///usr/share/themes/Ambiance/gtk-3.0/assets/button-default.png': Unrecognised image file format

(system-crash-notification:4651): Gtk-WARNING **: Error loading image 'file:///usr/share/themes/Ambiance/gtk-3.0/assets/entry.png': Unrecognised image file format

(system-crash-notification:4651): Gtk-WARNING **: Error loading image 'file:///usr/share/themes/Ambiance/gtk-3.0/assets/entry-disabled.png': Unrecognised image file format

(system-crash-notification:4651): Gtk-WARNING **: Error loading image 'file:///usr/share/themes/Ambiance/gtk-3.0/assets/entry.png': Unrecognised image file format

(system-crash-notification:4651): Gtk-WARNING **: Error loading image 'file:///usr/share/themes/Ambiance/gtk-3.0/assets/entry-disabled.png': Unrecognised image file format

(system-crash-notification:4651): Gtk-WARNING **: Error loading image 'file:///usr/share/themes/Ambiance/gtk-3.0/assets/entry.png': Unrecognised image file format

(system-crash-notification:4651): Gtk-WARNING **: Error loading image 'file:///usr/share/themes/Ambiance/gtk-3.0/assets/entry-disabled.png': Unrecognised image file format

(system-crash-notification:4651): Gtk-WARNING **: Error loading image 'file:///usr/share/themes/Ambiance/gtk-3.0/assets/button.png': Unrecognised image file format

(system-crash-notification:4651): Gtk-WARNING **: Error loading image 'file:///usr/share/themes/Ambiance/gtk-3.0/assets/button-default.png': Unrecognised image file format

(system-crash-notification:4651): Gtk-WARNING **: Error loading image 'file:///usr/share/themes/Ambiance/gtk-3.0/assets/entry.png': Unrecognised image file format

(system-crash-notification:4651): Gtk-WARNING **: Error loading image 'file:///usr/share/themes/Ambiance/gtk-3.0/assets/entry-disabled.png': Unrecognised image file format

(system-crash-notification:4651): Gtk-WARNING **: Error loading image 'file:///usr/share/themes/Ambiance/gtk-3.0/assets/button.png': Unrecognised image file format

(system-crash-notification:4651): Gtk-WARNING **: Error loading image 'file:///usr/share/themes/Ambiance/gtk-3.0/assets/button-default.png': Unrecognised image file format
Tue May  2 22:14:41 IST 2017 crash report /var/crash/_usr_lib_x86_64-linux-gnu_indicator-sound_indicator-sound-service.112.crash detected
nm-applet
indicator-keyboard-service
indicator-sound-service

(system-crash-notification:5819): GdkPixbuf-WARNING **: Cannot open pixbuf loader module file '/usr/lib/x86_64-linux-gnu/gdk-pixbuf-2.0/2.10.0/loaders.cache': No such file or directory

This likely means that your installation is broken.
Try running the command
  gdk-pixbuf-query-loaders > /usr/lib/x86_64-linux-gnu/gdk-pixbuf-2.0/2.10.0/loaders.cache
to make things work again for the time being.

(system-crash-notification:5819): Gtk-WARNING **: Error loading image 'file:///usr/share/themes/Ambiance/gtk-3.0/assets/entry.png': Unrecognised image file format

(system-crash-notification:5819): Gtk-WARNING **: Error loading image 'file:///usr/share/themes/Ambiance/gtk-3.0/assets/entry-disabled.png': Unrecognised image file format

(system-crash-notification:5819): Gtk-WARNING **: Error loading image 'file:///usr/share/themes/Ambiance/gtk-3.0/assets/button.png': Unrecognised image file format

(system-crash-notification:5819): Gtk-WARNING **: Error loading image 'file:///usr/share/themes/Ambiance/gtk-3.0/assets/button-default.png': Unrecognised image file format

(system-crash-notification:5819): Gtk-WARNING **: Error loading image 'file:///usr/share/themes/Ambiance/gtk-3.0/assets/entry.png': Unrecognised image file format

(system-crash-notification:5819): Gtk-WARNING **: Error loading image 'file:///usr/share/themes/Ambiance/gtk-3.0/assets/entry-disabled.png': Unrecognised image file format

(system-crash-notification:5819): Gtk-WARNING **: Error loading image 'file:///usr/share/themes/Ambiance/gtk-3.0/assets/button.png': Unrecognised image file format

(system-crash-notification:5819): Gtk-WARNING **: Error loading image 'file:///usr/share/themes/Ambiance/gtk-3.0/assets/button-default.png': Unrecognised image file format

(system-crash-notification:5819): Gtk-WARNING **: Error loading image 'file:///usr/share/themes/Ambiance/gtk-3.0/assets/entry.png': Unrecognised image file format

(system-crash-notification:5819): Gtk-WARNING **: Error loading image 'file:///usr/share/themes/Ambiance/gtk-3.0/assets/entry-disabled.png': Unrecognised image file format

(system-crash-notification:5819): Gtk-WARNING **: Error loading image 'file:///usr/share/themes/Ambiance/gtk-3.0/assets/button.png': Unrecognised image file format

(system-crash-notification:5819): Gtk-WARNING **: Error loading image 'file:///usr/share/themes/Ambiance/gtk-3.0/assets/button-default.png': Unrecognised image file format

(system-crash-notification:5819): Gtk-WARNING **: Error loading image 'file:///usr/share/themes/Ambiance/gtk-3.0/assets/entry.png': Unrecognised image file format

(system-crash-notification:5819): Gtk-WARNING **: Error loading image 'file:///usr/share/themes/Ambiance/gtk-3.0/assets/entry-disabled.png': Unrecognised image file format

(system-crash-notification:5819): Gtk-WARNING **: Error loading image 'file:///usr/share/themes/Ambiance/gtk-3.0/assets/button.png': Unrecognised image file format

(system-crash-notification:5819): Gtk-WARNING **: Error loading image 'file:///usr/share/themes/Ambiance/gtk-3.0/assets/button-default.png': Unrecognised image file format
Tue May  2 22:31:44 IST 2017 crash report /var/crash/_usr_lib_x86_64-linux-gnu_indicator-sound_indicator-sound-service.112.crash detected
nm-applet
indicator-keyboard-service
indicator-sound-service

(system-crash-notification:7189): GdkPixbuf-WARNING **: Cannot open pixbuf loader module file '/usr/lib/x86_64-linux-gnu/gdk-pixbuf-2.0/2.10.0/loaders.cache': No such file or directory

This likely means that your installation is broken.
Try running the command
  gdk-pixbuf-query-loaders > /usr/lib/x86_64-linux-gnu/gdk-pixbuf-2.0/2.10.0/loaders.cache
to make things work again for the time being.

(system-crash-notification:7189): Gtk-WARNING **: Error loading image 'file:///usr/share/themes/Ambiance/gtk-3.0/assets/entry.png': Unrecognised image file format

(system-crash-notification:7189): Gtk-WARNING **: Error loading image 'file:///usr/share/themes/Ambiance/gtk-3.0/assets/entry-disabled.png': Unrecognised image file format

(system-crash-notification:7189): Gtk-WARNING **: Error loading image 'file:///usr/share/themes/Ambiance/gtk-3.0/assets/button.png': Unrecognised image file format

(system-crash-notification:7189): Gtk-WARNING **: Error loading image 'file:///usr/share/themes/Ambiance/gtk-3.0/assets/button-default.png': Unrecognised image file format

(system-crash-notification:7189): Gtk-WARNING **: Error loading image 'file:///usr/share/themes/Ambiance/gtk-3.0/assets/entry.png': Unrecognised image file format

(system-crash-notification:7189): Gtk-WARNING **: Error loading image 'file:///usr/share/themes/Ambiance/gtk-3.0/assets/entry-disabled.png': Unrecognised image file format

(system-crash-notification:7189): Gtk-WARNING **: Error loading image 'file:///usr/share/themes/Ambiance/gtk-3.0/assets/button.png': Unrecognised image file format

(system-crash-notification:7189): Gtk-WARNING **: Error loading image 'file:///usr/share/themes/Ambiance/gtk-3.0/assets/button-default.png': Unrecognised image file format

(system-crash-notification:7189): Gtk-WARNING **: Error loading image 'file:///usr/share/themes/Ambiance/gtk-3.0/assets/entry.png': Unrecognised image file format

(system-crash-notification:7189): Gtk-WARNING **: Error loading image 'file:///usr/share/themes/Ambiance/gtk-3.0/assets/entry-disabled.png': Unrecognised image file format

(system-crash-notification:7189): Gtk-WARNING **: Error loading image 'file:///usr/share/themes/Ambiance/gtk-3.0/assets/button.png': Unrecognised image file format

(system-crash-notification:7189): Gtk-WARNING **: Error loading image 'file:///usr/share/themes/Ambiance/gtk-3.0/assets/button-default.png': Unrecognised image file format

(system-crash-notification:7189): Gtk-WARNING **: Error loading image 'file:///usr/share/themes/Ambiance/gtk-3.0/assets/entry.png': Unrecognised image file format

(system-crash-notification:7189): Gtk-WARNING **: Error loading image 'file:///usr/share/themes/Ambiance/gtk-3.0/assets/entry-disabled.png': Unrecognised image file format

(system-crash-notification:7189): Gtk-WARNING **: Error loading image 'file:///usr/share/themes/Ambiance/gtk-3.0/assets/entry.png': Unrecognised image file format

(system-crash-notification:7189): Gtk-WARNING **: Error loading image 'file:///usr/share/themes/Ambiance/gtk-3.0/assets/entry-disabled.png': Unrecognised image file format
Tue May  2 22:35:19 IST 2017 crash report /var/crash/_usr_lib_x86_64-linux-gnu_indicator-sound_indicator-sound-service.112.crash detected
nm-applet
compiz
indicator-keyboard-service
indicator-sound-service

(system-crash-notification:18107): GdkPixbuf-WARNING **: Cannot open pixbuf loader module file '/usr/lib/x86_64-linux-gnu/gdk-pixbuf-2.0/2.10.0/loaders.cache': No such file or directory

This likely means that your installation is broken.
Try running the command
  gdk-pixbuf-query-loaders > /usr/lib/x86_64-linux-gnu/gdk-pixbuf-2.0/2.10.0/loaders.cache
to make things work again for the time being.

(system-crash-notification:18107): Gtk-WARNING **: Error loading image 'file:///usr/share/themes/Ambiance/gtk-3.0/assets/entry.png': Unrecognised image file format

(system-crash-notification:18107): Gtk-WARNING **: Error loading image 'file:///usr/share/themes/Ambiance/gtk-3.0/assets/entry-disabled.png': Unrecognised image file format

(system-crash-notification:18107): Gtk-WARNING **: Error loading image 'file:///usr/share/themes/Ambiance/gtk-3.0/assets/button.png': Unrecognised image file format

(system-crash-notification:18107): Gtk-WARNING **: Error loading image 'file:///usr/share/themes/Ambiance/gtk-3.0/assets/button-default.png': Unrecognised image file format

(system-crash-notification:18107): Gtk-WARNING **: Error loading image 'file:///usr/share/themes/Ambiance/gtk-3.0/assets/entry.png': Unrecognised image file format

(system-crash-notification:18107): Gtk-WARNING **: Error loading image 'file:///usr/share/themes/Ambiance/gtk-3.0/assets/entry-disabled.png': Unrecognised image file format

(system-crash-notification:18107): Gtk-WARNING **: Error loading image 'file:///usr/share/themes/Ambiance/gtk-3.0/assets/button.png': Unrecognised image file format

(system-crash-notification:18107): Gtk-WARNING **: Error loading image 'file:///usr/share/themes/Ambiance/gtk-3.0/assets/button-default.png': Unrecognised image file format

(system-crash-notification:18107): Gtk-WARNING **: Error loading image 'file:///usr/share/themes/Ambiance/gtk-3.0/assets/button-default-focused.png': Unrecognised image file format

(system-crash-notification:18107): Gtk-WARNING **: Error loading image 'file:///usr/share/themes/Ambiance/gtk-3.0/assets/entry.png': Unrecognised image file format

(system-crash-notification:18107): Gtk-WARNING **: Error loading image 'file:///usr/share/themes/Ambiance/gtk-3.0/assets/entry-disabled.png': Unrecognised image file format

(system-crash-notification:18107): Gtk-WARNING **: Error loading image 'file:///usr/share/themes/Ambiance/gtk-3.0/assets/button.png': Unrecognised image file format

(system-crash-notification:18107): Gtk-WARNING **: Error loading image 'file:///usr/share/themes/Ambiance/gtk-3.0/assets/button-default-focused.png': Unrecognised image file format

(system-crash-notification:18107): Gtk-WARNING **: Error loading image 'file:///usr/share/themes/Ambiance/gtk-3.0/assets/entry.png': Unrecognised image file format

(system-crash-notification:18107): Gtk-WARNING **: Error loading image 'file:///usr/share/themes/Ambiance/gtk-3.0/assets/entry-disabled.png': Unrecognised image file format

(system-crash-notification:18107): Gtk-WARNING **: Error loading image 'file:///usr/share/themes/Ambiance/gtk-3.0/assets/entry.png': Unrecognised image file format

(system-crash-notification:18107): Gtk-WARNING **: Error loading image 'file:///usr/share/themes/Ambiance/gtk-3.0/assets/entry-disabled.png': Unrecognised image file format

(system-crash-notification:18107): Gtk-WARNING **: Error loading image 'file:///usr/share/themes/Ambiance/gtk-3.0/assets/entry.png': Unrecognised image file format

(system-crash-notification:18107): Gtk-WARNING **: Error loading image 'file:///usr/share/themes/Ambiance/gtk-3.0/assets/entry-disabled.png': Unrecognised image file format

(system-crash-notification:18107): Gtk-WARNING **: Error loading image 'file:///usr/share/themes/Ambiance/gtk-3.0/assets/button.png': Unrecognised image file format

(system-crash-notification:18107): Gtk-WARNING **: Error loading image 'file:///usr/share/themes/Ambiance/gtk-3.0/assets/button-default.png': Unrecognised image file format

(system-crash-notification:18107): Gtk-WARNING **: Error loading image 'file:///usr/share/themes/Ambiance/gtk-3.0/assets/entry.png': Unrecognised image file format

(system-crash-notification:18107): Gtk-WARNING **: Error loading image 'file:///usr/share/themes/Ambiance/gtk-3.0/assets/entry-disabled.png': Unrecognised image file format

(system-crash-notification:18107): Gtk-WARNING **: Error loading image 'file:///usr/share/themes/Ambiance/gtk-3.0/assets/button.png': Unrecognised image file format

(system-crash-notification:18107): Gtk-WARNING **: Error loading image 'file:///usr/share/themes/Ambiance/gtk-3.0/assets/button-default.png': Unrecognised image file format
Tue May  2 22:35:39 IST 2017 crash report /var/crash/_usr_lib_x86_64-linux-gnu_indicator-sound_indicator-sound-service.112.crash detected
nm-applet
compiz
indicator-keyboard-service
indicator-sound-service

(system-crash-notification:19340): GdkPixbuf-WARNING **: Cannot open pixbuf loader module file '/usr/lib/x86_64-linux-gnu/gdk-pixbuf-2.0/2.10.0/loaders.cache': No such file or directory

This likely means that your installation is broken.
Try running the command
  gdk-pixbuf-query-loaders > /usr/lib/x86_64-linux-gnu/gdk-pixbuf-2.0/2.10.0/loaders.cache
to make things work again for the time being.

(system-crash-notification:19340): Gtk-WARNING **: Error loading image 'file:///usr/share/themes/Ambiance/gtk-3.0/assets/entry.png': Unrecognised image file format

(system-crash-notification:19340): Gtk-WARNING **: Error loading image 'file:///usr/share/themes/Ambiance/gtk-3.0/assets/entry-disabled.png': Unrecognised image file format

(system-crash-notification:19340): Gtk-WARNING **: Error loading image 'file:///usr/share/themes/Ambiance/gtk-3.0/assets/button.png': Unrecognised image file format

(system-crash-notification:19340): Gtk-WARNING **: Error loading image 'file:///usr/share/themes/Ambiance/gtk-3.0/assets/button-default.png': Unrecognised image file format

(system-crash-notification:19340): Gtk-WARNING **: Error loading image 'file:///usr/share/themes/Ambiance/gtk-3.0/assets/entry.png': Unrecognised image file format

(system-crash-notification:19340): Gtk-WARNING **: Error loading image 'file:///usr/share/themes/Ambiance/gtk-3.0/assets/entry-disabled.png': Unrecognised image file format

(system-crash-notification:19340): Gtk-WARNING **: Error loading image 'file:///usr/share/themes/Ambiance/gtk-3.0/assets/button.png': Unrecognised image file format

(system-crash-notification:19340): Gtk-WARNING **: Error loading image 'file:///usr/share/themes/Ambiance/gtk-3.0/assets/button-default.png': Unrecognised image file format

(system-crash-notification:19340): Gtk-WARNING **: Error loading image 'file:///usr/share/themes/Ambiance/gtk-3.0/assets/entry.png': Unrecognised image file format

(system-crash-notification:19340): Gtk-WARNING **: Error loading image 'file:///usr/share/themes/Ambiance/gtk-3.0/assets/entry-disabled.png': Unrecognised image file format

(system-crash-notification:19340): Gtk-WARNING **: Error loading image 'file:///usr/share/themes/Ambiance/gtk-3.0/assets/button.png': Unrecognised image file format

(system-crash-notification:19340): Gtk-WARNING **: Error loading image 'file:///usr/share/themes/Ambiance/gtk-3.0/assets/button-default.png': Unrecognised image file format

(system-crash-notification:19340): Gtk-WARNING **: Error loading image 'file:///usr/share/themes/Ambiance/gtk-3.0/assets/entry.png': Unrecognised image file format

(system-crash-notification:19340): Gtk-WARNING **: Error loading image 'file:///usr/share/themes/Ambiance/gtk-3.0/assets/entry-disabled.png': Unrecognised image file format

(system-crash-notification:19340): Gtk-WARNING **: Error loading image 'file:///usr/share/themes/Ambiance/gtk-3.0/assets/entry.png': Unrecognised image file format

(system-crash-notification:19340): Gtk-WARNING **: Error loading image 'file:///usr/share/themes/Ambiance/gtk-3.0/assets/entry-disabled.png': Unrecognised image file format

(system-crash-notification:19340): Gtk-WARNING **: Error loading image 'file:///usr/share/themes/Ambiance/gtk-3.0/assets/entry.png': Unrecognised image file format

(system-crash-notification:19340): Gtk-WARNING **: Error loading image 'file:///usr/share/themes/Ambiance/gtk-3.0/assets/entry-disabled.png': Unrecognised image file format
Tue May  2 22:36:02 IST 2017 crash report /var/crash/_usr_lib_x86_64-linux-gnu_indicator-sound_indicator-sound-service.112.crash detected
nm-applet
compiz
indicator-keyboard-service
indicator-sound-service

(system-crash-notification:20520): GdkPixbuf-WARNING **: Cannot open pixbuf loader module file '/usr/lib/x86_64-linux-gnu/gdk-pixbuf-2.0/2.10.0/loaders.cache': No such file or directory

This likely means that your installation is broken.
Try running the command
  gdk-pixbuf-query-loaders > /usr/lib/x86_64-linux-gnu/gdk-pixbuf-2.0/2.10.0/loaders.cache
to make things work again for the time being.

(system-crash-notification:20520): Gtk-WARNING **: Error loading image 'file:///usr/share/themes/Ambiance/gtk-3.0/assets/entry.png': Unrecognised image file format

(system-crash-notification:20520): Gtk-WARNING **: Error loading image 'file:///usr/share/themes/Ambiance/gtk-3.0/assets/entry-disabled.png': Unrecognised image file format

(system-crash-notification:20520): Gtk-WARNING **: Error loading image 'file:///usr/share/themes/Ambiance/gtk-3.0/assets/button.png': Unrecognised image file format

(system-crash-notification:20520): Gtk-WARNING **: Error loading image 'file:///usr/share/themes/Ambiance/gtk-3.0/assets/button-default.png': Unrecognised image file format

(system-crash-notification:20520): Gtk-WARNING **: Error loading image 'file:///usr/share/themes/Ambiance/gtk-3.0/assets/entry.png': Unrecognised image file format

(system-crash-notification:20520): Gtk-WARNING **: Error loading image 'file:///usr/share/themes/Ambiance/gtk-3.0/assets/entry-disabled.png': Unrecognised image file format

(system-crash-notification:20520): Gtk-WARNING **: Error loading image 'file:///usr/share/themes/Ambiance/gtk-3.0/assets/button.png': Unrecognised image file format

(system-crash-notification:20520): Gtk-WARNING **: Error loading image 'file:///usr/share/themes/Ambiance/gtk-3.0/assets/button-default.png': Unrecognised image file format

(system-crash-notification:20520): Gtk-WARNING **: Error loading image 'file:///usr/share/themes/Ambiance/gtk-3.0/assets/entry.png': Unrecognised image file format

(system-crash-notification:20520): Gtk-WARNING **: Error loading image 'file:///usr/share/themes/Ambiance/gtk-3.0/assets/entry-disabled.png': Unrecognised image file format

(system-crash-notification:20520): Gtk-WARNING **: Error loading image 'file:///usr/share/themes/Ambiance/gtk-3.0/assets/button.png': Unrecognised image file format

(system-crash-notification:20520): Gtk-WARNING **: Error loading image 'file:///usr/share/themes/Ambiance/gtk-3.0/assets/button-default.png': Unrecognised image file format

(system-crash-notification:20520): Gtk-WARNING **: Error loading image 'file:///usr/share/themes/Ambiance/gtk-3.0/assets/entry.png': Unrecognised image file format

(system-crash-notification:20520): Gtk-WARNING **: Error loading image 'file:///usr/share/themes/Ambiance/gtk-3.0/assets/entry-disabled.png': Unrecognised image file format

(system-crash-notification:20520): Gtk-WARNING **: Error loading image 'file:///usr/share/themes/Ambiance/gtk-3.0/assets/entry.png': Unrecognised image file format

(system-crash-notification:20520): Gtk-WARNING **: Error loading image 'file:///usr/share/themes/Ambiance/gtk-3.0/assets/entry-disabled.png': Unrecognised image file format

(system-crash-notification:20520): Gtk-WARNING **: Error loading image 'file:///usr/share/themes/Ambiance/gtk-3.0/assets/entry.png': Unrecognised image file format

(system-crash-notification:20520): Gtk-WARNING **: Error loading image 'file:///usr/share/themes/Ambiance/gtk-3.0/assets/entry-disabled.png': Unrecognised image file format

(system-crash-notification:20520): Gtk-WARNING **: Error loading image 'file:///usr/share/themes/Ambiance/gtk-3.0/assets/entry.png': Unrecognised image file format

(system-crash-notification:20520): Gtk-WARNING **: Error loading image 'file:///usr/share/themes/Ambiance/gtk-3.0/assets/entry-disabled.png': Unrecognised image file format

(system-crash-notification:20520): Gtk-WARNING **: Error loading image 'file:///usr/share/themes/Ambiance/gtk-3.0/assets/button.png': Unrecognised image file format

(system-crash-notification:20520): Gtk-WARNING **: Error loading image 'file:///usr/share/themes/Ambiance/gtk-3.0/assets/button-default.png': Unrecognised image file format
Tue May  2 22:42:25 IST 2017 crash report /var/crash/_usr_lib_x86_64-linux-gnu_indicator-sound_indicator-sound-service.112.crash detected
nm-applet
compiz
indicator-keyboard-service
indicator-sound-service

(system-crash-notification:21708): GdkPixbuf-WARNING **: Cannot open pixbuf loader module file '/usr/lib/x86_64-linux-gnu/gdk-pixbuf-2.0/2.10.0/loaders.cache': No such file or directory

This likely means that your installation is broken.
Try running the command
  gdk-pixbuf-query-loaders > /usr/lib/x86_64-linux-gnu/gdk-pixbuf-2.0/2.10.0/loaders.cache
to make things work again for the time being.

(system-crash-notification:21708): Gtk-WARNING **: Error loading image 'file:///usr/share/themes/Ambiance/gtk-3.0/assets/entry.png': Unrecognised image file format

(system-crash-notification:21708): Gtk-WARNING **: Error loading image 'file:///usr/share/themes/Ambiance/gtk-3.0/assets/entry-disabled.png': Unrecognised image file format

(system-crash-notification:21708): Gtk-WARNING **: Error loading image 'file:///usr/share/themes/Ambiance/gtk-3.0/assets/button.png': Unrecognised image file format

(system-crash-notification:21708): Gtk-WARNING **: Error loading image 'file:///usr/share/themes/Ambiance/gtk-3.0/assets/button-default.png': Unrecognised image file format

(system-crash-notification:21708): Gtk-WARNING **: Error loading image 'file:///usr/share/themes/Ambiance/gtk-3.0/assets/entry.png': Unrecognised image file format

(system-crash-notification:21708): Gtk-WARNING **: Error loading image 'file:///usr/share/themes/Ambiance/gtk-3.0/assets/entry-disabled.png': Unrecognised image file format

(system-crash-notification:21708): Gtk-WARNING **: Error loading image 'file:///usr/share/themes/Ambiance/gtk-3.0/assets/button.png': Unrecognised image file format

(system-crash-notification:21708): Gtk-WARNING **: Error loading image 'file:///usr/share/themes/Ambiance/gtk-3.0/assets/button-default.png': Unrecognised image file format

(system-crash-notification:21708): Gtk-WARNING **: Error loading image 'file:///usr/share/themes/Ambiance/gtk-3.0/assets/entry.png': Unrecognised image file format

(system-crash-notification:21708): Gtk-WARNING **: Error loading image 'file:///usr/share/themes/Ambiance/gtk-3.0/assets/entry-disabled.png': Unrecognised image file format

(system-crash-notification:21708): Gtk-WARNING **: Error loading image 'file:///usr/share/themes/Ambiance/gtk-3.0/assets/button.png': Unrecognised image file format

(system-crash-notification:21708): Gtk-WARNING **: Error loading image 'file:///usr/share/themes/Ambiance/gtk-3.0/assets/button-default.png': Unrecognised image file format

(system-crash-notification:21708): Gtk-WARNING **: Error loading image 'file:///usr/share/themes/Ambiance/gtk-3.0/assets/entry.png': Unrecognised image file format

(system-crash-notification:21708): Gtk-WARNING **: Error loading image 'file:///usr/share/themes/Ambiance/gtk-3.0/assets/entry-disabled.png': Unrecognised image file format

(system-crash-notification:21708): Gtk-WARNING **: Error loading image 'file:///usr/share/themes/Ambiance/gtk-3.0/assets/button.png': Unrecognised image file format

(system-crash-notification:21708): Gtk-WARNING **: Error loading image 'file:///usr/share/themes/Ambiance/gtk-3.0/assets/button-default.png': Unrecognised image file format
Tue May  2 22:42:58 IST 2017 crash report /var/crash/_usr_lib_x86_64-linux-gnu_indicator-sound_indicator-sound-service.112.crash detected
nm-applet
compiz
indicator-keyboard-service
indicator-sound-service

(system-crash-notification:23014): GdkPixbuf-WARNING **: Cannot open pixbuf loader module file '/usr/lib/x86_64-linux-gnu/gdk-pixbuf-2.0/2.10.0/loaders.cache': No such file or directory

This likely means that your installation is broken.
Try running the command
  gdk-pixbuf-query-loaders > /usr/lib/x86_64-linux-gnu/gdk-pixbuf-2.0/2.10.0/loaders.cache
to make things work again for the time being.

(system-crash-notification:23014): Gtk-WARNING **: Error loading image 'file:///usr/share/themes/Ambiance/gtk-3.0/assets/entry.png': Unrecognised image file format

(system-crash-notification:23014): Gtk-WARNING **: Error loading image 'file:///usr/share/themes/Ambiance/gtk-3.0/assets/entry-disabled.png': Unrecognised image file format

(system-crash-notification:23014): Gtk-WARNING **: Error loading image 'file:///usr/share/themes/Ambiance/gtk-3.0/assets/button.png': Unrecognised image file format

(system-crash-notification:23014): Gtk-WARNING **: Error loading image 'file:///usr/share/themes/Ambiance/gtk-3.0/assets/button-default.png': Unrecognised image file format

(system-crash-notification:23014): Gtk-WARNING **: Error loading image 'file:///usr/share/themes/Ambiance/gtk-3.0/assets/entry.png': Unrecognised image file format

(system-crash-notification:23014): Gtk-WARNING **: Error loading image 'file:///usr/share/themes/Ambiance/gtk-3.0/assets/entry-disabled.png': Unrecognised image file format

(system-crash-notification:23014): Gtk-WARNING **: Error loading image 'file:///usr/share/themes/Ambiance/gtk-3.0/assets/button.png': Unrecognised image file format

(system-crash-notification:23014): Gtk-WARNING **: Error loading image 'file:///usr/share/themes/Ambiance/gtk-3.0/assets/button-default.png': Unrecognised image file format

(system-crash-notification:23014): Gtk-WARNING **: Error loading image 'file:///usr/share/themes/Ambiance/gtk-3.0/assets/entry.png': Unrecognised image file format

(system-crash-notification:23014): Gtk-WARNING **: Error loading image 'file:///usr/share/themes/Ambiance/gtk-3.0/assets/entry-disabled.png': Unrecognised image file format

(system-crash-notification:23014): Gtk-WARNING **: Error loading image 'file:///usr/share/themes/Ambiance/gtk-3.0/assets/button.png': Unrecognised image file format

(system-crash-notification:23014): Gtk-WARNING **: Error loading image 'file:///usr/share/themes/Ambiance/gtk-3.0/assets/button-default.png': Unrecognised image file format

(system-crash-notification:23014): Gtk-WARNING **: Error loading image 'file:///usr/share/themes/Ambiance/gtk-3.0/assets/entry.png': Unrecognised image file format

(system-crash-notification:23014): Gtk-WARNING **: Error loading image 'file:///usr/share/themes/Ambiance/gtk-3.0/assets/entry-disabled.png': Unrecognised image file format

(system-crash-notification:23014): Gtk-WARNING **: Error loading image 'file:///usr/share/themes/Ambiance/gtk-3.0/assets/entry.png': Unrecognised image file format

(system-crash-notification:23014): Gtk-WARNING **: Error loading image 'file:///usr/share/themes/Ambiance/gtk-3.0/assets/entry-disabled.png': Unrecognised image file format

(system-crash-notification:23014): Gtk-WARNING **: Error loading image 'file:///usr/share/themes/Ambiance/gtk-3.0/assets/entry.png': Unrecognised image file format

(system-crash-notification:23014): Gtk-WARNING **: Error loading image 'file:///usr/share/themes/Ambiance/gtk-3.0/assets/entry-disabled.png': Unrecognised image file format

(system-crash-notification:23014): Gtk-WARNING **: Error loading image 'file:///usr/share/themes/Ambiance/gtk-3.0/assets/button.png': Unrecognised image file format

(system-crash-notification:23014): Gtk-WARNING **: Error loading image 'file:///usr/share/themes/Ambiance/gtk-3.0/assets/button-default.png': Unrecognised image file format

(system-crash-notification:23014): Gtk-WARNING **: Error loading image 'file:///usr/share/themes/Ambiance/gtk-3.0/assets/entry.png': Unrecognised image file format

(system-crash-notification:23014): Gtk-WARNING **: Error loading image 'file:///usr/share/themes/Ambiance/gtk-3.0/assets/entry-disabled.png': Unrecognised image file format

(system-crash-notification:23014): Gtk-WARNING **: Error loading image 'file:///usr/share/themes/Ambiance/gtk-3.0/assets/button.png': Unrecognised image file format

(system-crash-notification:23014): Gtk-WARNING **: Error loading image 'file:///usr/share/themes/Ambiance/gtk-3.0/assets/button-default.png': Unrecognised image file format
Tue May  2 22:44:10 IST 2017 crash report /var/crash/_usr_lib_x86_64-linux-gnu_indicator-sound_indicator-sound-service.112.crash detected
nm-applet
compiz
indicator-keyboard-service
indicator-sound-service

(system-crash-notification:24431): GdkPixbuf-WARNING **: Cannot open pixbuf loader module file '/usr/lib/x86_64-linux-gnu/gdk-pixbuf-2.0/2.10.0/loaders.cache': No such file or directory

This likely means that your installation is broken.
Try running the command
  gdk-pixbuf-query-loaders > /usr/lib/x86_64-linux-gnu/gdk-pixbuf-2.0/2.10.0/loaders.cache
to make things work again for the time being.

(system-crash-notification:24431): Gtk-WARNING **: Error loading image 'file:///usr/share/themes/Ambiance/gtk-3.0/assets/entry.png': Unrecognised image file format

(system-crash-notification:24431): Gtk-WARNING **: Error loading image 'file:///usr/share/themes/Ambiance/gtk-3.0/assets/entry-disabled.png': Unrecognised image file format

(system-crash-notification:24431): Gtk-WARNING **: Error loading image 'file:///usr/share/themes/Ambiance/gtk-3.0/assets/button.png': Unrecognised image file format

(system-crash-notification:24431): Gtk-WARNING **: Error loading image 'file:///usr/share/themes/Ambiance/gtk-3.0/assets/button-default.png': Unrecognised image file format

(system-crash-notification:24431): Gtk-WARNING **: Error loading image 'file:///usr/share/themes/Ambiance/gtk-3.0/assets/entry.png': Unrecognised image file format

(system-crash-notification:24431): Gtk-WARNING **: Error loading image 'file:///usr/share/themes/Ambiance/gtk-3.0/assets/entry-disabled.png': Unrecognised image file format

(system-crash-notification:24431): Gtk-WARNING **: Error loading image 'file:///usr/share/themes/Ambiance/gtk-3.0/assets/button.png': Unrecognised image file format

(system-crash-notification:24431): Gtk-WARNING **: Error loading image 'file:///usr/share/themes/Ambiance/gtk-3.0/assets/button-default.png': Unrecognised image file format

(system-crash-notification:24431): Gtk-WARNING **: Error loading image 'file:///usr/share/themes/Ambiance/gtk-3.0/assets/button-default-focused.png': Unrecognised image file format

(system-crash-notification:24431): Gtk-WARNING **: Error loading image 'file:///usr/share/themes/Ambiance/gtk-3.0/assets/entry.png': Unrecognised image file format

(system-crash-notification:24431): Gtk-WARNING **: Error loading image 'file:///usr/share/themes/Ambiance/gtk-3.0/assets/entry-disabled.png': Unrecognised image file format

(system-crash-notification:24431): Gtk-WARNING **: Error loading image 'file:///usr/share/themes/Ambiance/gtk-3.0/assets/button.png': Unrecognised image file format

(system-crash-notification:24431): Gtk-WARNING **: Error loading image 'file:///usr/share/themes/Ambiance/gtk-3.0/assets/button-default-focused.png': Unrecognised image file format

(system-crash-notification:24431): Gtk-WARNING **: Error loading image 'file:///usr/share/themes/Ambiance/gtk-3.0/assets/entry.png': Unrecognised image file format

(system-crash-notification:24431): Gtk-WARNING **: Error loading image 'file:///usr/share/themes/Ambiance/gtk-3.0/assets/entry-disabled.png': Unrecognised image file format

(system-crash-notification:24431): Gtk-WARNING **: Error loading image 'file:///usr/share/themes/Ambiance/gtk-3.0/assets/entry.png': Unrecognised image file format

(system-crash-notification:24431): Gtk-WARNING **: Error loading image 'file:///usr/share/themes/Ambiance/gtk-3.0/assets/entry-disabled.png': Unrecognised image file format
Tue May  2 22:47:02 IST 2017 crash report /var/crash/_usr_lib_x86_64-linux-gnu_indicator-sound_indicator-sound-service.112.crash detected
nm-applet
compiz
indicator-keyboard-service
indicator-sound-service

(system-crash-notification:25614): GdkPixbuf-WARNING **: Cannot open pixbuf loader module file '/usr/lib/x86_64-linux-gnu/gdk-pixbuf-2.0/2.10.0/loaders.cache': No such file or directory

This likely means that your installation is broken.
Try running the command
  gdk-pixbuf-query-loaders > /usr/lib/x86_64-linux-gnu/gdk-pixbuf-2.0/2.10.0/loaders.cache
to make things work again for the time being.

(system-crash-notification:25614): Gtk-WARNING **: Error loading image 'file:///usr/share/themes/Ambiance/gtk-3.0/assets/entry.png': Unrecognised image file format

(system-crash-notification:25614): Gtk-WARNING **: Error loading image 'file:///usr/share/themes/Ambiance/gtk-3.0/assets/entry-disabled.png': Unrecognised image file format

(system-crash-notification:25614): Gtk-WARNING **: Error loading image 'file:///usr/share/themes/Ambiance/gtk-3.0/assets/button.png': Unrecognised image file format

(system-crash-notification:25614): Gtk-WARNING **: Error loading image 'file:///usr/share/themes/Ambiance/gtk-3.0/assets/button-default.png': Unrecognised image file format

(system-crash-notification:25614): Gtk-WARNING **: Error loading image 'file:///usr/share/themes/Ambiance/gtk-3.0/assets/entry.png': Unrecognised image file format

(system-crash-notification:25614): Gtk-WARNING **: Error loading image 'file:///usr/share/themes/Ambiance/gtk-3.0/assets/entry-disabled.png': Unrecognised image file format

(system-crash-notification:25614): Gtk-WARNING **: Error loading image 'file:///usr/share/themes/Ambiance/gtk-3.0/assets/button.png': Unrecognised image file format

(system-crash-notification:25614): Gtk-WARNING **: Error loading image 'file:///usr/share/themes/Ambiance/gtk-3.0/assets/button-default.png': Unrecognised image file format

(system-crash-notification:25614): Gtk-WARNING **: Error loading image 'file:///usr/share/themes/Ambiance/gtk-3.0/assets/entry.png': Unrecognised image file format

(system-crash-notification:25614): Gtk-WARNING **: Error loading image 'file:///usr/share/themes/Ambiance/gtk-3.0/assets/entry-disabled.png': Unrecognised image file format

(system-crash-notification:25614): Gtk-WARNING **: Error loading image 'file:///usr/share/themes/Ambiance/gtk-3.0/assets/button.png': Unrecognised image file format

(system-crash-notification:25614): Gtk-WARNING **: Error loading image 'file:///usr/share/themes/Ambiance/gtk-3.0/assets/button-default.png': Unrecognised image file format

(system-crash-notification:25614): Gtk-WARNING **: Error loading image 'file:///usr/share/themes/Ambiance/gtk-3.0/assets/entry.png': Unrecognised image file format

(system-crash-notification:25614): Gtk-WARNING **: Error loading image 'file:///usr/share/themes/Ambiance/gtk-3.0/assets/entry-disabled.png': Unrecognised image file format

(system-crash-notification:25614): Gtk-WARNING **: Error loading image 'file:///usr/share/themes/Ambiance/gtk-3.0/assets/entry.png': Unrecognised image file format

(system-crash-notification:25614): Gtk-WARNING **: Error loading image 'file:///usr/share/themes/Ambiance/gtk-3.0/assets/entry-disabled.png': Unrecognised image file format

(system-crash-notification:25614): Gtk-WARNING **: Error loading image 'file:///usr/share/themes/Ambiance/gtk-3.0/assets/entry.png': Unrecognised image file format

(system-crash-notification:25614): Gtk-WARNING **: Error loading image 'file:///usr/share/themes/Ambiance/gtk-3.0/assets/entry-disabled.png': Unrecognised image file format

(system-crash-notification:25614): Gtk-WARNING **: Error loading image 'file:///usr/share/themes/Ambiance/gtk-3.0/assets/button.png': Unrecognised image file format

(system-crash-notification:25614): Gtk-WARNING **: Error loading image 'file:///usr/share/themes/Ambiance/gtk-3.0/assets/button-default.png': Unrecognised image file format

(system-crash-notification:25614): Gtk-WARNING **: Error loading image 'file:///usr/share/themes/Ambiance/gtk-3.0/assets/entry.png': Unrecognised image file format

(system-crash-notification:25614): Gtk-WARNING **: Error loading image 'file:///usr/share/themes/Ambiance/gtk-3.0/assets/entry-disabled.png': Unrecognised image file format
Tue May  2 22:49:20 IST 2017 crash report /var/crash/_usr_lib_x86_64-linux-gnu_indicator-sound_indicator-sound-service.112.crash detected
nm-applet
compiz
indicator-keyboard-service
indicator-sound-service

(system-crash-notification:26961): GdkPixbuf-WARNING **: Cannot open pixbuf loader module file '/usr/lib/x86_64-linux-gnu/gdk-pixbuf-2.0/2.10.0/loaders.cache': No such file or directory

This likely means that your installation is broken.
Try running the command
  gdk-pixbuf-query-loaders > /usr/lib/x86_64-linux-gnu/gdk-pixbuf-2.0/2.10.0/loaders.cache
to make things work again for the time being.

(system-crash-notification:26961): Gtk-WARNING **: Error loading image 'file:///usr/share/themes/Ambiance/gtk-3.0/assets/entry.png': Unrecognised image file format

(system-crash-notification:26961): Gtk-WARNING **: Error loading image 'file:///usr/share/themes/Ambiance/gtk-3.0/assets/entry-disabled.png': Unrecognised image file format

(system-crash-notification:26961): Gtk-WARNING **: Error loading image 'file:///usr/share/themes/Ambiance/gtk-3.0/assets/button.png': Unrecognised image file format

(system-crash-notification:26961): Gtk-WARNING **: Error loading image 'file:///usr/share/themes/Ambiance/gtk-3.0/assets/button-default.png': Unrecognised image file format

(system-crash-notification:26961): Gtk-WARNING **: Error loading image 'file:///usr/share/themes/Ambiance/gtk-3.0/assets/entry.png': Unrecognised image file format

(system-crash-notification:26961): Gtk-WARNING **: Error loading image 'file:///usr/share/themes/Ambiance/gtk-3.0/assets/entry-disabled.png': Unrecognised image file format

(system-crash-notification:26961): Gtk-WARNING **: Error loading image 'file:///usr/share/themes/Ambiance/gtk-3.0/assets/button.png': Unrecognised image file format

(system-crash-notification:26961): Gtk-WARNING **: Error loading image 'file:///usr/share/themes/Ambiance/gtk-3.0/assets/button-default.png': Unrecognised image file format

(system-crash-notification:26961): Gtk-WARNING **: Error loading image 'file:///usr/share/themes/Ambiance/gtk-3.0/assets/entry.png': Unrecognised image file format

(system-crash-notification:26961): Gtk-WARNING **: Error loading image 'file:///usr/share/themes/Ambiance/gtk-3.0/assets/entry-disabled.png': Unrecognised image file format

(system-crash-notification:26961): Gtk-WARNING **: Error loading image 'file:///usr/share/themes/Ambiance/gtk-3.0/assets/button.png': Unrecognised image file format

(system-crash-notification:26961): Gtk-WARNING **: Error loading image 'file:///usr/share/themes/Ambiance/gtk-3.0/assets/button-default.png': Unrecognised image file format

(system-crash-notification:26961): Gtk-WARNING **: Error loading image 'file:///usr/share/themes/Ambiance/gtk-3.0/assets/entry.png': Unrecognised image file format

(system-crash-notification:26961): Gtk-WARNING **: Error loading image 'file:///usr/share/themes/Ambiance/gtk-3.0/assets/entry-disabled.png': Unrecognised image file format

(system-crash-notification:26961): Gtk-WARNING **: Error loading image 'file:///usr/share/themes/Ambiance/gtk-3.0/assets/entry.png': Unrecognised image file format

(system-crash-notification:26961): Gtk-WARNING **: Error loading image 'file:///usr/share/themes/Ambiance/gtk-3.0/assets/entry-disabled.png': Unrecognised image file format

(system-crash-notification:26961): Gtk-WARNING **: Error loading image 'file:///usr/share/themes/Ambiance/gtk-3.0/assets/entry.png': Unrecognised image file format

(system-crash-notification:26961): Gtk-WARNING **: Error loading image 'file:///usr/share/themes/Ambiance/gtk-3.0/assets/entry-disabled.png': Unrecognised image file format

(system-crash-notification:26961): Gtk-WARNING **: Error loading image 'file:///usr/share/themes/Ambiance/gtk-3.0/assets/entry.png': Unrecognised image file format

(system-crash-notification:26961): Gtk-WARNING **: Error loading image 'file:///usr/share/themes/Ambiance/gtk-3.0/assets/entry-disabled.png': Unrecognised image file format
Tue May  2 22:50:31 IST 2017 crash report /var/crash/_usr_lib_x86_64-linux-gnu_indicator-sound_indicator-sound-service.112.crash detected
nm-applet
compiz
nm-applet
indicator-keyboard-service
indicator-sound-service

(system-crash-notification:29487): GdkPixbuf-WARNING **: Cannot open pixbuf loader module file '/usr/lib/x86_64-linux-gnu/gdk-pixbuf-2.0/2.10.0/loaders.cache': No such file or directory

This likely means that your installation is broken.
Try running the command
  gdk-pixbuf-query-loaders > /usr/lib/x86_64-linux-gnu/gdk-pixbuf-2.0/2.10.0/loaders.cache
to make things work again for the time being.

(system-crash-notification:29487): Gtk-WARNING **: Error loading image 'file:///usr/share/themes/Ambiance/gtk-3.0/assets/entry.png': Unrecognised image file format

(system-crash-notification:29487): Gtk-WARNING **: Error loading image 'file:///usr/share/themes/Ambiance/gtk-3.0/assets/entry-disabled.png': Unrecognised image file format

(system-crash-notification:29487): Gtk-WARNING **: Error loading image 'file:///usr/share/themes/Ambiance/gtk-3.0/assets/button.png': Unrecognised image file format

(system-crash-notification:29487): Gtk-WARNING **: Error loading image 'file:///usr/share/themes/Ambiance/gtk-3.0/assets/button-default.png': Unrecognised image file format

(system-crash-notification:29487): Gtk-WARNING **: Error loading image 'file:///usr/share/themes/Ambiance/gtk-3.0/assets/entry.png': Unrecognised image file format

(system-crash-notification:29487): Gtk-WARNING **: Error loading image 'file:///usr/share/themes/Ambiance/gtk-3.0/assets/entry-disabled.png': Unrecognised image file format

(system-crash-notification:29487): Gtk-WARNING **: Error loading image 'file:///usr/share/themes/Ambiance/gtk-3.0/assets/button.png': Unrecognised image file format

(system-crash-notification:29487): Gtk-WARNING **: Error loading image 'file:///usr/share/themes/Ambiance/gtk-3.0/assets/button-default.png': Unrecognised image file format

(system-crash-notification:29487): Gtk-WARNING **: Error loading image 'file:///usr/share/themes/Ambiance/gtk-3.0/assets/entry.png': Unrecognised image file format

(system-crash-notification:29487): Gtk-WARNING **: Error loading image 'file:///usr/share/themes/Ambiance/gtk-3.0/assets/entry-disabled.png': Unrecognised image file format

(system-crash-notification:29487): Gtk-WARNING **: Error loading image 'file:///usr/share/themes/Ambiance/gtk-3.0/assets/button.png': Unrecognised image file format

(system-crash-notification:29487): Gtk-WARNING **: Error loading image 'file:///usr/share/themes/Ambiance/gtk-3.0/assets/button-default.png': Unrecognised image file format

(system-crash-notification:29487): Gtk-WARNING **: Error loading image 'file:///usr/share/themes/Ambiance/gtk-3.0/assets/entry.png': Unrecognised image file format

(system-crash-notification:29487): Gtk-WARNING **: Error loading image 'file:///usr/share/themes/Ambiance/gtk-3.0/assets/entry-disabled.png': Unrecognised image file format

(system-crash-notification:29487): Gtk-WARNING **: Error loading image 'file:///usr/share/themes/Ambiance/gtk-3.0/assets/button.png': Unrecognised image file format

(system-crash-notification:29487): Gtk-WARNING **: Error loading image 'file:///usr/share/themes/Ambiance/gtk-3.0/assets/button-default.png': Unrecognised image file format
                                                                                                                                                                                                                                                                                                                                                                                                                                                                                                                                                                                                                                                                                                                                                                                                                                                                                                                                                                                                                                                                                                                                                                                                                                                                                                                                                                                                                                                                                                                                                                                                                                                                                                                                                                                                                                                                                                                                                                                                                                                                                                                                                                                                                                                                                                                                                                                                                                                                                                                                                                                                                                                                                               Tue May  2 22:56:28 IST 2017 crash report /var/crash/_usr_lib_x86_64-linux-gnu_indicator-sound_indicator-sound-service.112.crash detected
nm-applet
compiz
nm-applet
indicator-keyboard-service
indicator-sound-service

** (system-crash-notification:1793): WARNING **: Couldn't connect to accessibility bus: Failed to connect to socket /tmp/dbus-64tpE8Kj8I: Connection refused

(system-crash-notification:1793): GdkPixbuf-WARNING **: Cannot open pixbuf loader module file '/usr/lib/x86_64-linux-gnu/gdk-pixbuf-2.0/2.10.0/loaders.cache': No such file or directory

This likely means that your installation is broken.
Try running the command
  gdk-pixbuf-query-loaders > /usr/lib/x86_64-linux-gnu/gdk-pixbuf-2.0/2.10.0/loaders.cache
to make things work again for the time being.

(system-crash-notification:1793): Gtk-WARNING **: Error loading image 'file:///usr/share/themes/Ambiance/gtk-3.0/assets/entry.png': Unrecognised image file format

(system-crash-notification:1793): Gtk-WARNING **: Error loading image 'file:///usr/share/themes/Ambiance/gtk-3.0/assets/entry-disabled.png': Unrecognised image file format

(system-crash-notification:1793): Gtk-WARNING **: Error loading image 'file:///usr/share/themes/Ambiance/gtk-3.0/assets/button.png': Unrecognised image file format

(system-crash-notification:1793): Gtk-WARNING **: Error loading image 'file:///usr/share/themes/Ambiance/gtk-3.0/assets/button-default.png': Unrecognised image file format

(system-crash-notification:1793): Gtk-WARNING **: Error loading image 'file:///usr/share/themes/Ambiance/gtk-3.0/assets/entry.png': Unrecognised image file format

(system-crash-notification:1793): Gtk-WARNING **: Error loading image 'file:///usr/share/themes/Ambiance/gtk-3.0/assets/entry-disabled.png': Unrecognised image file format

(system-crash-notification:1793): Gtk-WARNING **: Error loading image 'file:///usr/share/themes/Ambiance/gtk-3.0/assets/button.png': Unrecognised image file format

(system-crash-notification:1793): Gtk-WARNING **: Error loading image 'file:///usr/share/themes/Ambiance/gtk-3.0/assets/button-default.png': Unrecognised image file format

(system-crash-notification:1793): Gtk-WARNING **: Error loading image 'file:///usr/share/themes/Ambiance/gtk-3.0/assets/entry.png': Unrecognised image file format

(system-crash-notification:1793): Gtk-WARNING **: Error loading image 'file:///usr/share/themes/Ambiance/gtk-3.0/assets/entry-disabled.png': Unrecognised image file format

(system-crash-notification:1793): Gtk-WARNING **: Error loading image 'file:///usr/share/themes/Ambiance/gtk-3.0/assets/button.png': Unrecognised image file format

(system-crash-notification:1793): Gtk-WARNING **: Error loading image 'file:///usr/share/themes/Ambiance/gtk-3.0/assets/button-default.png': Unrecognised image file format

(system-crash-notification:1793): Gtk-WARNING **: Error loading image 'file:///usr/share/themes/Ambiance/gtk-3.0/assets/entry.png': Unrecognised image file format

(system-crash-notification:1793): Gtk-WARNING **: Error loading image 'file:///usr/share/themes/Ambiance/gtk-3.0/assets/entry-disabled.png': Unrecognised image file format

(system-crash-notification:1793): Gtk-WARNING **: Error loading image 'file:///usr/share/themes/Ambiance/gtk-3.0/assets/button.png': Unrecognised image file format

(system-crash-notification:1793): Gtk-WARNING **: Error loading image 'file:///usr/share/themes/Ambiance/gtk-3.0/assets/button-default.png': Unrecognised image file format

(system-crash-notification:1793): Gtk-WARNING **: Error loading image 'file:///usr/share/themes/Ambiance/gtk-3.0/assets/entry.png': Unrecognised image file format

(system-crash-notification:1793): Gtk-WARNING **: Error loading image 'file:///usr/share/themes/Ambiance/gtk-3.0/assets/entry-disabled.png': Unrecognised image file format

(system-crash-notification:1793): Gtk-WARNING **: Error loading image 'file:///usr/share/themes/Ambiance/gtk-3.0/assets/button.png': Unrecognised image file format

(system-crash-notification:1793): Gtk-WARNING **: Error loading image 'file:///usr/share/themes/Ambiance/gtk-3.0/assets/button-default.png': Unrecognised image file format

(system-crash-notification:1793): Gtk-WARNING **: Error loading image 'file:///usr/share/themes/Ambiance/gtk-3.0/assets/entry.png': Unrecognised image file format

(system-crash-notification:1793): Gtk-WARNING **: Error loading image 'file:///usr/share/themes/Ambiance/gtk-3.0/assets/entry-disabled.png': Unrecognised image file format

(system-crash-notification:1793): Gtk-WARNING **: Error loading image 'file:///usr/share/themes/Ambiance/gtk-3.0/assets/entry.png': Unrecognised image file format

(system-crash-notification:1793): Gtk-WARNING **: Error loading image 'file:///usr/share/themes/Ambiance/gtk-3.0/assets/entry-disabled.png': Unrecognised image file format

(system-crash-notification:1793): Gtk-WARNING **: Error loading image 'file:///usr/share/themes/Ambiance/gtk-3.0/assets/entry.png': Unrecognised image file format

(system-crash-notification:1793): Gtk-WARNING **: Error loading image 'file:///usr/share/themes/Ambiance/gtk-3.0/assets/entry-disabled.png': Unrecognised image file format

(system-crash-notification:1793): Gtk-WARNING **: Error loading image 'file:///usr/share/themes/Ambiance/gtk-3.0/assets/entry.png': Unrecognised image file format

(system-crash-notification:1793): Gtk-WARNING **: Error loading image 'file:///usr/share/themes/Ambiance/gtk-3.0/assets/entry-disabled.png': Unrecognised image file format

(system-crash-notification:1793): Gtk-WARNING **: Error loading image 'file:///usr/share/themes/Ambiance/gtk-3.0/assets/entry.png': Unrecognised image file format

(system-crash-notification:1793): Gtk-WARNING **: Error loading image 'file:///usr/share/themes/Ambiance/gtk-3.0/assets/entry-disabled.png': Unrecognised image file format

(system-crash-notification:1793): Gtk-WARNING **: Error loading image 'file:///usr/share/themes/Ambiance/gtk-3.0/assets/entry.png': Unrecognised image file format

(system-crash-notification:1793): Gtk-WARNING **: Error loading image 'file:///usr/share/themes/Ambiance/gtk-3.0/assets/entry-disabled.png': Unrecognised image file format

(system-crash-notification:1793): Gtk-WARNING **: Error loading image 'file:///usr/share/themes/Ambiance/gtk-3.0/assets/entry.png': Unrecognised image file format

(system-crash-notification:1793): Gtk-WARNING **: Error loading image 'file:///usr/share/themes/Ambiance/gtk-3.0/assets/entry-disabled.png': Unrecognised image file format

(system-crash-notification:1793): Gtk-WARNING **: Error loading image 'file:///usr/share/themes/Ambiance/gtk-3.0/assets/entry.png': Unrecognised image file format

(system-crash-notification:1793): Gtk-WARNING **: Error loading image 'file:///usr/share/themes/Ambiance/gtk-3.0/assets/entry-disabled.png': Unrecognised image file format

(system-crash-notification:1793): Gtk-WARNING **: Error loading image 'file:///usr/share/themes/Ambiance/gtk-3.0/assets/entry.png': Unrecognised image file format

(system-crash-notification:1793): Gtk-WARNING **: Error loading image 'file:///usr/share/themes/Ambiance/gtk-3.0/assets/entry-disabled.png': Unrecognised image file format

(system-crash-notification:1793): Gtk-WARNING **: Error loading image 'file:///usr/share/themes/Ambiance/gtk-3.0/assets/entry.png': Unrecognised image file format

(system-crash-notification:1793): Gtk-WARNING **: Error loading image 'file:///usr/share/themes/Ambiance/gtk-3.0/assets/entry-disabled.png': Unrecognised image file format

(system-crash-notification:1793): Gtk-WARNING **: Error loading image 'file:///usr/share/themes/Ambiance/gtk-3.0/assets/entry.png': Unrecognised image file format

(system-crash-notification:1793): Gtk-WARNING **: Error loading image 'file:///usr/share/themes/Ambiance/gtk-3.0/assets/entry-disabled.png': Unrecognised image file format

(system-crash-notification:1793): Gtk-WARNING **: Error loading image 'file:///usr/share/themes/Ambiance/gtk-3.0/assets/entry.png': Unrecognised image file format

(system-crash-notification:1793): Gtk-WARNING **: Error loading image 'file:///usr/share/themes/Ambiance/gtk-3.0/assets/entry-disabled.png': Unrecognised image file format

(system-crash-notification:1793): Gtk-WARNING **: Error loading image 'file:///usr/share/themes/Ambiance/gtk-3.0/assets/entry.png': Unrecognised image file format

(system-crash-notification:1793): Gtk-WARNING **: Error loading image 'file:///usr/share/themes/Ambiance/gtk-3.0/assets/entry-disabled.png': Unrecognised image file format

(system-crash-notification:1793): Gtk-WARNING **: Error loading image 'file:///usr/share/themes/Ambiance/gtk-3.0/assets/entry.png': Unrecognised image file format

(system-crash-notification:1793): Gtk-WARNING **: Error loading image 'file:///usr/share/themes/Ambiance/gtk-3.0/assets/entry-disabled.png': Unrecognised image file format

(system-crash-notification:1793): Gtk-WARNING **: Error loading image 'file:///usr/share/themes/Ambiance/gtk-3.0/assets/entry.png': Unrecognised image file format

(system-crash-notification:1793): Gtk-WARNING **: Error loading image 'file:///usr/share/themes/Ambiance/gtk-3.0/assets/entry-disabled.png': Unrecognised image file format

(system-crash-notification:1793): Gtk-WARNING **: Error loading image 'file:///usr/share/themes/Ambiance/gtk-3.0/assets/entry.png': Unrecognised image file format

(system-crash-notification:1793): Gtk-WARNING **: Error loading image 'file:///usr/share/themes/Ambiance/gtk-3.0/assets/entry-disabled.png': Unrecognised image file format

(system-crash-notification:1793): Gtk-WARNING **: Error loading image 'file:///usr/share/themes/Ambiance/gtk-3.0/assets/entry.png': Unrecognised image file format

(system-crash-notification:1793): Gtk-WARNING **: Error loading image 'file:///usr/share/themes/Ambiance/gtk-3.0/assets/entry-disabled.png': Unrecognised image file format

(system-crash-notification:1793): Gtk-WARNING **: Error loading image 'file:///usr/share/themes/Ambiance/gtk-3.0/assets/button.png': Unrecognised image file format

(system-crash-notification:1793): Gtk-WARNING **: Error loading image 'file:///usr/share/themes/Ambiance/gtk-3.0/assets/button-default.png': Unrecognised image file format
Tue May  2 23:47:20 IST 2017 crash report /var/crash/_usr_lib_x86_64-linux-gnu_indicator-sound_indicator-sound-service.112.crash detected
nm-applet
compiz
nm-applet
indicator-keyboard-service
indicator-sound-service

(system-crash-notification:6902): GdkPixbuf-WARNING **: Cannot open pixbuf loader module file '/usr/lib/x86_64-linux-gnu/gdk-pixbuf-2.0/2.10.0/loaders.cache': No such file or directory

This likely means that your installation is broken.
Try running the command
  gdk-pixbuf-query-loaders > /usr/lib/x86_64-linux-gnu/gdk-pixbuf-2.0/2.10.0/loaders.cache
to make things work again for the time being.

(system-crash-notification:6902): Gtk-WARNING **: Error loading image 'file:///usr/share/themes/Ambiance/gtk-3.0/assets/entry.png': Unrecognised image file format

(system-crash-notification:6902): Gtk-WARNING **: Error loading image 'file:///usr/share/themes/Ambiance/gtk-3.0/assets/entry-disabled.png': Unrecognised image file format

(system-crash-notification:6902): Gtk-WARNING **: Error loading image 'file:///usr/share/themes/Ambiance/gtk-3.0/assets/button.png': Unrecognised image file format

(system-crash-notification:6902): Gtk-WARNING **: Error loading image 'file:///usr/share/themes/Ambiance/gtk-3.0/assets/button-default.png': Unrecognised image file format

(system-crash-notification:6902): Gtk-WARNING **: Error loading image 'file:///usr/share/themes/Ambiance/gtk-3.0/assets/entry.png': Unrecognised image file format

(system-crash-notification:6902): Gtk-WARNING **: Error loading image 'file:///usr/share/themes/Ambiance/gtk-3.0/assets/entry-disabled.png': Unrecognised image file format

(system-crash-notification:6902): Gtk-WARNING **: Error loading image 'file:///usr/share/themes/Ambiance/gtk-3.0/assets/button.png': Unrecognised image file format

(system-crash-notification:6902): Gtk-WARNING **: Error loading image 'file:///usr/share/themes/Ambiance/gtk-3.0/assets/button-default.png': Unrecognised image file format

(system-crash-notification:6902): Gtk-WARNING **: Error loading image 'file:///usr/share/themes/Ambiance/gtk-3.0/assets/entry.png': Unrecognised image file format

(system-crash-notification:6902): Gtk-WARNING **: Error loading image 'file:///usr/share/themes/Ambiance/gtk-3.0/assets/entry-disabled.png': Unrecognised image file format

(system-crash-notification:6902): Gtk-WARNING **: Error loading image 'file:///usr/share/themes/Ambiance/gtk-3.0/assets/button.png': Unrecognised image file format

(system-crash-notification:6902): Gtk-WARNING **: Error loading image 'file:///usr/share/themes/Ambiance/gtk-3.0/assets/button-default.png': Unrecognised image file format

(system-crash-notification:6902): Gtk-WARNING **: Error loading image 'file:///usr/share/themes/Ambiance/gtk-3.0/assets/entry.png': Unrecognised image file format

(system-crash-notification:6902): Gtk-WARNING **: Error loading image 'file:///usr/share/themes/Ambiance/gtk-3.0/assets/entry-disabled.png': Unrecognised image file format

(system-crash-notification:6902): Gtk-WARNING **: Error loading image 'file:///usr/share/themes/Ambiance/gtk-3.0/assets/entry.png': Unrecognised image file format

(system-crash-notification:6902): Gtk-WARNING **: Error loading image 'file:///usr/share/themes/Ambiance/gtk-3.0/assets/entry-disabled.png': Unrecognised image file format

(system-crash-notification:6902): Gtk-WARNING **: Error loading image 'file:///usr/share/themes/Ambiance/gtk-3.0/assets/entry.png': Unrecognised image file format

(system-crash-notification:6902): Gtk-WARNING **: Error loading image 'file:///usr/share/themes/Ambiance/gtk-3.0/assets/entry-disabled.png': Unrecognised image file format

(system-crash-notification:6902): Gtk-WARNING **: Error loading image 'file:///usr/share/themes/Ambiance/gtk-3.0/assets/button.png': Unrecognised image file format

(system-crash-notification:6902): Gtk-WARNING **: Error loading image 'file:///usr/share/themes/Ambiance/gtk-3.0/assets/button-default.png': Unrecognised image file format
Tue May  2 23:47:58 IST 2017 crash report /var/crash/_usr_lib_x86_64-linux-gnu_indicator-sound_indicator-sound-service.112.crash detected
nm-applet
compiz
nm-applet
indicator-keyboard-service
indicator-sound-service

(system-crash-notification:8156): GdkPixbuf-WARNING **: Cannot open pixbuf loader module file '/usr/lib/x86_64-linux-gnu/gdk-pixbuf-2.0/2.10.0/loaders.cache': No such file or directory

This likely means that your installation is broken.
Try running the command
  gdk-pixbuf-query-loaders > /usr/lib/x86_64-linux-gnu/gdk-pixbuf-2.0/2.10.0/loaders.cache
to make things work again for the time being.

(system-crash-notification:8156): Gtk-WARNING **: Error loading image 'file:///usr/share/themes/Ambiance/gtk-3.0/assets/entry.png': Unrecognised image file format

(system-crash-notification:8156): Gtk-WARNING **: Error loading image 'file:///usr/share/themes/Ambiance/gtk-3.0/assets/entry-disabled.png': Unrecognised image file format

(system-crash-notification:8156): Gtk-WARNING **: Error loading image 'file:///usr/share/themes/Ambiance/gtk-3.0/assets/button.png': Unrecognised image file format

(system-crash-notification:8156): Gtk-WARNING **: Error loading image 'file:///usr/share/themes/Ambiance/gtk-3.0/assets/button-default.png': Unrecognised image file format

(system-crash-notification:8156): Gtk-WARNING **: Error loading image 'file:///usr/share/themes/Ambiance/gtk-3.0/assets/entry.png': Unrecognised image file format

(system-crash-notification:8156): Gtk-WARNING **: Error loading image 'file:///usr/share/themes/Ambiance/gtk-3.0/assets/entry-disabled.png': Unrecognised image file format

(system-crash-notification:8156): Gtk-WARNING **: Error loading image 'file:///usr/share/themes/Ambiance/gtk-3.0/assets/button.png': Unrecognised image file format

(system-crash-notification:8156): Gtk-WARNING **: Error loading image 'file:///usr/share/themes/Ambiance/gtk-3.0/assets/button-default.png': Unrecognised image file format

(system-crash-notification:8156): Gtk-WARNING **: Error loading image 'file:///usr/share/themes/Ambiance/gtk-3.0/assets/entry.png': Unrecognised image file format

(system-crash-notification:8156): Gtk-WARNING **: Error loading image 'file:///usr/share/themes/Ambiance/gtk-3.0/assets/entry-disabled.png': Unrecognised image file format

(system-crash-notification:8156): Gtk-WARNING **: Error loading image 'file:///usr/share/themes/Ambiance/gtk-3.0/assets/button.png': Unrecognised image file format

(system-crash-notification:8156): Gtk-WARNING **: Error loading image 'file:///usr/share/themes/Ambiance/gtk-3.0/assets/button-default.png': Unrecognised image file format

(system-crash-notification:8156): Gtk-WARNING **: Error loading image 'file:///usr/share/themes/Ambiance/gtk-3.0/assets/entry.png': Unrecognised image file format

(system-crash-notification:8156): Gtk-WARNING **: Error loading image 'file:///usr/share/themes/Ambiance/gtk-3.0/assets/entry-disabled.png': Unrecognised image file format

(system-crash-notification:8156): Gtk-WARNING **: Error loading image 'file:///usr/share/themes/Ambiance/gtk-3.0/assets/entry.png': Unrecognised image file format

(system-crash-notification:8156): Gtk-WARNING **: Error loading image 'file:///usr/share/themes/Ambiance/gtk-3.0/assets/entry-disabled.png': Unrecognised image file format
                                                                                                                                                                                                                                                                                                                                                                                                                                                                                                                                                                                                                                                                                                                                                                                                                                                                                                                                                                                                                                                                                                                                                                                                                                                                                                                                                                                                                                                                                                                                                                                                                                                                                                                                                                                                                                                                                                                                                                                                                                                                                                                                                                                                                                                                                                                                                                                                                                                                                                                                                                                                                                                                                                                                                                                                                                              Wed May  3 01:38:49 IST 2017 crash report /var/crash/_usr_lib_x86_64-linux-gnu_indicator-sound_indicator-sound-service.112.crash detected
nm-applet
compiz
nm-applet
indicator-keyboard-service
indicator-sound-service

(system-crash-notification:1838): GdkPixbuf-WARNING **: Cannot open pixbuf loader module file '/usr/lib/x86_64-linux-gnu/gdk-pixbuf-2.0/2.10.0/loaders.cache': No such file or directory

This likely means that your installation is broken.
Try running the command
  gdk-pixbuf-query-loaders > /usr/lib/x86_64-linux-gnu/gdk-pixbuf-2.0/2.10.0/loaders.cache
to make things work again for the time being.

(system-crash-notification:1838): Gtk-WARNING **: Error loading image 'file:///usr/share/themes/Ambiance/gtk-3.0/assets/entry.png': Unrecognised image file format

(system-crash-notification:1838): Gtk-WARNING **: Error loading image 'file:///usr/share/themes/Ambiance/gtk-3.0/assets/entry-disabled.png': Unrecognised image file format

(system-crash-notification:1838): Gtk-WARNING **: Error loading image 'file:///usr/share/themes/Ambiance/gtk-3.0/assets/button.png': Unrecognised image file format

(system-crash-notification:1838): Gtk-WARNING **: Error loading image 'file:///usr/share/themes/Ambiance/gtk-3.0/assets/button-default.png': Unrecognised image file format

(system-crash-notification:1838): Gtk-WARNING **: Error loading image 'file:///usr/share/themes/Ambiance/gtk-3.0/assets/entry.png': Unrecognised image file format

(system-crash-notification:1838): Gtk-WARNING **: Error loading image 'file:///usr/share/themes/Ambiance/gtk-3.0/assets/entry-disabled.png': Unrecognised image file format

(system-crash-notification:1838): Gtk-WARNING **: Error loading image 'file:///usr/share/themes/Ambiance/gtk-3.0/assets/button.png': Unrecognised image file format

(system-crash-notification:1838): Gtk-WARNING **: Error loading image 'file:///usr/share/themes/Ambiance/gtk-3.0/assets/button-default.png': Unrecognised image file format

(system-crash-notification:1838): Gtk-WARNING **: Error loading image 'file:///usr/share/themes/Ambiance/gtk-3.0/assets/entry.png': Unrecognised image file format

(system-crash-notification:1838): Gtk-WARNING **: Error loading image 'file:///usr/share/themes/Ambiance/gtk-3.0/assets/entry-disabled.png': Unrecognised image file format

(system-crash-notification:1838): Gtk-WARNING **: Error loading image 'file:///usr/share/themes/Ambiance/gtk-3.0/assets/button.png': Unrecognised image file format

(system-crash-notification:1838): Gtk-WARNING **: Error loading image 'file:///usr/share/themes/Ambiance/gtk-3.0/assets/button-default.png': Unrecognised image file format

(system-crash-notification:1838): Gtk-WARNING **: Error loading image 'file:///usr/share/themes/Ambiance/gtk-3.0/assets/entry.png': Unrecognised image file format

(system-crash-notification:1838): Gtk-WARNING **: Error loading image 'file:///usr/share/themes/Ambiance/gtk-3.0/assets/entry-disabled.png': Unrecognised image file format

(system-crash-notification:1838): Gtk-WARNING **: Error loading image 'file:///usr/share/themes/Ambiance/gtk-3.0/assets/button.png': Unrecognised image file format

(system-crash-notification:1838): Gtk-WARNING **: Error loading image 'file:///usr/share/themes/Ambiance/gtk-3.0/assets/button-default.png': Unrecognised image file format

(system-crash-notification:1838): Gtk-WARNING **: Error loading image 'file:///usr/share/themes/Ambiance/gtk-3.0/assets/entry.png': Unrecognised image file format

(system-crash-notification:1838): Gtk-WARNING **: Error loading image 'file:///usr/share/themes/Ambiance/gtk-3.0/assets/entry-disabled.png': Unrecognised image file format

(system-crash-notification:1838): Gtk-WARNING **: Error loading image 'file:///usr/share/themes/Ambiance/gtk-3.0/assets/button.png': Unrecognised image file format

(system-crash-notification:1838): Gtk-WARNING **: Error loading image 'file:///usr/share/themes/Ambiance/gtk-3.0/assets/button-default.png': Unrecognised image file format

(system-crash-notification:1838): Gtk-WARNING **: Error loading image 'file:///usr/share/themes/Ambiance/gtk-3.0/assets/entry.png': Unrecognised image file format

(system-crash-notification:1838): Gtk-WARNING **: Error loading image 'file:///usr/share/themes/Ambiance/gtk-3.0/assets/entry-disabled.png': Unrecognised image file format

(system-crash-notification:1838): Gtk-WARNING **: Error loading image 'file:///usr/share/themes/Ambiance/gtk-3.0/assets/button.png': Unrecognised image file format

(system-crash-notification:1838): Gtk-WARNING **: Error loading image 'file:///usr/share/themes/Ambiance/gtk-3.0/assets/button-default.png': Unrecognised image file format

(system-crash-notification:1838): Gtk-WARNING **: Error loading image 'file:///usr/share/themes/Ambiance/gtk-3.0/assets/entry.png': Unrecognised image file format

(system-crash-notification:1838): Gtk-WARNING **: Error loading image 'file:///usr/share/themes/Ambiance/gtk-3.0/assets/entry-disabled.png': Unrecognised image file format

(system-crash-notification:1838): Gtk-WARNING **: Error loading image 'file:///usr/share/themes/Ambiance/gtk-3.0/assets/entry.png': Unrecognised image file format

(system-crash-notification:1838): Gtk-WARNING **: Error loading image 'file:///usr/share/themes/Ambiance/gtk-3.0/assets/entry-disabled.png': Unrecognised image file format

(system-crash-notification:1838): Gtk-WARNING **: Error loading image 'file:///usr/share/themes/Ambiance/gtk-3.0/assets/entry.png': Unrecognised image file format

(system-crash-notification:1838): Gtk-WARNING **: Error loading image 'file:///usr/share/themes/Ambiance/gtk-3.0/assets/entry-disabled.png': Unrecognised image file format

(system-crash-notification:1838): Gtk-WARNING **: Error loading image 'file:///usr/share/themes/Ambiance/gtk-3.0/assets/entry.png': Unrecognised image file format

(system-crash-notification:1838): Gtk-WARNING **: Error loading image 'file:///usr/share/themes/Ambiance/gtk-3.0/assets/entry-disabled.png': Unrecognised image file format

(system-crash-notification:1838): Gtk-WARNING **: Error loading image 'file:///usr/share/themes/Ambiance/gtk-3.0/assets/entry.png': Unrecognised image file format

(system-crash-notification:1838): Gtk-WARNING **: Error loading image 'file:///usr/share/themes/Ambiance/gtk-3.0/assets/entry-disabled.png': Unrecognised image file format

(system-crash-notification:1838): Gtk-WARNING **: Error loading image 'file:///usr/share/themes/Ambiance/gtk-3.0/assets/entry.png': Unrecognised image file format

(system-crash-notification:1838): Gtk-WARNING **: Error loading image 'file:///usr/share/themes/Ambiance/gtk-3.0/assets/entry-disabled.png': Unrecognised image file format

(system-crash-notification:1838): Gtk-WARNING **: Error loading image 'file:///usr/share/themes/Ambiance/gtk-3.0/assets/entry.png': Unrecognised image file format

(system-crash-notification:1838): Gtk-WARNING **: Error loading image 'file:///usr/share/themes/Ambiance/gtk-3.0/assets/entry-disabled.png': Unrecognised image file format

(system-crash-notification:1838): Gtk-WARNING **: Error loading image 'file:///usr/share/themes/Ambiance/gtk-3.0/assets/entry.png': Unrecognised image file format

(system-crash-notification:1838): Gtk-WARNING **: Error loading image 'file:///usr/share/themes/Ambiance/gtk-3.0/assets/entry-disabled.png': Unrecognised image file format

(system-crash-notification:1838): Gtk-WARNING **: Error loading image 'file:///usr/share/themes/Ambiance/gtk-3.0/assets/entry.png': Unrecognised image file format

(system-crash-notification:1838): Gtk-WARNING **: Error loading image 'file:///usr/share/themes/Ambiance/gtk-3.0/assets/entry-disabled.png': Unrecognised image file format

(system-crash-notification:1838): Gtk-WARNING **: Error loading image 'file:///usr/share/themes/Ambiance/gtk-3.0/assets/entry.png': Unrecognised image file format

(system-crash-notification:1838): Gtk-WARNING **: Error loading image 'file:///usr/share/themes/Ambiance/gtk-3.0/assets/entry-disabled.png': Unrecognised image file format

(system-crash-notification:1838): Gtk-WARNING **: Error loading image 'file:///usr/share/themes/Ambiance/gtk-3.0/assets/entry.png': Unrecognised image file format

(system-crash-notification:1838): Gtk-WARNING **: Error loading image 'file:///usr/share/themes/Ambiance/gtk-3.0/assets/entry-disabled.png': Unrecognised image file format

(system-crash-notification:1838): Gtk-WARNING **: Error loading image 'file:///usr/share/themes/Ambiance/gtk-3.0/assets/entry.png': Unrecognised image file format

(system-crash-notification:1838): Gtk-WARNING **: Error loading image 'file:///usr/share/themes/Ambiance/gtk-3.0/assets/entry-disabled.png': Unrecognised image file format

(system-crash-notification:1838): Gtk-WARNING **: Error loading image 'file:///usr/share/themes/Ambiance/gtk-3.0/assets/entry.png': Unrecognised image file format

(system-crash-notification:1838): Gtk-WARNING **: Error loading image 'file:///usr/share/themes/Ambiance/gtk-3.0/assets/entry-disabled.png': Unrecognised image file format

(system-crash-notification:1838): Gtk-WARNING **: Error loading image 'file:///usr/share/themes/Ambiance/gtk-3.0/assets/entry.png': Unrecognised image file format

(system-crash-notification:1838): Gtk-WARNING **: Error loading image 'file:///usr/share/themes/Ambiance/gtk-3.0/assets/entry-disabled.png': Unrecognised image file format

(system-crash-notification:1838): Gtk-WARNING **: Error loading image 'file:///usr/share/themes/Ambiance/gtk-3.0/assets/entry.png': Unrecognised image file format

(system-crash-notification:1838): Gtk-WARNING **: Error loading image 'file:///usr/share/themes/Ambiance/gtk-3.0/assets/entry-disabled.png': Unrecognised image file format

(system-crash-notification:1838): Gtk-WARNING **: Error loading image 'file:///usr/share/themes/Ambiance/gtk-3.0/assets/entry.png': Unrecognised image file format

(system-crash-notification:1838): Gtk-WARNING **: Error loading image 'file:///usr/share/themes/Ambiance/gtk-3.0/assets/entry-disabled.png': Unrecognised image file format

(system-crash-notification:1838): Gtk-WARNING **: Error loading image 'file:///usr/share/themes/Ambiance/gtk-3.0/assets/entry.png': Unrecognised image file format

(system-crash-notification:1838): Gtk-WARNING **: Error loading image 'file:///usr/share/themes/Ambiance/gtk-3.0/assets/entry-disabled.png': Unrecognised image file format
