Tue May  2 22:14:23 IST 2017 crash report /var/crash/_usr_bin_nm-applet.112.crash detected
nm-applet
indicator-keyboard-service
indicator-sound-service

(system-crash-notification:4669): GdkPixbuf-WARNING **: Cannot open pixbuf loader module file '/usr/lib/x86_64-linux-gnu/gdk-pixbuf-2.0/2.10.0/loaders.cache': No such file or directory

This likely means that your installation is broken.
Try running the command
  gdk-pixbuf-query-loaders > /usr/lib/x86_64-linux-gnu/gdk-pixbuf-2.0/2.10.0/loaders.cache
to make things work again for the time being.

(system-crash-notification:4669): Gtk-WARNING **: Error loading image 'file:///usr/share/themes/Ambiance/gtk-3.0/assets/entry.png': Unrecognised image file format

(system-crash-notification:4669): Gtk-WARNING **: Error loading image 'file:///usr/share/themes/Ambiance/gtk-3.0/assets/entry-disabled.png': Unrecognised image file format

(system-crash-notification:4669): Gtk-WARNING **: Error loading image 'file:///usr/share/themes/Ambiance/gtk-3.0/assets/button.png': Unrecognised image file format

(system-crash-notification:4669): Gtk-WARNING **: Error loading image 'file:///usr/share/themes/Ambiance/gtk-3.0/assets/button-default.png': Unrecognised image file format

(system-crash-notification:4669): Gtk-WARNING **: Error loading image 'file:///usr/share/themes/Ambiance/gtk-3.0/assets/entry.png': Unrecognised image file format

(system-crash-notification:4669): Gtk-WARNING **: Error loading image 'file:///usr/share/themes/Ambiance/gtk-3.0/assets/entry-disabled.png': Unrecognised image file format

(system-crash-notification:4669): Gtk-WARNING **: Error loading image 'file:///usr/share/themes/Ambiance/gtk-3.0/assets/button.png': Unrecognised image file format

(system-crash-notification:4669): Gtk-WARNING **: Error loading image 'file:///usr/share/themes/Ambiance/gtk-3.0/assets/button-default.png': Unrecognised image file format

(system-crash-notification:4669): Gtk-WARNING **: Error loading image 'file:///usr/share/themes/Ambiance/gtk-3.0/assets/entry.png': Unrecognised image file format

(system-crash-notification:4669): Gtk-WARNING **: Error loading image 'file:///usr/share/themes/Ambiance/gtk-3.0/assets/entry-disabled.png': Unrecognised image file format

(system-crash-notification:4669): Gtk-WARNING **: Error loading image 'file:///usr/share/themes/Ambiance/gtk-3.0/assets/button.png': Unrecognised image file format

(system-crash-notification:4669): Gtk-WARNING **: Error loading image 'file:///usr/share/themes/Ambiance/gtk-3.0/assets/button-default.png': Unrecognised image file format

(system-crash-notification:4669): Gtk-WARNING **: Error loading image 'file:///usr/share/themes/Ambiance/gtk-3.0/assets/entry.png': Unrecognised image file format

(system-crash-notification:4669): Gtk-WARNING **: Error loading image 'file:///usr/share/themes/Ambiance/gtk-3.0/assets/entry-disabled.png': Unrecognised image file format

(system-crash-notification:4669): Gtk-WARNING **: Error loading image 'file:///usr/share/themes/Ambiance/gtk-3.0/assets/entry.png': Unrecognised image file format

(system-crash-notification:4669): Gtk-WARNING **: Error loading image 'file:///usr/share/themes/Ambiance/gtk-3.0/assets/entry-disabled.png': Unrecognised image file format

(system-crash-notification:4669): Gtk-WARNING **: Error loading image 'file:///usr/share/themes/Ambiance/gtk-3.0/assets/entry.png': Unrecognised image file format

(system-crash-notification:4669): Gtk-WARNING **: Error loading image 'file:///usr/share/themes/Ambiance/gtk-3.0/assets/entry-disabled.png': Unrecognised image file format

(system-crash-notification:4669): Gtk-WARNING **: Error loading image 'file:///usr/share/themes/Ambiance/gtk-3.0/assets/entry.png': Unrecognised image file format

(system-crash-notification:4669): Gtk-WARNING **: Error loading image 'file:///usr/share/themes/Ambiance/gtk-3.0/assets/entry-disabled.png': Unrecognised image file format

(system-crash-notification:4669): Gtk-WARNING **: Error loading image 'file:///usr/share/themes/Ambiance/gtk-3.0/assets/button.png': Unrecognised image file format

(system-crash-notification:4669): Gtk-WARNING **: Error loading image 'file:///usr/share/themes/Ambiance/gtk-3.0/assets/button-default.png': Unrecognised image file format
Tue May  2 22:14:41 IST 2017 crash report /var/crash/_usr_bin_nm-applet.112.crash detected
nm-applet
indicator-keyboard-service
indicator-sound-service

(system-crash-notification:5807): GdkPixbuf-WARNING **: Cannot open pixbuf loader module file '/usr/lib/x86_64-linux-gnu/gdk-pixbuf-2.0/2.10.0/loaders.cache': No such file or directory

This likely means that your installation is broken.
Try running the command
  gdk-pixbuf-query-loaders > /usr/lib/x86_64-linux-gnu/gdk-pixbuf-2.0/2.10.0/loaders.cache
to make things work again for the time being.

(system-crash-notification:5807): Gtk-WARNING **: Error loading image 'file:///usr/share/themes/Ambiance/gtk-3.0/assets/entry.png': Unrecognised image file format

(system-crash-notification:5807): Gtk-WARNING **: Error loading image 'file:///usr/share/themes/Ambiance/gtk-3.0/assets/entry-disabled.png': Unrecognised image file format

(system-crash-notification:5807): Gtk-WARNING **: Error loading image 'file:///usr/share/themes/Ambiance/gtk-3.0/assets/button.png': Unrecognised image file format

(system-crash-notification:5807): Gtk-WARNING **: Error loading image 'file:///usr/share/themes/Ambiance/gtk-3.0/assets/button-default.png': Unrecognised image file format

(system-crash-notification:5807): Gtk-WARNING **: Error loading image 'file:///usr/share/themes/Ambiance/gtk-3.0/assets/entry.png': Unrecognised image file format

(system-crash-notification:5807): Gtk-WARNING **: Error loading image 'file:///usr/share/themes/Ambiance/gtk-3.0/assets/entry-disabled.png': Unrecognised image file format

(system-crash-notification:5807): Gtk-WARNING **: Error loading image 'file:///usr/share/themes/Ambiance/gtk-3.0/assets/button.png': Unrecognised image file format

(system-crash-notification:5807): Gtk-WARNING **: Error loading image 'file:///usr/share/themes/Ambiance/gtk-3.0/assets/button-default.png': Unrecognised image file format

(system-crash-notification:5807): Gtk-WARNING **: Error loading image 'file:///usr/share/themes/Ambiance/gtk-3.0/assets/entry.png': Unrecognised image file format

(system-crash-notification:5807): Gtk-WARNING **: Error loading image 'file:///usr/share/themes/Ambiance/gtk-3.0/assets/entry-disabled.png': Unrecognised image file format

(system-crash-notification:5807): Gtk-WARNING **: Error loading image 'file:///usr/share/themes/Ambiance/gtk-3.0/assets/button.png': Unrecognised image file format

(system-crash-notification:5807): Gtk-WARNING **: Error loading image 'file:///usr/share/themes/Ambiance/gtk-3.0/assets/button-default.png': Unrecognised image file format

(system-crash-notification:5807): Gtk-WARNING **: Error loading image 'file:///usr/share/themes/Ambiance/gtk-3.0/assets/entry.png': Unrecognised image file format

(system-crash-notification:5807): Gtk-WARNING **: Error loading image 'file:///usr/share/themes/Ambiance/gtk-3.0/assets/entry-disabled.png': Unrecognised image file format

(system-crash-notification:5807): Gtk-WARNING **: Error loading image 'file:///usr/share/themes/Ambiance/gtk-3.0/assets/button.png': Unrecognised image file format

(system-crash-notification:5807): Gtk-WARNING **: Error loading image 'file:///usr/share/themes/Ambiance/gtk-3.0/assets/button-default.png': Unrecognised image file format
Tue May  2 22:31:44 IST 2017 crash report /var/crash/_usr_bin_nm-applet.112.crash detected
nm-applet
indicator-keyboard-service
indicator-sound-service

(system-crash-notification:7193): GdkPixbuf-WARNING **: Cannot open pixbuf loader module file '/usr/lib/x86_64-linux-gnu/gdk-pixbuf-2.0/2.10.0/loaders.cache': No such file or directory

This likely means that your installation is broken.
Try running the command
  gdk-pixbuf-query-loaders > /usr/lib/x86_64-linux-gnu/gdk-pixbuf-2.0/2.10.0/loaders.cache
to make things work again for the time being.

(system-crash-notification:7193): Gtk-WARNING **: Error loading image 'file:///usr/share/themes/Ambiance/gtk-3.0/assets/entry.png': Unrecognised image file format

(system-crash-notification:7193): Gtk-WARNING **: Error loading image 'file:///usr/share/themes/Ambiance/gtk-3.0/assets/entry-disabled.png': Unrecognised image file format

(system-crash-notification:7193): Gtk-WARNING **: Error loading image 'file:///usr/share/themes/Ambiance/gtk-3.0/assets/button.png': Unrecognised image file format

(system-crash-notification:7193): Gtk-WARNING **: Error loading image 'file:///usr/share/themes/Ambiance/gtk-3.0/assets/button-default.png': Unrecognised image file format

(system-crash-notification:7193): Gtk-WARNING **: Error loading image 'file:///usr/share/themes/Ambiance/gtk-3.0/assets/entry.png': Unrecognised image file format

(system-crash-notification:7193): Gtk-WARNING **: Error loading image 'file:///usr/share/themes/Ambiance/gtk-3.0/assets/entry-disabled.png': Unrecognised image file format

(system-crash-notification:7193): Gtk-WARNING **: Error loading image 'file:///usr/share/themes/Ambiance/gtk-3.0/assets/button.png': Unrecognised image file format

(system-crash-notification:7193): Gtk-WARNING **: Error loading image 'file:///usr/share/themes/Ambiance/gtk-3.0/assets/button-default.png': Unrecognised image file format

(system-crash-notification:7193): Gtk-WARNING **: Error loading image 'file:///usr/share/themes/Ambiance/gtk-3.0/assets/entry.png': Unrecognised image file format

(system-crash-notification:7193): Gtk-WARNING **: Error loading image 'file:///usr/share/themes/Ambiance/gtk-3.0/assets/entry-disabled.png': Unrecognised image file format

(system-crash-notification:7193): Gtk-WARNING **: Error loading image 'file:///usr/share/themes/Ambiance/gtk-3.0/assets/button.png': Unrecognised image file format

(system-crash-notification:7193): Gtk-WARNING **: Error loading image 'file:///usr/share/themes/Ambiance/gtk-3.0/assets/button-default.png': Unrecognised image file format

(system-crash-notification:7193): Gtk-WARNING **: Error loading image 'file:///usr/share/themes/Ambiance/gtk-3.0/assets/entry.png': Unrecognised image file format

(system-crash-notification:7193): Gtk-WARNING **: Error loading image 'file:///usr/share/themes/Ambiance/gtk-3.0/assets/entry-disabled.png': Unrecognised image file format

(system-crash-notification:7193): Gtk-WARNING **: Error loading image 'file:///usr/share/themes/Ambiance/gtk-3.0/assets/entry.png': Unrecognised image file format

(system-crash-notification:7193): Gtk-WARNING **: Error loading image 'file:///usr/share/themes/Ambiance/gtk-3.0/assets/entry-disabled.png': Unrecognised image file format
Tue May  2 22:35:19 IST 2017 crash report /var/crash/_usr_bin_nm-applet.112.crash detected
nm-applet
compiz
indicator-keyboard-service
indicator-sound-service

(system-crash-notification:18122): GdkPixbuf-WARNING **: Cannot open pixbuf loader module file '/usr/lib/x86_64-linux-gnu/gdk-pixbuf-2.0/2.10.0/loaders.cache': No such file or directory

This likely means that your installation is broken.
Try running the command
  gdk-pixbuf-query-loaders > /usr/lib/x86_64-linux-gnu/gdk-pixbuf-2.0/2.10.0/loaders.cache
to make things work again for the time being.

(system-crash-notification:18122): Gtk-WARNING **: Error loading image 'file:///usr/share/themes/Ambiance/gtk-3.0/assets/entry.png': Unrecognised image file format

(system-crash-notification:18122): Gtk-WARNING **: Error loading image 'file:///usr/share/themes/Ambiance/gtk-3.0/assets/entry-disabled.png': Unrecognised image file format

(system-crash-notification:18122): Gtk-WARNING **: Error loading image 'file:///usr/share/themes/Ambiance/gtk-3.0/assets/button.png': Unrecognised image file format

(system-crash-notification:18122): Gtk-WARNING **: Error loading image 'file:///usr/share/themes/Ambiance/gtk-3.0/assets/button-default.png': Unrecognised image file format

(system-crash-notification:18122): Gtk-WARNING **: Error loading image 'file:///usr/share/themes/Ambiance/gtk-3.0/assets/entry.png': Unrecognised image file format

(system-crash-notification:18122): Gtk-WARNING **: Error loading image 'file:///usr/share/themes/Ambiance/gtk-3.0/assets/entry-disabled.png': Unrecognised image file format

(system-crash-notification:18122): Gtk-WARNING **: Error loading image 'file:///usr/share/themes/Ambiance/gtk-3.0/assets/button.png': Unrecognised image file format

(system-crash-notification:18122): Gtk-WARNING **: Error loading image 'file:///usr/share/themes/Ambiance/gtk-3.0/assets/button-default.png': Unrecognised image file format

(system-crash-notification:18122): Gtk-WARNING **: Error loading image 'file:///usr/share/themes/Ambiance/gtk-3.0/assets/entry.png': Unrecognised image file format

(system-crash-notification:18122): Gtk-WARNING **: Error loading image 'file:///usr/share/themes/Ambiance/gtk-3.0/assets/entry-disabled.png': Unrecognised image file format

(system-crash-notification:18122): Gtk-WARNING **: Error loading image 'file:///usr/share/themes/Ambiance/gtk-3.0/assets/button.png': Unrecognised image file format

(system-crash-notification:18122): Gtk-WARNING **: Error loading image 'file:///usr/share/themes/Ambiance/gtk-3.0/assets/button-default.png': Unrecognised image file format

(system-crash-notification:18122): Gtk-WARNING **: Error loading image 'file:///usr/share/themes/Ambiance/gtk-3.0/assets/entry.png': Unrecognised image file format

(system-crash-notification:18122): Gtk-WARNING **: Error loading image 'file:///usr/share/themes/Ambiance/gtk-3.0/assets/entry-disabled.png': Unrecognised image file format

(system-crash-notification:18122): Gtk-WARNING **: Error loading image 'file:///usr/share/themes/Ambiance/gtk-3.0/assets/entry.png': Unrecognised image file format

(system-crash-notification:18122): Gtk-WARNING **: Error loading image 'file:///usr/share/themes/Ambiance/gtk-3.0/assets/entry-disabled.png': Unrecognised image file format

(system-crash-notification:18122): Gtk-WARNING **: Error loading image 'file:///usr/share/themes/Ambiance/gtk-3.0/assets/entry.png': Unrecognised image file format

(system-crash-notification:18122): Gtk-WARNING **: Error loading image 'file:///usr/share/themes/Ambiance/gtk-3.0/assets/entry-disabled.png': Unrecognised image file format

(system-crash-notification:18122): Gtk-WARNING **: Error loading image 'file:///usr/share/themes/Ambiance/gtk-3.0/assets/button.png': Unrecognised image file format

(system-crash-notification:18122): Gtk-WARNING **: Error loading image 'file:///usr/share/themes/Ambiance/gtk-3.0/assets/button-default.png': Unrecognised image file format

(system-crash-notification:18122): Gtk-WARNING **: Error loading image 'file:///usr/share/themes/Ambiance/gtk-3.0/assets/entry.png': Unrecognised image file format

(system-crash-notification:18122): Gtk-WARNING **: Error loading image 'file:///usr/share/themes/Ambiance/gtk-3.0/assets/entry-disabled.png': Unrecognised image file format
Tue May  2 22:35:39 IST 2017 crash report /var/crash/_usr_bin_nm-applet.112.crash detected
nm-applet
compiz
indicator-keyboard-service
indicator-sound-service

(system-crash-notification:19333): GdkPixbuf-WARNING **: Cannot open pixbuf loader module file '/usr/lib/x86_64-linux-gnu/gdk-pixbuf-2.0/2.10.0/loaders.cache': No such file or directory

This likely means that your installation is broken.
Try running the command
  gdk-pixbuf-query-loaders > /usr/lib/x86_64-linux-gnu/gdk-pixbuf-2.0/2.10.0/loaders.cache
to make things work again for the time being.

(system-crash-notification:19333): Gtk-WARNING **: Error loading image 'file:///usr/share/themes/Ambiance/gtk-3.0/assets/entry.png': Unrecognised image file format

(system-crash-notification:19333): Gtk-WARNING **: Error loading image 'file:///usr/share/themes/Ambiance/gtk-3.0/assets/entry-disabled.png': Unrecognised image file format

(system-crash-notification:19333): Gtk-WARNING **: Error loading image 'file:///usr/share/themes/Ambiance/gtk-3.0/assets/button.png': Unrecognised image file format

(system-crash-notification:19333): Gtk-WARNING **: Error loading image 'file:///usr/share/themes/Ambiance/gtk-3.0/assets/button-default.png': Unrecognised image file format

(system-crash-notification:19333): Gtk-WARNING **: Error loading image 'file:///usr/share/themes/Ambiance/gtk-3.0/assets/entry.png': Unrecognised image file format

(system-crash-notification:19333): Gtk-WARNING **: Error loading image 'file:///usr/share/themes/Ambiance/gtk-3.0/assets/entry-disabled.png': Unrecognised image file format

(system-crash-notification:19333): Gtk-WARNING **: Error loading image 'file:///usr/share/themes/Ambiance/gtk-3.0/assets/button.png': Unrecognised image file format

(system-crash-notification:19333): Gtk-WARNING **: Error loading image 'file:///usr/share/themes/Ambiance/gtk-3.0/assets/button-default.png': Unrecognised image file format

(system-crash-notification:19333): Gtk-WARNING **: Error loading image 'file:///usr/share/themes/Ambiance/gtk-3.0/assets/entry.png': Unrecognised image file format

(system-crash-notification:19333): Gtk-WARNING **: Error loading image 'file:///usr/share/themes/Ambiance/gtk-3.0/assets/entry-disabled.png': Unrecognised image file format

(system-crash-notification:19333): Gtk-WARNING **: Error loading image 'file:///usr/share/themes/Ambiance/gtk-3.0/assets/button.png': Unrecognised image file format

(system-crash-notification:19333): Gtk-WARNING **: Error loading image 'file:///usr/share/themes/Ambiance/gtk-3.0/assets/button-default.png': Unrecognised image file format

(system-crash-notification:19333): Gtk-WARNING **: Error loading image 'file:///usr/share/themes/Ambiance/gtk-3.0/assets/entry.png': Unrecognised image file format

(system-crash-notification:19333): Gtk-WARNING **: Error loading image 'file:///usr/share/themes/Ambiance/gtk-3.0/assets/entry-disabled.png': Unrecognised image file format

(system-crash-notification:19333): Gtk-WARNING **: Error loading image 'file:///usr/share/themes/Ambiance/gtk-3.0/assets/entry.png': Unrecognised image file format

(system-crash-notification:19333): Gtk-WARNING **: Error loading image 'file:///usr/share/themes/Ambiance/gtk-3.0/assets/entry-disabled.png': Unrecognised image file format

(system-crash-notification:19333): Gtk-WARNING **: Error loading image 'file:///usr/share/themes/Ambiance/gtk-3.0/assets/entry.png': Unrecognised image file format

(system-crash-notification:19333): Gtk-WARNING **: Error loading image 'file:///usr/share/themes/Ambiance/gtk-3.0/assets/entry-disabled.png': Unrecognised image file format
Tue May  2 22:36:02 IST 2017 crash report /var/crash/_usr_bin_nm-applet.112.crash detected
nm-applet
compiz
indicator-keyboard-service
indicator-sound-service

(system-crash-notification:20513): GdkPixbuf-WARNING **: Cannot open pixbuf loader module file '/usr/lib/x86_64-linux-gnu/gdk-pixbuf-2.0/2.10.0/loaders.cache': No such file or directory

This likely means that your installation is broken.
Try running the command
  gdk-pixbuf-query-loaders > /usr/lib/x86_64-linux-gnu/gdk-pixbuf-2.0/2.10.0/loaders.cache
to make things work again for the time being.

(system-crash-notification:20513): Gtk-WARNING **: Error loading image 'file:///usr/share/themes/Ambiance/gtk-3.0/assets/entry.png': Unrecognised image file format

(system-crash-notification:20513): Gtk-WARNING **: Error loading image 'file:///usr/share/themes/Ambiance/gtk-3.0/assets/entry-disabled.png': Unrecognised image file format

(system-crash-notification:20513): Gtk-WARNING **: Error loading image 'file:///usr/share/themes/Ambiance/gtk-3.0/assets/button.png': Unrecognised image file format

(system-crash-notification:20513): Gtk-WARNING **: Error loading image 'file:///usr/share/themes/Ambiance/gtk-3.0/assets/button-default.png': Unrecognised image file format

(system-crash-notification:20513): Gtk-WARNING **: Error loading image 'file:///usr/share/themes/Ambiance/gtk-3.0/assets/entry.png': Unrecognised image file format

(system-crash-notification:20513): Gtk-WARNING **: Error loading image 'file:///usr/share/themes/Ambiance/gtk-3.0/assets/entry-disabled.png': Unrecognised image file format

(system-crash-notification:20513): Gtk-WARNING **: Error loading image 'file:///usr/share/themes/Ambiance/gtk-3.0/assets/button.png': Unrecognised image file format

(system-crash-notification:20513): Gtk-WARNING **: Error loading image 'file:///usr/share/themes/Ambiance/gtk-3.0/assets/button-default.png': Unrecognised image file format

(system-crash-notification:20513): Gtk-WARNING **: Error loading image 'file:///usr/share/themes/Ambiance/gtk-3.0/assets/entry.png': Unrecognised image file format

(system-crash-notification:20513): Gtk-WARNING **: Error loading image 'file:///usr/share/themes/Ambiance/gtk-3.0/assets/entry-disabled.png': Unrecognised image file format

(system-crash-notification:20513): Gtk-WARNING **: Error loading image 'file:///usr/share/themes/Ambiance/gtk-3.0/assets/button.png': Unrecognised image file format

(system-crash-notification:20513): Gtk-WARNING **: Error loading image 'file:///usr/share/themes/Ambiance/gtk-3.0/assets/button-default.png': Unrecognised image file format

(system-crash-notification:20513): Gtk-WARNING **: Error loading image 'file:///usr/share/themes/Ambiance/gtk-3.0/assets/entry.png': Unrecognised image file format

(system-crash-notification:20513): Gtk-WARNING **: Error loading image 'file:///usr/share/themes/Ambiance/gtk-3.0/assets/entry-disabled.png': Unrecognised image file format

(system-crash-notification:20513): Gtk-WARNING **: Error loading image 'file:///usr/share/themes/Ambiance/gtk-3.0/assets/entry.png': Unrecognised image file format

(system-crash-notification:20513): Gtk-WARNING **: Error loading image 'file:///usr/share/themes/Ambiance/gtk-3.0/assets/entry-disabled.png': Unrecognised image file format

(system-crash-notification:20513): Gtk-WARNING **: Error loading image 'file:///usr/share/themes/Ambiance/gtk-3.0/assets/entry.png': Unrecognised image file format

(system-crash-notification:20513): Gtk-WARNING **: Error loading image 'file:///usr/share/themes/Ambiance/gtk-3.0/assets/entry-disabled.png': Unrecognised image file format

(system-crash-notification:20513): Gtk-WARNING **: Error loading image 'file:///usr/share/themes/Ambiance/gtk-3.0/assets/entry.png': Unrecognised image file format

(system-crash-notification:20513): Gtk-WARNING **: Error loading image 'file:///usr/share/themes/Ambiance/gtk-3.0/assets/entry-disabled.png': Unrecognised image file format

(system-crash-notification:20513): Gtk-WARNING **: Error loading image 'file:///usr/share/themes/Ambiance/gtk-3.0/assets/button.png': Unrecognised image file format

(system-crash-notification:20513): Gtk-WARNING **: Error loading image 'file:///usr/share/themes/Ambiance/gtk-3.0/assets/button-default.png': Unrecognised image file format
Tue May  2 22:42:25 IST 2017 crash report /var/crash/_usr_bin_nm-applet.112.crash detected
nm-applet
compiz
indicator-keyboard-service
indicator-sound-service

(system-crash-notification:21729): GdkPixbuf-WARNING **: Cannot open pixbuf loader module file '/usr/lib/x86_64-linux-gnu/gdk-pixbuf-2.0/2.10.0/loaders.cache': No such file or directory

This likely means that your installation is broken.
Try running the command
  gdk-pixbuf-query-loaders > /usr/lib/x86_64-linux-gnu/gdk-pixbuf-2.0/2.10.0/loaders.cache
to make things work again for the time being.

(system-crash-notification:21729): Gtk-WARNING **: Error loading image 'file:///usr/share/themes/Ambiance/gtk-3.0/assets/entry.png': Unrecognised image file format

(system-crash-notification:21729): Gtk-WARNING **: Error loading image 'file:///usr/share/themes/Ambiance/gtk-3.0/assets/entry-disabled.png': Unrecognised image file format

(system-crash-notification:21729): Gtk-WARNING **: Error loading image 'file:///usr/share/themes/Ambiance/gtk-3.0/assets/button.png': Unrecognised image file format

(system-crash-notification:21729): Gtk-WARNING **: Error loading image 'file:///usr/share/themes/Ambiance/gtk-3.0/assets/button-default.png': Unrecognised image file format

(system-crash-notification:21729): Gtk-WARNING **: Error loading image 'file:///usr/share/themes/Ambiance/gtk-3.0/assets/entry.png': Unrecognised image file format

(system-crash-notification:21729): Gtk-WARNING **: Error loading image 'file:///usr/share/themes/Ambiance/gtk-3.0/assets/entry-disabled.png': Unrecognised image file format

(system-crash-notification:21729): Gtk-WARNING **: Error loading image 'file:///usr/share/themes/Ambiance/gtk-3.0/assets/button.png': Unrecognised image file format

(system-crash-notification:21729): Gtk-WARNING **: Error loading image 'file:///usr/share/themes/Ambiance/gtk-3.0/assets/button-default.png': Unrecognised image file format

(system-crash-notification:21729): Gtk-WARNING **: Error loading image 'file:///usr/share/themes/Ambiance/gtk-3.0/assets/entry.png': Unrecognised image file format

(system-crash-notification:21729): Gtk-WARNING **: Error loading image 'file:///usr/share/themes/Ambiance/gtk-3.0/assets/entry-disabled.png': Unrecognised image file format

(system-crash-notification:21729): Gtk-WARNING **: Error loading image 'file:///usr/share/themes/Ambiance/gtk-3.0/assets/button.png': Unrecognised image file format

(system-crash-notification:21729): Gtk-WARNING **: Error loading image 'file:///usr/share/themes/Ambiance/gtk-3.0/assets/button-default.png': Unrecognised image file format

(system-crash-notification:21729): Gtk-WARNING **: Error loading image 'file:///usr/share/themes/Ambiance/gtk-3.0/assets/entry.png': Unrecognised image file format

(system-crash-notification:21729): Gtk-WARNING **: Error loading image 'file:///usr/share/themes/Ambiance/gtk-3.0/assets/entry-disabled.png': Unrecognised image file format

(system-crash-notification:21729): Gtk-WARNING **: Error loading image 'file:///usr/share/themes/Ambiance/gtk-3.0/assets/button.png': Unrecognised image file format

(system-crash-notification:21729): Gtk-WARNING **: Error loading image 'file:///usr/share/themes/Ambiance/gtk-3.0/assets/button-default.png': Unrecognised image file format

(system-crash-notification:21729): Gtk-WARNING **: Error loading image 'file:///usr/share/themes/Ambiance/gtk-3.0/assets/entry.png': Unrecognised image file format

(system-crash-notification:21729): Gtk-WARNING **: Error loading image 'file:///usr/share/themes/Ambiance/gtk-3.0/assets/entry-disabled.png': Unrecognised image file format
Tue May  2 22:42:58 IST 2017 crash report /var/crash/_usr_bin_nm-applet.112.crash detected
nm-applet
compiz
indicator-keyboard-service
indicator-sound-service

(system-crash-notification:23043): GdkPixbuf-WARNING **: Cannot open pixbuf loader module file '/usr/lib/x86_64-linux-gnu/gdk-pixbuf-2.0/2.10.0/loaders.cache': No such file or directory

This likely means that your installation is broken.
Try running the command
  gdk-pixbuf-query-loaders > /usr/lib/x86_64-linux-gnu/gdk-pixbuf-2.0/2.10.0/loaders.cache
to make things work again for the time being.

(system-crash-notification:23043): Gtk-WARNING **: Error loading image 'file:///usr/share/themes/Ambiance/gtk-3.0/assets/entry.png': Unrecognised image file format

(system-crash-notification:23043): Gtk-WARNING **: Error loading image 'file:///usr/share/themes/Ambiance/gtk-3.0/assets/entry-disabled.png': Unrecognised image file format

(system-crash-notification:23043): Gtk-WARNING **: Error loading image 'file:///usr/share/themes/Ambiance/gtk-3.0/assets/button.png': Unrecognised image file format

(system-crash-notification:23043): Gtk-WARNING **: Error loading image 'file:///usr/share/themes/Ambiance/gtk-3.0/assets/button-default.png': Unrecognised image file format

(system-crash-notification:23043): Gtk-WARNING **: Error loading image 'file:///usr/share/themes/Ambiance/gtk-3.0/assets/entry.png': Unrecognised image file format

(system-crash-notification:23043): Gtk-WARNING **: Error loading image 'file:///usr/share/themes/Ambiance/gtk-3.0/assets/entry-disabled.png': Unrecognised image file format

(system-crash-notification:23043): Gtk-WARNING **: Error loading image 'file:///usr/share/themes/Ambiance/gtk-3.0/assets/button.png': Unrecognised image file format

(system-crash-notification:23043): Gtk-WARNING **: Error loading image 'file:///usr/share/themes/Ambiance/gtk-3.0/assets/button-default.png': Unrecognised image file format

(system-crash-notification:23043): Gtk-WARNING **: Error loading image 'file:///usr/share/themes/Ambiance/gtk-3.0/assets/button-default-focused.png': Unrecognised image file format

(system-crash-notification:23043): Gtk-WARNING **: Error loading image 'file:///usr/share/themes/Ambiance/gtk-3.0/assets/entry.png': Unrecognised image file format

(system-crash-notification:23043): Gtk-WARNING **: Error loading image 'file:///usr/share/themes/Ambiance/gtk-3.0/assets/entry-disabled.png': Unrecognised image file format

(system-crash-notification:23043): Gtk-WARNING **: Error loading image 'file:///usr/share/themes/Ambiance/gtk-3.0/assets/button.png': Unrecognised image file format

(system-crash-notification:23043): Gtk-WARNING **: Error loading image 'file:///usr/share/themes/Ambiance/gtk-3.0/assets/button-default-focused.png': Unrecognised image file format

(system-crash-notification:23043): Gtk-WARNING **: Error loading image 'file:///usr/share/themes/Ambiance/gtk-3.0/assets/entry.png': Unrecognised image file format

(system-crash-notification:23043): Gtk-WARNING **: Error loading image 'file:///usr/share/themes/Ambiance/gtk-3.0/assets/entry-disabled.png': Unrecognised image file format

(system-crash-notification:23043): Gtk-WARNING **: Error loading image 'file:///usr/share/themes/Ambiance/gtk-3.0/assets/entry.png': Unrecognised image file format

(system-crash-notification:23043): Gtk-WARNING **: Error loading image 'file:///usr/share/themes/Ambiance/gtk-3.0/assets/entry-disabled.png': Unrecognised image file format

(system-crash-notification:23043): Gtk-WARNING **: Error loading image 'file:///usr/share/themes/Ambiance/gtk-3.0/assets/entry.png': Unrecognised image file format

(system-crash-notification:23043): Gtk-WARNING **: Error loading image 'file:///usr/share/themes/Ambiance/gtk-3.0/assets/entry-disabled.png': Unrecognised image file format

(system-crash-notification:23043): Gtk-WARNING **: Error loading image 'file:///usr/share/themes/Ambiance/gtk-3.0/assets/button.png': Unrecognised image file format

(system-crash-notification:23043): Gtk-WARNING **: Error loading image 'file:///usr/share/themes/Ambiance/gtk-3.0/assets/button-default.png': Unrecognised image file format

(system-crash-notification:23043): Gtk-WARNING **: Error loading image 'file:///usr/share/themes/Ambiance/gtk-3.0/assets/entry.png': Unrecognised image file format

(system-crash-notification:23043): Gtk-WARNING **: Error loading image 'file:///usr/share/themes/Ambiance/gtk-3.0/assets/entry-disabled.png': Unrecognised image file format

(system-crash-notification:23043): Gtk-WARNING **: Error loading image 'file:///usr/share/themes/Ambiance/gtk-3.0/assets/button.png': Unrecognised image file format

(system-crash-notification:23043): Gtk-WARNING **: Error loading image 'file:///usr/share/themes/Ambiance/gtk-3.0/assets/button-default.png': Unrecognised image file format
Tue May  2 22:44:10 IST 2017 crash report /var/crash/_usr_bin_nm-applet.112.crash detected
nm-applet
compiz
indicator-keyboard-service
indicator-sound-service

(system-crash-notification:24408): GdkPixbuf-WARNING **: Cannot open pixbuf loader module file '/usr/lib/x86_64-linux-gnu/gdk-pixbuf-2.0/2.10.0/loaders.cache': No such file or directory

This likely means that your installation is broken.
Try running the command
  gdk-pixbuf-query-loaders > /usr/lib/x86_64-linux-gnu/gdk-pixbuf-2.0/2.10.0/loaders.cache
to make things work again for the time being.

(system-crash-notification:24408): Gtk-WARNING **: Error loading image 'file:///usr/share/themes/Ambiance/gtk-3.0/assets/entry.png': Unrecognised image file format

(system-crash-notification:24408): Gtk-WARNING **: Error loading image 'file:///usr/share/themes/Ambiance/gtk-3.0/assets/entry-disabled.png': Unrecognised image file format

(system-crash-notification:24408): Gtk-WARNING **: Error loading image 'file:///usr/share/themes/Ambiance/gtk-3.0/assets/button.png': Unrecognised image file format

(system-crash-notification:24408): Gtk-WARNING **: Error loading image 'file:///usr/share/themes/Ambiance/gtk-3.0/assets/button-default.png': Unrecognised image file format

(system-crash-notification:24408): Gtk-WARNING **: Error loading image 'file:///usr/share/themes/Ambiance/gtk-3.0/assets/entry.png': Unrecognised image file format

(system-crash-notification:24408): Gtk-WARNING **: Error loading image 'file:///usr/share/themes/Ambiance/gtk-3.0/assets/entry-disabled.png': Unrecognised image file format

(system-crash-notification:24408): Gtk-WARNING **: Error loading image 'file:///usr/share/themes/Ambiance/gtk-3.0/assets/button.png': Unrecognised image file format

(system-crash-notification:24408): Gtk-WARNING **: Error loading image 'file:///usr/share/themes/Ambiance/gtk-3.0/assets/button-default.png': Unrecognised image file format

(system-crash-notification:24408): Gtk-WARNING **: Error loading image 'file:///usr/share/themes/Ambiance/gtk-3.0/assets/entry.png': Unrecognised image file format

(system-crash-notification:24408): Gtk-WARNING **: Error loading image 'file:///usr/share/themes/Ambiance/gtk-3.0/assets/entry-disabled.png': Unrecognised image file format

(system-crash-notification:24408): Gtk-WARNING **: Error loading image 'file:///usr/share/themes/Ambiance/gtk-3.0/assets/button.png': Unrecognised image file format

(system-crash-notification:24408): Gtk-WARNING **: Error loading image 'file:///usr/share/themes/Ambiance/gtk-3.0/assets/button-default.png': Unrecognised image file format

(system-crash-notification:24408): Gtk-WARNING **: Error loading image 'file:///usr/share/themes/Ambiance/gtk-3.0/assets/entry.png': Unrecognised image file format

(system-crash-notification:24408): Gtk-WARNING **: Error loading image 'file:///usr/share/themes/Ambiance/gtk-3.0/assets/entry-disabled.png': Unrecognised image file format

(system-crash-notification:24408): Gtk-WARNING **: Error loading image 'file:///usr/share/themes/Ambiance/gtk-3.0/assets/entry.png': Unrecognised image file format

(system-crash-notification:24408): Gtk-WARNING **: Error loading image 'file:///usr/share/themes/Ambiance/gtk-3.0/assets/entry-disabled.png': Unrecognised image file format
Tue May  2 22:47:02 IST 2017 crash report /var/crash/_usr_bin_nm-applet.112.crash detected
nm-applet
compiz
indicator-keyboard-service
indicator-sound-service

(system-crash-notification:25607): GdkPixbuf-WARNING **: Cannot open pixbuf loader module file '/usr/lib/x86_64-linux-gnu/gdk-pixbuf-2.0/2.10.0/loaders.cache': No such file or directory

This likely means that your installation is broken.
Try running the command
  gdk-pixbuf-query-loaders > /usr/lib/x86_64-linux-gnu/gdk-pixbuf-2.0/2.10.0/loaders.cache
to make things work again for the time being.

(system-crash-notification:25607): Gtk-WARNING **: Error loading image 'file:///usr/share/themes/Ambiance/gtk-3.0/assets/entry.png': Unrecognised image file format

(system-crash-notification:25607): Gtk-WARNING **: Error loading image 'file:///usr/share/themes/Ambiance/gtk-3.0/assets/entry-disabled.png': Unrecognised image file format

(system-crash-notification:25607): Gtk-WARNING **: Error loading image 'file:///usr/share/themes/Ambiance/gtk-3.0/assets/button.png': Unrecognised image file format

(system-crash-notification:25607): Gtk-WARNING **: Error loading image 'file:///usr/share/themes/Ambiance/gtk-3.0/assets/button-default.png': Unrecognised image file format

(system-crash-notification:25607): Gtk-WARNING **: Error loading image 'file:///usr/share/themes/Ambiance/gtk-3.0/assets/entry.png': Unrecognised image file format

(system-crash-notification:25607): Gtk-WARNING **: Error loading image 'file:///usr/share/themes/Ambiance/gtk-3.0/assets/entry-disabled.png': Unrecognised image file format

(system-crash-notification:25607): Gtk-WARNING **: Error loading image 'file:///usr/share/themes/Ambiance/gtk-3.0/assets/button.png': Unrecognised image file format

(system-crash-notification:25607): Gtk-WARNING **: Error loading image 'file:///usr/share/themes/Ambiance/gtk-3.0/assets/button-default.png': Unrecognised image file format

(system-crash-notification:25607): Gtk-WARNING **: Error loading image 'file:///usr/share/themes/Ambiance/gtk-3.0/assets/entry.png': Unrecognised image file format

(system-crash-notification:25607): Gtk-WARNING **: Error loading image 'file:///usr/share/themes/Ambiance/gtk-3.0/assets/entry-disabled.png': Unrecognised image file format

(system-crash-notification:25607): Gtk-WARNING **: Error loading image 'file:///usr/share/themes/Ambiance/gtk-3.0/assets/button.png': Unrecognised image file format

(system-crash-notification:25607): Gtk-WARNING **: Error loading image 'file:///usr/share/themes/Ambiance/gtk-3.0/assets/button-default.png': Unrecognised image file format

(system-crash-notification:25607): Gtk-WARNING **: Error loading image 'file:///usr/share/themes/Ambiance/gtk-3.0/assets/entry.png': Unrecognised image file format

(system-crash-notification:25607): Gtk-WARNING **: Error loading image 'file:///usr/share/themes/Ambiance/gtk-3.0/assets/entry-disabled.png': Unrecognised image file format

(system-crash-notification:25607): Gtk-WARNING **: Error loading image 'file:///usr/share/themes/Ambiance/gtk-3.0/assets/entry.png': Unrecognised image file format

(system-crash-notification:25607): Gtk-WARNING **: Error loading image 'file:///usr/share/themes/Ambiance/gtk-3.0/assets/entry-disabled.png': Unrecognised image file format

(system-crash-notification:25607): Gtk-WARNING **: Error loading image 'file:///usr/share/themes/Ambiance/gtk-3.0/assets/entry.png': Unrecognised image file format

(system-crash-notification:25607): Gtk-WARNING **: Error loading image 'file:///usr/share/themes/Ambiance/gtk-3.0/assets/entry-disabled.png': Unrecognised image file format

(system-crash-notification:25607): Gtk-WARNING **: Error loading image 'file:///usr/share/themes/Ambiance/gtk-3.0/assets/button.png': Unrecognised image file format

(system-crash-notification:25607): Gtk-WARNING **: Error loading image 'file:///usr/share/themes/Ambiance/gtk-3.0/assets/button-default.png': Unrecognised image file format

(system-crash-notification:25607): Gtk-WARNING **: Error loading image 'file:///usr/share/themes/Ambiance/gtk-3.0/assets/entry.png': Unrecognised image file format

(system-crash-notification:25607): Gtk-WARNING **: Error loading image 'file:///usr/share/themes/Ambiance/gtk-3.0/assets/entry-disabled.png': Unrecognised image file format
Tue May  2 22:49:20 IST 2017 crash report /var/crash/_usr_bin_nm-applet.112.crash detected
nm-applet
compiz
indicator-keyboard-service
indicator-sound-service

(system-crash-notification:26949): GdkPixbuf-WARNING **: Cannot open pixbuf loader module file '/usr/lib/x86_64-linux-gnu/gdk-pixbuf-2.0/2.10.0/loaders.cache': No such file or directory

This likely means that your installation is broken.
Try running the command
  gdk-pixbuf-query-loaders > /usr/lib/x86_64-linux-gnu/gdk-pixbuf-2.0/2.10.0/loaders.cache
to make things work again for the time being.

(system-crash-notification:26949): Gtk-WARNING **: Error loading image 'file:///usr/share/themes/Ambiance/gtk-3.0/assets/entry.png': Unrecognised image file format

(system-crash-notification:26949): Gtk-WARNING **: Error loading image 'file:///usr/share/themes/Ambiance/gtk-3.0/assets/entry-disabled.png': Unrecognised image file format

(system-crash-notification:26949): Gtk-WARNING **: Error loading image 'file:///usr/share/themes/Ambiance/gtk-3.0/assets/button.png': Unrecognised image file format

(system-crash-notification:26949): Gtk-WARNING **: Error loading image 'file:///usr/share/themes/Ambiance/gtk-3.0/assets/button-default.png': Unrecognised image file format

(system-crash-notification:26949): Gtk-WARNING **: Error loading image 'file:///usr/share/themes/Ambiance/gtk-3.0/assets/entry.png': Unrecognised image file format

(system-crash-notification:26949): Gtk-WARNING **: Error loading image 'file:///usr/share/themes/Ambiance/gtk-3.0/assets/entry-disabled.png': Unrecognised image file format

(system-crash-notification:26949): Gtk-WARNING **: Error loading image 'file:///usr/share/themes/Ambiance/gtk-3.0/assets/button.png': Unrecognised image file format

(system-crash-notification:26949): Gtk-WARNING **: Error loading image 'file:///usr/share/themes/Ambiance/gtk-3.0/assets/button-default.png': Unrecognised image file format

(system-crash-notification:26949): Gtk-WARNING **: Error loading image 'file:///usr/share/themes/Ambiance/gtk-3.0/assets/entry.png': Unrecognised image file format

(system-crash-notification:26949): Gtk-WARNING **: Error loading image 'file:///usr/share/themes/Ambiance/gtk-3.0/assets/entry-disabled.png': Unrecognised image file format

(system-crash-notification:26949): Gtk-WARNING **: Error loading image 'file:///usr/share/themes/Ambiance/gtk-3.0/assets/button.png': Unrecognised image file format

(system-crash-notification:26949): Gtk-WARNING **: Error loading image 'file:///usr/share/themes/Ambiance/gtk-3.0/assets/button-default.png': Unrecognised image file format

(system-crash-notification:26949): Gtk-WARNING **: Error loading image 'file:///usr/share/themes/Ambiance/gtk-3.0/assets/entry.png': Unrecognised image file format

(system-crash-notification:26949): Gtk-WARNING **: Error loading image 'file:///usr/share/themes/Ambiance/gtk-3.0/assets/entry-disabled.png': Unrecognised image file format

(system-crash-notification:26949): Gtk-WARNING **: Error loading image 'file:///usr/share/themes/Ambiance/gtk-3.0/assets/entry.png': Unrecognised image file format

(system-crash-notification:26949): Gtk-WARNING **: Error loading image 'file:///usr/share/themes/Ambiance/gtk-3.0/assets/entry-disabled.png': Unrecognised image file format

(system-crash-notification:26949): Gtk-WARNING **: Error loading image 'file:///usr/share/themes/Ambiance/gtk-3.0/assets/entry.png': Unrecognised image file format

(system-crash-notification:26949): Gtk-WARNING **: Error loading image 'file:///usr/share/themes/Ambiance/gtk-3.0/assets/entry-disabled.png': Unrecognised image file format

(system-crash-notification:26949): Gtk-WARNING **: Error loading image 'file:///usr/share/themes/Ambiance/gtk-3.0/assets/entry.png': Unrecognised image file format

(system-crash-notification:26949): Gtk-WARNING **: Error loading image 'file:///usr/share/themes/Ambiance/gtk-3.0/assets/entry-disabled.png': Unrecognised image file format
Tue May  2 22:50:31 IST 2017 crash report /var/crash/_usr_bin_nm-applet.112.crash detected
nm-applet
compiz
nm-applet
indicator-keyboard-service
indicator-sound-service

(system-crash-notification:29506): GdkPixbuf-WARNING **: Cannot open pixbuf loader module file '/usr/lib/x86_64-linux-gnu/gdk-pixbuf-2.0/2.10.0/loaders.cache': No such file or directory

This likely means that your installation is broken.
Try running the command
  gdk-pixbuf-query-loaders > /usr/lib/x86_64-linux-gnu/gdk-pixbuf-2.0/2.10.0/loaders.cache
to make things work again for the time being.

(system-crash-notification:29506): Gtk-WARNING **: Error loading image 'file:///usr/share/themes/Ambiance/gtk-3.0/assets/entry.png': Unrecognised image file format

(system-crash-notification:29506): Gtk-WARNING **: Error loading image 'file:///usr/share/themes/Ambiance/gtk-3.0/assets/entry-disabled.png': Unrecognised image file format

(system-crash-notification:29506): Gtk-WARNING **: Error loading image 'file:///usr/share/themes/Ambiance/gtk-3.0/assets/button.png': Unrecognised image file format

(system-crash-notification:29506): Gtk-WARNING **: Error loading image 'file:///usr/share/themes/Ambiance/gtk-3.0/assets/button-default.png': Unrecognised image file format

(system-crash-notification:29506): Gtk-WARNING **: Error loading image 'file:///usr/share/themes/Ambiance/gtk-3.0/assets/entry.png': Unrecognised image file format

(system-crash-notification:29506): Gtk-WARNING **: Error loading image 'file:///usr/share/themes/Ambiance/gtk-3.0/assets/entry-disabled.png': Unrecognised image file format

(system-crash-notification:29506): Gtk-WARNING **: Error loading image 'file:///usr/share/themes/Ambiance/gtk-3.0/assets/button.png': Unrecognised image file format

(system-crash-notification:29506): Gtk-WARNING **: Error loading image 'file:///usr/share/themes/Ambiance/gtk-3.0/assets/button-default.png': Unrecognised image file format

(system-crash-notification:29506): Gtk-WARNING **: Error loading image 'file:///usr/share/themes/Ambiance/gtk-3.0/assets/entry.png': Unrecognised image file format

(system-crash-notification:29506): Gtk-WARNING **: Error loading image 'file:///usr/share/themes/Ambiance/gtk-3.0/assets/entry-disabled.png': Unrecognised image file format

(system-crash-notification:29506): Gtk-WARNING **: Error loading image 'file:///usr/share/themes/Ambiance/gtk-3.0/assets/button.png': Unrecognised image file format

(system-crash-notification:29506): Gtk-WARNING **: Error loading image 'file:///usr/share/themes/Ambiance/gtk-3.0/assets/button-default.png': Unrecognised image file format

(system-crash-notification:29506): Gtk-WARNING **: Error loading image 'file:///usr/share/themes/Ambiance/gtk-3.0/assets/entry.png': Unrecognised image file format

(system-crash-notification:29506): Gtk-WARNING **: Error loading image 'file:///usr/share/themes/Ambiance/gtk-3.0/assets/entry-disabled.png': Unrecognised image file format

(system-crash-notification:29506): Gtk-WARNING **: Error loading image 'file:///usr/share/themes/Ambiance/gtk-3.0/assets/button.png': Unrecognised image file format

(system-crash-notification:29506): Gtk-WARNING **: Error loading image 'file:///usr/share/themes/Ambiance/gtk-3.0/assets/button-default.png': Unrecognised image file format
                                                                                                                                                                                                                                                                                                                                                                                                                                                                                                                                                                                                                                                                                                                                                                                                                                                                                                                                                                                                                                                                                                                                                                                                                                                                                                                                                                                                                                                                                                                                                                                                                                                                                                                                                                                                                                                                                                                                                                                                                                                                                                                                                                                                                                                                                                                                                                                                                             Tue May  2 22:56:28 IST 2017 crash report /var/crash/_usr_bin_nm-applet.112.crash detected
nm-applet
compiz
nm-applet
indicator-keyboard-service
indicator-sound-service

** (system-crash-notification:1805): WARNING **: Couldn't connect to accessibility bus: Failed to connect to socket /tmp/dbus-64tpE8Kj8I: Connection refused

(system-crash-notification:1805): GdkPixbuf-WARNING **: Cannot open pixbuf loader module file '/usr/lib/x86_64-linux-gnu/gdk-pixbuf-2.0/2.10.0/loaders.cache': No such file or directory

This likely means that your installation is broken.
Try running the command
  gdk-pixbuf-query-loaders > /usr/lib/x86_64-linux-gnu/gdk-pixbuf-2.0/2.10.0/loaders.cache
to make things work again for the time being.

(system-crash-notification:1805): Gtk-WARNING **: Error loading image 'file:///usr/share/themes/Ambiance/gtk-3.0/assets/entry.png': Unrecognised image file format

(system-crash-notification:1805): Gtk-WARNING **: Error loading image 'file:///usr/share/themes/Ambiance/gtk-3.0/assets/entry-disabled.png': Unrecognised image file format

(system-crash-notification:1805): Gtk-WARNING **: Error loading image 'file:///usr/share/themes/Ambiance/gtk-3.0/assets/button.png': Unrecognised image file format

(system-crash-notification:1805): Gtk-WARNING **: Error loading image 'file:///usr/share/themes/Ambiance/gtk-3.0/assets/button-default.png': Unrecognised image file format

(system-crash-notification:1805): Gtk-WARNING **: Error loading image 'file:///usr/share/themes/Ambiance/gtk-3.0/assets/entry.png': Unrecognised image file format

(system-crash-notification:1805): Gtk-WARNING **: Error loading image 'file:///usr/share/themes/Ambiance/gtk-3.0/assets/entry-disabled.png': Unrecognised image file format

(system-crash-notification:1805): Gtk-WARNING **: Error loading image 'file:///usr/share/themes/Ambiance/gtk-3.0/assets/button.png': Unrecognised image file format

(system-crash-notification:1805): Gtk-WARNING **: Error loading image 'file:///usr/share/themes/Ambiance/gtk-3.0/assets/button-default.png': Unrecognised image file format

(system-crash-notification:1805): Gtk-WARNING **: Error loading image 'file:///usr/share/themes/Ambiance/gtk-3.0/assets/entry.png': Unrecognised image file format

(system-crash-notification:1805): Gtk-WARNING **: Error loading image 'file:///usr/share/themes/Ambiance/gtk-3.0/assets/entry-disabled.png': Unrecognised image file format

(system-crash-notification:1805): Gtk-WARNING **: Error loading image 'file:///usr/share/themes/Ambiance/gtk-3.0/assets/button.png': Unrecognised image file format

(system-crash-notification:1805): Gtk-WARNING **: Error loading image 'file:///usr/share/themes/Ambiance/gtk-3.0/assets/button-default.png': Unrecognised image file format

(system-crash-notification:1805): Gtk-WARNING **: Error loading image 'file:///usr/share/themes/Ambiance/gtk-3.0/assets/entry.png': Unrecognised image file format

(system-crash-notification:1805): Gtk-WARNING **: Error loading image 'file:///usr/share/themes/Ambiance/gtk-3.0/assets/entry-disabled.png': Unrecognised image file format

(system-crash-notification:1805): Gtk-WARNING **: Error loading image 'file:///usr/share/themes/Ambiance/gtk-3.0/assets/button.png': Unrecognised image file format

(system-crash-notification:1805): Gtk-WARNING **: Error loading image 'file:///usr/share/themes/Ambiance/gtk-3.0/assets/button-default.png': Unrecognised image file format

(system-crash-notification:1805): Gtk-WARNING **: Error loading image 'file:///usr/share/themes/Ambiance/gtk-3.0/assets/entry.png': Unrecognised image file format

(system-crash-notification:1805): Gtk-WARNING **: Error loading image 'file:///usr/share/themes/Ambiance/gtk-3.0/assets/entry-disabled.png': Unrecognised image file format

(system-crash-notification:1805): Gtk-WARNING **: Error loading image 'file:///usr/share/themes/Ambiance/gtk-3.0/assets/entry.png': Unrecognised image file format

(system-crash-notification:1805): Gtk-WARNING **: Error loading image 'file:///usr/share/themes/Ambiance/gtk-3.0/assets/entry-disabled.png': Unrecognised image file format

(system-crash-notification:1805): Gtk-WARNING **: Error loading image 'file:///usr/share/themes/Ambiance/gtk-3.0/assets/entry.png': Unrecognised image file format

(system-crash-notification:1805): Gtk-WARNING **: Error loading image 'file:///usr/share/themes/Ambiance/gtk-3.0/assets/entry-disabled.png': Unrecognised image file format

(system-crash-notification:1805): Gtk-WARNING **: Error loading image 'file:///usr/share/themes/Ambiance/gtk-3.0/assets/entry.png': Unrecognised image file format

(system-crash-notification:1805): Gtk-WARNING **: Error loading image 'file:///usr/share/themes/Ambiance/gtk-3.0/assets/entry-disabled.png': Unrecognised image file format

(system-crash-notification:1805): Gtk-WARNING **: Error loading image 'file:///usr/share/themes/Ambiance/gtk-3.0/assets/entry.png': Unrecognised image file format

(system-crash-notification:1805): Gtk-WARNING **: Error loading image 'file:///usr/share/themes/Ambiance/gtk-3.0/assets/entry-disabled.png': Unrecognised image file format

(system-crash-notification:1805): Gtk-WARNING **: Error loading image 'file:///usr/share/themes/Ambiance/gtk-3.0/assets/entry.png': Unrecognised image file format

(system-crash-notification:1805): Gtk-WARNING **: Error loading image 'file:///usr/share/themes/Ambiance/gtk-3.0/assets/entry-disabled.png': Unrecognised image file format

(system-crash-notification:1805): Gtk-WARNING **: Error loading image 'file:///usr/share/themes/Ambiance/gtk-3.0/assets/entry.png': Unrecognised image file format

(system-crash-notification:1805): Gtk-WARNING **: Error loading image 'file:///usr/share/themes/Ambiance/gtk-3.0/assets/entry-disabled.png': Unrecognised image file format

(system-crash-notification:1805): Gtk-WARNING **: Error loading image 'file:///usr/share/themes/Ambiance/gtk-3.0/assets/entry.png': Unrecognised image file format

(system-crash-notification:1805): Gtk-WARNING **: Error loading image 'file:///usr/share/themes/Ambiance/gtk-3.0/assets/entry-disabled.png': Unrecognised image file format

(system-crash-notification:1805): Gtk-WARNING **: Error loading image 'file:///usr/share/themes/Ambiance/gtk-3.0/assets/entry.png': Unrecognised image file format

(system-crash-notification:1805): Gtk-WARNING **: Error loading image 'file:///usr/share/themes/Ambiance/gtk-3.0/assets/entry-disabled.png': Unrecognised image file format

(system-crash-notification:1805): Gtk-WARNING **: Error loading image 'file:///usr/share/themes/Ambiance/gtk-3.0/assets/entry.png': Unrecognised image file format

(system-crash-notification:1805): Gtk-WARNING **: Error loading image 'file:///usr/share/themes/Ambiance/gtk-3.0/assets/entry-disabled.png': Unrecognised image file format

(system-crash-notification:1805): Gtk-WARNING **: Error loading image 'file:///usr/share/themes/Ambiance/gtk-3.0/assets/entry.png': Unrecognised image file format

(system-crash-notification:1805): Gtk-WARNING **: Error loading image 'file:///usr/share/themes/Ambiance/gtk-3.0/assets/entry-disabled.png': Unrecognised image file format

(system-crash-notification:1805): Gtk-WARNING **: Error loading image 'file:///usr/share/themes/Ambiance/gtk-3.0/assets/entry.png': Unrecognised image file format

(system-crash-notification:1805): Gtk-WARNING **: Error loading image 'file:///usr/share/themes/Ambiance/gtk-3.0/assets/entry-disabled.png': Unrecognised image file format

(system-crash-notification:1805): Gtk-WARNING **: Error loading image 'file:///usr/share/themes/Ambiance/gtk-3.0/assets/entry.png': Unrecognised image file format

(system-crash-notification:1805): Gtk-WARNING **: Error loading image 'file:///usr/share/themes/Ambiance/gtk-3.0/assets/entry-disabled.png': Unrecognised image file format

(system-crash-notification:1805): Gtk-WARNING **: Error loading image 'file:///usr/share/themes/Ambiance/gtk-3.0/assets/entry.png': Unrecognised image file format

(system-crash-notification:1805): Gtk-WARNING **: Error loading image 'file:///usr/share/themes/Ambiance/gtk-3.0/assets/entry-disabled.png': Unrecognised image file format

(system-crash-notification:1805): Gtk-WARNING **: Error loading image 'file:///usr/share/themes/Ambiance/gtk-3.0/assets/entry.png': Unrecognised image file format

(system-crash-notification:1805): Gtk-WARNING **: Error loading image 'file:///usr/share/themes/Ambiance/gtk-3.0/assets/entry-disabled.png': Unrecognised image file format

(system-crash-notification:1805): Gtk-WARNING **: Error loading image 'file:///usr/share/themes/Ambiance/gtk-3.0/assets/entry.png': Unrecognised image file format

(system-crash-notification:1805): Gtk-WARNING **: Error loading image 'file:///usr/share/themes/Ambiance/gtk-3.0/assets/entry-disabled.png': Unrecognised image file format

(system-crash-notification:1805): Gtk-WARNING **: Error loading image 'file:///usr/share/themes/Ambiance/gtk-3.0/assets/entry.png': Unrecognised image file format

(system-crash-notification:1805): Gtk-WARNING **: Error loading image 'file:///usr/share/themes/Ambiance/gtk-3.0/assets/entry-disabled.png': Unrecognised image file format

(system-crash-notification:1805): Gtk-WARNING **: Error loading image 'file:///usr/share/themes/Ambiance/gtk-3.0/assets/entry.png': Unrecognised image file format

(system-crash-notification:1805): Gtk-WARNING **: Error loading image 'file:///usr/share/themes/Ambiance/gtk-3.0/assets/entry-disabled.png': Unrecognised image file format

(system-crash-notification:1805): Gtk-WARNING **: Error loading image 'file:///usr/share/themes/Ambiance/gtk-3.0/assets/button.png': Unrecognised image file format

(system-crash-notification:1805): Gtk-WARNING **: Error loading image 'file:///usr/share/themes/Ambiance/gtk-3.0/assets/button-default.png': Unrecognised image file format
Tue May  2 23:47:20 IST 2017 crash report /var/crash/_usr_bin_nm-applet.112.crash detected
nm-applet
compiz
nm-applet
indicator-keyboard-service
indicator-sound-service

(system-crash-notification:6911): GdkPixbuf-WARNING **: Cannot open pixbuf loader module file '/usr/lib/x86_64-linux-gnu/gdk-pixbuf-2.0/2.10.0/loaders.cache': No such file or directory

This likely means that your installation is broken.
Try running the command
  gdk-pixbuf-query-loaders > /usr/lib/x86_64-linux-gnu/gdk-pixbuf-2.0/2.10.0/loaders.cache
to make things work again for the time being.

(system-crash-notification:6911): Gtk-WARNING **: Error loading image 'file:///usr/share/themes/Ambiance/gtk-3.0/assets/entry.png': Unrecognised image file format

(system-crash-notification:6911): Gtk-WARNING **: Error loading image 'file:///usr/share/themes/Ambiance/gtk-3.0/assets/entry-disabled.png': Unrecognised image file format

(system-crash-notification:6911): Gtk-WARNING **: Error loading image 'file:///usr/share/themes/Ambiance/gtk-3.0/assets/button.png': Unrecognised image file format

(system-crash-notification:6911): Gtk-WARNING **: Error loading image 'file:///usr/share/themes/Ambiance/gtk-3.0/assets/button-default.png': Unrecognised image file format

(system-crash-notification:6911): Gtk-WARNING **: Error loading image 'file:///usr/share/themes/Ambiance/gtk-3.0/assets/entry.png': Unrecognised image file format

(system-crash-notification:6911): Gtk-WARNING **: Error loading image 'file:///usr/share/themes/Ambiance/gtk-3.0/assets/entry-disabled.png': Unrecognised image file format

(system-crash-notification:6911): Gtk-WARNING **: Error loading image 'file:///usr/share/themes/Ambiance/gtk-3.0/assets/button.png': Unrecognised image file format

(system-crash-notification:6911): Gtk-WARNING **: Error loading image 'file:///usr/share/themes/Ambiance/gtk-3.0/assets/button-default.png': Unrecognised image file format

(system-crash-notification:6911): Gtk-WARNING **: Error loading image 'file:///usr/share/themes/Ambiance/gtk-3.0/assets/entry.png': Unrecognised image file format

(system-crash-notification:6911): Gtk-WARNING **: Error loading image 'file:///usr/share/themes/Ambiance/gtk-3.0/assets/entry-disabled.png': Unrecognised image file format

(system-crash-notification:6911): Gtk-WARNING **: Error loading image 'file:///usr/share/themes/Ambiance/gtk-3.0/assets/button.png': Unrecognised image file format

(system-crash-notification:6911): Gtk-WARNING **: Error loading image 'file:///usr/share/themes/Ambiance/gtk-3.0/assets/button-default.png': Unrecognised image file format

(system-crash-notification:6911): Gtk-WARNING **: Error loading image 'file:///usr/share/themes/Ambiance/gtk-3.0/assets/entry.png': Unrecognised image file format

(system-crash-notification:6911): Gtk-WARNING **: Error loading image 'file:///usr/share/themes/Ambiance/gtk-3.0/assets/entry-disabled.png': Unrecognised image file format

(system-crash-notification:6911): Gtk-WARNING **: Error loading image 'file:///usr/share/themes/Ambiance/gtk-3.0/assets/entry.png': Unrecognised image file format

(system-crash-notification:6911): Gtk-WARNING **: Error loading image 'file:///usr/share/themes/Ambiance/gtk-3.0/assets/entry-disabled.png': Unrecognised image file format

(system-crash-notification:6911): Gtk-WARNING **: Error loading image 'file:///usr/share/themes/Ambiance/gtk-3.0/assets/entry.png': Unrecognised image file format

(system-crash-notification:6911): Gtk-WARNING **: Error loading image 'file:///usr/share/themes/Ambiance/gtk-3.0/assets/entry-disabled.png': Unrecognised image file format

(system-crash-notification:6911): Gtk-WARNING **: Error loading image 'file:///usr/share/themes/Ambiance/gtk-3.0/assets/button.png': Unrecognised image file format

(system-crash-notification:6911): Gtk-WARNING **: Error loading image 'file:///usr/share/themes/Ambiance/gtk-3.0/assets/button-default.png': Unrecognised image file format
Tue May  2 23:47:58 IST 2017 crash report /var/crash/_usr_bin_nm-applet.112.crash detected
nm-applet
compiz
nm-applet
indicator-keyboard-service
indicator-sound-service

(system-crash-notification:8149): GdkPixbuf-WARNING **: Cannot open pixbuf loader module file '/usr/lib/x86_64-linux-gnu/gdk-pixbuf-2.0/2.10.0/loaders.cache': No such file or directory

This likely means that your installation is broken.
Try running the command
  gdk-pixbuf-query-loaders > /usr/lib/x86_64-linux-gnu/gdk-pixbuf-2.0/2.10.0/loaders.cache
to make things work again for the time being.

(system-crash-notification:8149): Gtk-WARNING **: Error loading image 'file:///usr/share/themes/Ambiance/gtk-3.0/assets/entry.png': Unrecognised image file format

(system-crash-notification:8149): Gtk-WARNING **: Error loading image 'file:///usr/share/themes/Ambiance/gtk-3.0/assets/entry-disabled.png': Unrecognised image file format

(system-crash-notification:8149): Gtk-WARNING **: Error loading image 'file:///usr/share/themes/Ambiance/gtk-3.0/assets/button.png': Unrecognised image file format

(system-crash-notification:8149): Gtk-WARNING **: Error loading image 'file:///usr/share/themes/Ambiance/gtk-3.0/assets/button-default.png': Unrecognised image file format

(system-crash-notification:8149): Gtk-WARNING **: Error loading image 'file:///usr/share/themes/Ambiance/gtk-3.0/assets/entry.png': Unrecognised image file format

(system-crash-notification:8149): Gtk-WARNING **: Error loading image 'file:///usr/share/themes/Ambiance/gtk-3.0/assets/entry-disabled.png': Unrecognised image file format

(system-crash-notification:8149): Gtk-WARNING **: Error loading image 'file:///usr/share/themes/Ambiance/gtk-3.0/assets/button.png': Unrecognised image file format

(system-crash-notification:8149): Gtk-WARNING **: Error loading image 'file:///usr/share/themes/Ambiance/gtk-3.0/assets/button-default.png': Unrecognised image file format

(system-crash-notification:8149): Gtk-WARNING **: Error loading image 'file:///usr/share/themes/Ambiance/gtk-3.0/assets/button-default-focused.png': Unrecognised image file format

(system-crash-notification:8149): Gtk-WARNING **: Error loading image 'file:///usr/share/themes/Ambiance/gtk-3.0/assets/entry.png': Unrecognised image file format

(system-crash-notification:8149): Gtk-WARNING **: Error loading image 'file:///usr/share/themes/Ambiance/gtk-3.0/assets/entry-disabled.png': Unrecognised image file format

(system-crash-notification:8149): Gtk-WARNING **: Error loading image 'file:///usr/share/themes/Ambiance/gtk-3.0/assets/button.png': Unrecognised image file format

(system-crash-notification:8149): Gtk-WARNING **: Error loading image 'file:///usr/share/themes/Ambiance/gtk-3.0/assets/button-default-focused.png': Unrecognised image file format

(system-crash-notification:8149): Gtk-WARNING **: Error loading image 'file:///usr/share/themes/Ambiance/gtk-3.0/assets/entry.png': Unrecognised image file format

(system-crash-notification:8149): Gtk-WARNING **: Error loading image 'file:///usr/share/themes/Ambiance/gtk-3.0/assets/entry-disabled.png': Unrecognised image file format

(system-crash-notification:8149): Gtk-WARNING **: Error loading image 'file:///usr/share/themes/Ambiance/gtk-3.0/assets/entry.png': Unrecognised image file format

(system-crash-notification:8149): Gtk-WARNING **: Error loading image 'file:///usr/share/themes/Ambiance/gtk-3.0/assets/entry-disabled.png': Unrecognised image file format
                                                                                                                                                                                                                                                                                                                                                                                                                                                                                                                                                                                                                                                                                                                                                                                                                                                                                                                                                                                                                                                                                                                                                                                                                                                                                                                                                                                                                                                                                                                                                                                                                                                                                                                                                                                                                                                                                                                                                                                                                                                                                                                                                                                                                                                                                                                                                                                                                                                                                                                                                                                                                                                                                                                                                                                                                                                                                                                                                                                                                                                                                                                                                  Wed May  3 01:38:49 IST 2017 crash report /var/crash/_usr_bin_nm-applet.112.crash detected
nm-applet
compiz
nm-applet
indicator-keyboard-service
indicator-sound-service

(system-crash-notification:1828): GdkPixbuf-WARNING **: Cannot open pixbuf loader module file '/usr/lib/x86_64-linux-gnu/gdk-pixbuf-2.0/2.10.0/loaders.cache': No such file or directory

This likely means that your installation is broken.
Try running the command
  gdk-pixbuf-query-loaders > /usr/lib/x86_64-linux-gnu/gdk-pixbuf-2.0/2.10.0/loaders.cache
to make things work again for the time being.

(system-crash-notification:1828): Gtk-WARNING **: Error loading image 'file:///usr/share/themes/Ambiance/gtk-3.0/assets/entry.png': Unrecognised image file format

(system-crash-notification:1828): Gtk-WARNING **: Error loading image 'file:///usr/share/themes/Ambiance/gtk-3.0/assets/entry-disabled.png': Unrecognised image file format

(system-crash-notification:1828): Gtk-WARNING **: Error loading image 'file:///usr/share/themes/Ambiance/gtk-3.0/assets/button.png': Unrecognised image file format

(system-crash-notification:1828): Gtk-WARNING **: Error loading image 'file:///usr/share/themes/Ambiance/gtk-3.0/assets/button-default.png': Unrecognised image file format

(system-crash-notification:1828): Gtk-WARNING **: Error loading image 'file:///usr/share/themes/Ambiance/gtk-3.0/assets/entry.png': Unrecognised image file format

(system-crash-notification:1828): Gtk-WARNING **: Error loading image 'file:///usr/share/themes/Ambiance/gtk-3.0/assets/entry-disabled.png': Unrecognised image file format

(system-crash-notification:1828): Gtk-WARNING **: Error loading image 'file:///usr/share/themes/Ambiance/gtk-3.0/assets/button.png': Unrecognised image file format

(system-crash-notification:1828): Gtk-WARNING **: Error loading image 'file:///usr/share/themes/Ambiance/gtk-3.0/assets/button-default.png': Unrecognised image file format

(system-crash-notification:1828): Gtk-WARNING **: Error loading image 'file:///usr/share/themes/Ambiance/gtk-3.0/assets/entry.png': Unrecognised image file format

(system-crash-notification:1828): Gtk-WARNING **: Error loading image 'file:///usr/share/themes/Ambiance/gtk-3.0/assets/entry-disabled.png': Unrecognised image file format

(system-crash-notification:1828): Gtk-WARNING **: Error loading image 'file:///usr/share/themes/Ambiance/gtk-3.0/assets/button.png': Unrecognised image file format

(system-crash-notification:1828): Gtk-WARNING **: Error loading image 'file:///usr/share/themes/Ambiance/gtk-3.0/assets/button-default.png': Unrecognised image file format

(system-crash-notification:1828): Gtk-WARNING **: Error loading image 'file:///usr/share/themes/Ambiance/gtk-3.0/assets/entry.png': Unrecognised image file format

(system-crash-notification:1828): Gtk-WARNING **: Error loading image 'file:///usr/share/themes/Ambiance/gtk-3.0/assets/entry-disabled.png': Unrecognised image file format

(system-crash-notification:1828): Gtk-WARNING **: Error loading image 'file:///usr/share/themes/Ambiance/gtk-3.0/assets/button.png': Unrecognised image file format

(system-crash-notification:1828): Gtk-WARNING **: Error loading image 'file:///usr/share/themes/Ambiance/gtk-3.0/assets/button-default.png': Unrecognised image file format

(system-crash-notification:1828): Gtk-WARNING **: Error loading image 'file:///usr/share/themes/Ambiance/gtk-3.0/assets/entry.png': Unrecognised image file format

(system-crash-notification:1828): Gtk-WARNING **: Error loading image 'file:///usr/share/themes/Ambiance/gtk-3.0/assets/entry-disabled.png': Unrecognised image file format

(system-crash-notification:1828): Gtk-WARNING **: Error loading image 'file:///usr/share/themes/Ambiance/gtk-3.0/assets/button.png': Unrecognised image file format

(system-crash-notification:1828): Gtk-WARNING **: Error loading image 'file:///usr/share/themes/Ambiance/gtk-3.0/assets/button-default.png': Unrecognised image file format

(system-crash-notification:1828): Gtk-WARNING **: Error loading image 'file:///usr/share/themes/Ambiance/gtk-3.0/assets/entry.png': Unrecognised image file format

(system-crash-notification:1828): Gtk-WARNING **: Error loading image 'file:///usr/share/themes/Ambiance/gtk-3.0/assets/entry-disabled.png': Unrecognised image file format

(system-crash-notification:1828): Gtk-WARNING **: Error loading image 'file:///usr/share/themes/Ambiance/gtk-3.0/assets/button.png': Unrecognised image file format

(system-crash-notification:1828): Gtk-WARNING **: Error loading image 'file:///usr/share/themes/Ambiance/gtk-3.0/assets/button-default.png': Unrecognised image file format

(system-crash-notification:1828): Gtk-WARNING **: Error loading image 'file:///usr/share/themes/Ambiance/gtk-3.0/assets/entry.png': Unrecognised image file format

(system-crash-notification:1828): Gtk-WARNING **: Error loading image 'file:///usr/share/themes/Ambiance/gtk-3.0/assets/entry-disabled.png': Unrecognised image file format

(system-crash-notification:1828): Gtk-WARNING **: Error loading image 'file:///usr/share/themes/Ambiance/gtk-3.0/assets/entry.png': Unrecognised image file format

(system-crash-notification:1828): Gtk-WARNING **: Error loading image 'file:///usr/share/themes/Ambiance/gtk-3.0/assets/entry-disabled.png': Unrecognised image file format

(system-crash-notification:1828): Gtk-WARNING **: Error loading image 'file:///usr/share/themes/Ambiance/gtk-3.0/assets/entry.png': Unrecognised image file format

(system-crash-notification:1828): Gtk-WARNING **: Error loading image 'file:///usr/share/themes/Ambiance/gtk-3.0/assets/entry-disabled.png': Unrecognised image file format

(system-crash-notification:1828): Gtk-WARNING **: Error loading image 'file:///usr/share/themes/Ambiance/gtk-3.0/assets/entry.png': Unrecognised image file format

(system-crash-notification:1828): Gtk-WARNING **: Error loading image 'file:///usr/share/themes/Ambiance/gtk-3.0/assets/entry-disabled.png': Unrecognised image file format

(system-crash-notification:1828): Gtk-WARNING **: Error loading image 'file:///usr/share/themes/Ambiance/gtk-3.0/assets/entry.png': Unrecognised image file format

(system-crash-notification:1828): Gtk-WARNING **: Error loading image 'file:///usr/share/themes/Ambiance/gtk-3.0/assets/entry-disabled.png': Unrecognised image file format

(system-crash-notification:1828): Gtk-WARNING **: Error loading image 'file:///usr/share/themes/Ambiance/gtk-3.0/assets/entry.png': Unrecognised image file format

(system-crash-notification:1828): Gtk-WARNING **: Error loading image 'file:///usr/share/themes/Ambiance/gtk-3.0/assets/entry-disabled.png': Unrecognised image file format

(system-crash-notification:1828): Gtk-WARNING **: Error loading image 'file:///usr/share/themes/Ambiance/gtk-3.0/assets/entry.png': Unrecognised image file format

(system-crash-notification:1828): Gtk-WARNING **: Error loading image 'file:///usr/share/themes/Ambiance/gtk-3.0/assets/entry-disabled.png': Unrecognised image file format

(system-crash-notification:1828): Gtk-WARNING **: Error loading image 'file:///usr/share/themes/Ambiance/gtk-3.0/assets/entry.png': Unrecognised image file format

(system-crash-notification:1828): Gtk-WARNING **: Error loading image 'file:///usr/share/themes/Ambiance/gtk-3.0/assets/entry-disabled.png': Unrecognised image file format

(system-crash-notification:1828): Gtk-WARNING **: Error loading image 'file:///usr/share/themes/Ambiance/gtk-3.0/assets/entry.png': Unrecognised image file format

(system-crash-notification:1828): Gtk-WARNING **: Error loading image 'file:///usr/share/themes/Ambiance/gtk-3.0/assets/entry-disabled.png': Unrecognised image file format

(system-crash-notification:1828): Gtk-WARNING **: Error loading image 'file:///usr/share/themes/Ambiance/gtk-3.0/assets/entry.png': Unrecognised image file format

(system-crash-notification:1828): Gtk-WARNING **: Error loading image 'file:///usr/share/themes/Ambiance/gtk-3.0/assets/entry-disabled.png': Unrecognised image file format

(system-crash-notification:1828): Gtk-WARNING **: Error loading image 'file:///usr/share/themes/Ambiance/gtk-3.0/assets/entry.png': Unrecognised image file format

(system-crash-notification:1828): Gtk-WARNING **: Error loading image 'file:///usr/share/themes/Ambiance/gtk-3.0/assets/entry-disabled.png': Unrecognised image file format

(system-crash-notification:1828): Gtk-WARNING **: Error loading image 'file:///usr/share/themes/Ambiance/gtk-3.0/assets/entry.png': Unrecognised image file format

(system-crash-notification:1828): Gtk-WARNING **: Error loading image 'file:///usr/share/themes/Ambiance/gtk-3.0/assets/entry-disabled.png': Unrecognised image file format

(system-crash-notification:1828): Gtk-WARNING **: Error loading image 'file:///usr/share/themes/Ambiance/gtk-3.0/assets/entry.png': Unrecognised image file format

(system-crash-notification:1828): Gtk-WARNING **: Error loading image 'file:///usr/share/themes/Ambiance/gtk-3.0/assets/entry-disabled.png': Unrecognised image file format

(system-crash-notification:1828): Gtk-WARNING **: Error loading image 'file:///usr/share/themes/Ambiance/gtk-3.0/assets/entry.png': Unrecognised image file format

(system-crash-notification:1828): Gtk-WARNING **: Error loading image 'file:///usr/share/themes/Ambiance/gtk-3.0/assets/entry-disabled.png': Unrecognised image file format

(system-crash-notification:1828): Gtk-WARNING **: Error loading image 'file:///usr/share/themes/Ambiance/gtk-3.0/assets/entry.png': Unrecognised image file format

(system-crash-notification:1828): Gtk-WARNING **: Error loading image 'file:///usr/share/themes/Ambiance/gtk-3.0/assets/entry-disabled.png': Unrecognised image file format

(system-crash-notification:1828): Gtk-WARNING **: Error loading image 'file:///usr/share/themes/Ambiance/gtk-3.0/assets/entry.png': Unrecognised image file format

(system-crash-notification:1828): Gtk-WARNING **: Error loading image 'file:///usr/share/themes/Ambiance/gtk-3.0/assets/entry-disabled.png': Unrecognised image file format

(system-crash-notification:1828): Gtk-WARNING **: Error loading image 'file:///usr/share/themes/Ambiance/gtk-3.0/assets/entry.png': Unrecognised image file format

(system-crash-notification:1828): Gtk-WARNING **: Error loading image 'file:///usr/share/themes/Ambiance/gtk-3.0/assets/entry-disabled.png': Unrecognised image file format
